<?xml version="1.0" encoding="UTF-8"?>
<!-- Generated by org.testng.reporters.JUnitReportReporter -->
<testsuite hostname="hp1" failures="0" tests="1" name="Tests.TodolistScenario" time="37.527" errors="0" timestamp="2022-09-05T10:35:17 IST" skipped="0">
  <testcase classname="Tests.TodolistScenario" name="Todolist" time="37.527"/>
  <system-out/>
</testsuite> <!-- Tests.TodolistScenario -->
