<?xml version="1.0" encoding="UTF-8"?>
<!-- Generated by org.testng.reporters.JUnitReportReporter -->
<testsuite hostname="hp1" failures="0" tests="1" name="Tests.TC_LoginTest_001" time="25.242" errors="0" timestamp="2022-10-07T15:20:03 IST" skipped="0">
  <testcase classname="Tests.TC_LoginTest_001" name="login" time="25.242"/>
  <system-out/>
</testsuite> <!-- Tests.TC_LoginTest_001 -->
