<?xml version="1.0" encoding="UTF-8"?>
<!-- Generated by org.testng.reporters.JUnitReportReporter -->
<testsuite hostname="hp1" failures="0" tests="1" name="Tests.TC_AddPrescriptionTest_008" time="34.727" errors="0" timestamp="2022-10-06T22:19:56 IST" skipped="0">
  <testcase classname="Tests.TC_AddPrescriptionTest_008" name="AddPrescription" time="34.727"/>
  <system-out/>
</testsuite> <!-- Tests.TC_AddPrescriptionTest_008 -->
