<?xml version="1.0" encoding="UTF-8"?>
<!-- Generated by org.testng.reporters.JUnitReportReporter -->
<testsuite hostname="hp1" failures="0" tests="1" name="Tests.TC_ViewPrescriptionTest_009" time="21.547" errors="0" timestamp="2022-10-07T15:00:27 IST" skipped="0">
  <testcase classname="Tests.TC_ViewPrescriptionTest_009" name="ViewPrescription" time="21.547"/>
  <system-out/>
</testsuite> <!-- Tests.TC_ViewPrescriptionTest_009 -->
