<?xml version="1.0" encoding="UTF-8"?>
<!-- Generated by org.testng.reporters.JUnitReportReporter -->
<testsuite hostname="hp1" failures="0" tests="4" name="Tests.LoginTest" time="111.796" errors="4" timestamp="2022-09-14T20:45:04 IST" skipped="0">
  <testcase classname="Tests.LoginTest" name="login" time="57.644">
    <error type="java.lang.StackOverflowError">
      <![CDATA[java.lang.StackOverflowError
at pageObjects.MyPage.getEditaccinfo(MyPage.java:22)
at pageObjects.MyPage.getEditaccinfo(MyPage.java:22)
at pageObjects.MyPage.getEditaccinfo(MyPage.java:22)
at pageObjects.MyPage.getEditaccinfo(MyPage.java:22)
at pageObjects.MyPage.getEditaccinfo(MyPage.java:22)
at pageObjects.MyPage.getEditaccinfo(MyPage.java:22)
at pageObjects.MyPage.getEditaccinfo(MyPage.java:22)
at pageObjects.MyPage.getEditaccinfo(MyPage.java:22)
at pageObjects.MyPage.getEditaccinfo(MyPage.java:22)
at pageObjects.MyPage.getEditaccinfo(MyPage.java:22)
at pageObjects.MyPage.getEditaccinfo(MyPage.java:22)
at pageObjects.MyPage.getEditaccinfo(MyPage.java:22)
at pageObjects.MyPage.getEditaccinfo(MyPage.java:22)
at pageObjects.MyPage.getEditaccinfo(MyPage.java:22)
at pageObjects.MyPage.getEditaccinfo(MyPage.java:22)
at pageObjects.MyPage.getEditaccinfo(MyPage.java:22)
at pageObjects.MyPage.getEditaccinfo(MyPage.java:22)
at pageObjects.MyPage.getEditaccinfo(MyPage.java:22)
at pageObjects.MyPage.getEditaccinfo(MyPage.java:22)
at pageObjects.MyPage.getEditaccinfo(MyPage.java:22)
at pageObjects.MyPage.getEditaccinfo(MyPage.java:22)
at pageObjects.MyPage.getEditaccinfo(MyPage.java:22)
at pageObjects.MyPage.getEditaccinfo(MyPage.java:22)
at pageObjects.MyPage.getEditaccinfo(MyPage.java:22)
at pageObjects.MyPage.getEditaccinfo(MyPage.java:22)
at pageObjects.MyPage.getEditaccinfo(MyPage.java:22)
at pageObjects.MyPage.getEditaccinfo(MyPage.java:22)
at pageObjects.MyPage.getEditaccinfo(MyPage.java:22)
at pageObjects.MyPage.getEditaccinfo(MyPage.java:22)
at pageObjects.MyPage.getEditaccinfo(MyPage.java:22)
at pageObjects.MyPage.getEditaccinfo(MyPage.java:22)
at pageObjects.MyPage.getEditaccinfo(MyPage.java:22)
at pageObjects.MyPage.getEditaccinfo(MyPage.java:22)
at pageObjects.MyPage.getEditaccinfo(MyPage.java:22)
at pageObjects.MyPage.getEditaccinfo(MyPage.java:22)
at pageObjects.MyPage.getEditaccinfo(MyPage.java:22)
at pageObjects.MyPage.getEditaccinfo(MyPage.java:22)
at pageObjects.MyPage.getEditaccinfo(MyPage.java:22)
at pageObjects.MyPage.getEditaccinfo(MyPage.java:22)
at pageObjects.MyPage.getEditaccinfo(MyPage.java:22)
at pageObjects.MyPage.getEditaccinfo(MyPage.java:22)
at pageObjects.MyPage.getEditaccinfo(MyPage.java:22)
at pageObjects.MyPage.getEditaccinfo(MyPage.java:22)
at pageObjects.MyPage.getEditaccinfo(MyPage.java:22)
at pageObjects.MyPage.getEditaccinfo(MyPage.java:22)
at pageObjects.MyPage.getEditaccinfo(MyPage.java:22)
at pageObjects.MyPage.getEditaccinfo(MyPage.java:22)
at pageObjects.MyPage.getEditaccinfo(MyPage.java:22)
at pageObjects.MyPage.getEditaccinfo(MyPage.java:22)
at pageObjects.MyPage.getEditaccinfo(MyPage.java:22)
at pageObjects.MyPage.getEditaccinfo(MyPage.java:22)
at pageObjects.MyPage.getEditaccinfo(MyPage.java:22)
at pageObjects.MyPage.getEditaccinfo(MyPage.java:22)
at pageObjects.MyPage.getEditaccinfo(MyPage.java:22)
at pageObjects.MyPage.getEditaccinfo(MyPage.java:22)
at pageObjects.MyPage.getEditaccinfo(MyPage.java:22)
at pageObjects.MyPage.getEditaccinfo(MyPage.java:22)
at pageObjects.MyPage.getEditaccinfo(MyPage.java:22)
at pageObjects.MyPage.getEditaccinfo(MyPage.java:22)
at pageObjects.MyPage.getEditaccinfo(MyPage.java:22)
at pageObjects.MyPage.getEditaccinfo(MyPage.java:22)
at pageObjects.MyPage.getEditaccinfo(MyPage.java:22)
at pageObjects.MyPage.getEditaccinfo(MyPage.java:22)
at pageObjects.MyPage.getEditaccinfo(MyPage.java:22)
at pageObjects.MyPage.getEditaccinfo(MyPage.java:22)
at pageObjects.MyPage.getEditaccinfo(MyPage.java:22)
at pageObjects.MyPage.getEditaccinfo(MyPage.java:22)
at pageObjects.MyPage.getEditaccinfo(MyPage.java:22)
at pageObjects.MyPage.getEditaccinfo(MyPage.java:22)
at pageObjects.MyPage.getEditaccinfo(MyPage.java:22)
at pageObjects.MyPage.getEditaccinfo(MyPage.java:22)
at pageObjects.MyPage.getEditaccinfo(MyPage.java:22)
at pageObjects.MyPage.getEditaccinfo(MyPage.java:22)
at pageObjects.MyPage.getEditaccinfo(MyPage.java:22)
at pageObjects.MyPage.getEditaccinfo(MyPage.java:22)
at pageObjects.MyPage.getEditaccinfo(MyPage.java:22)
at pageObjects.MyPage.getEditaccinfo(MyPage.java:22)
at pageObjects.MyPage.getEditaccinfo(MyPage.java:22)
at pageObjects.MyPage.getEditaccinfo(MyPage.java:22)
at pageObjects.MyPage.getEditaccinfo(MyPage.java:22)
at pageObjects.MyPage.getEditaccinfo(MyPage.java:22)
at pageObjects.MyPage.getEditaccinfo(MyPage.java:22)
at pageObjects.MyPage.getEditaccinfo(MyPage.java:22)
at pageObjects.MyPage.getEditaccinfo(MyPage.java:22)
at pageObjects.MyPage.getEditaccinfo(MyPage.java:22)
at pageObjects.MyPage.getEditaccinfo(MyPage.java:22)
at pageObjects.MyPage.getEditaccinfo(MyPage.java:22)
at pageObjects.MyPage.getEditaccinfo(MyPage.java:22)
at pageObjects.MyPage.getEditaccinfo(MyPage.java:22)
at pageObjects.MyPage.getEditaccinfo(MyPage.java:22)
at pageObjects.MyPage.getEditaccinfo(MyPage.java:22)
at pageObjects.MyPage.getEditaccinfo(MyPage.java:22)
at pageObjects.MyPage.getEditaccinfo(MyPage.java:22)
at pageObjects.MyPage.getEditaccinfo(MyPage.java:22)
at pageObjects.MyPage.getEditaccinfo(MyPage.java:22)
at pageObjects.MyPage.getEditaccinfo(MyPage.java:22)
at pageObjects.MyPage.getEditaccinfo(MyPage.java:22)
at pageObjects.MyPage.getEditaccinfo(MyPage.java:22)
at pageObjects.MyPage.getEditaccinfo(MyPage.java:22)
at pageObjects.MyPage.getEditaccinfo(MyPage.java:22)
at pageObjects.MyPage.getEditaccinfo(MyPage.java:22)
at pageObjects.MyPage.getEditaccinfo(MyPage.java:22)
at pageObjects.MyPage.getEditaccinfo(MyPage.java:22)
at pageObjects.MyPage.getEditaccinfo(MyPage.java:22)
at pageObjects.MyPage.getEditaccinfo(MyPage.java:22)
at pageObjects.MyPage.getEditaccinfo(MyPage.java:22)
at pageObjects.MyPage.getEditaccinfo(MyPage.java:22)
at pageObjects.MyPage.getEditaccinfo(MyPage.java:22)
at pageObjects.MyPage.getEditaccinfo(MyPage.java:22)
at pageObjects.MyPage.getEditaccinfo(MyPage.java:22)
at pageObjects.MyPage.getEditaccinfo(MyPage.java:22)
at pageObjects.MyPage.getEditaccinfo(MyPage.java:22)
at pageObjects.MyPage.getEditaccinfo(MyPage.java:22)
at pageObjects.MyPage.getEditaccinfo(MyPage.java:22)
at pageObjects.MyPage.getEditaccinfo(MyPage.java:22)
at pageObjects.MyPage.getEditaccinfo(MyPage.java:22)
at pageObjects.MyPage.getEditaccinfo(MyPage.java:22)
at pageObjects.MyPage.getEditaccinfo(MyPage.java:22)
at pageObjects.MyPage.getEditaccinfo(MyPage.java:22)
at pageObjects.MyPage.getEditaccinfo(MyPage.java:22)
at pageObjects.MyPage.getEditaccinfo(MyPage.java:22)
at pageObjects.MyPage.getEditaccinfo(MyPage.java:22)
at pageObjects.MyPage.getEditaccinfo(MyPage.java:22)
at pageObjects.MyPage.getEditaccinfo(MyPage.java:22)
at pageObjects.MyPage.getEditaccinfo(MyPage.java:22)
at pageObjects.MyPage.getEditaccinfo(MyPage.java:22)
at pageObjects.MyPage.getEditaccinfo(MyPage.java:22)
at pageObjects.MyPage.getEditaccinfo(MyPage.java:22)
at pageObjects.MyPage.getEditaccinfo(MyPage.java:22)
at pageObjects.MyPage.getEditaccinfo(MyPage.java:22)
at pageObjects.MyPage.getEditaccinfo(MyPage.java:22)
at pageObjects.MyPage.getEditaccinfo(MyPage.java:22)
at pageObjects.MyPage.getEditaccinfo(MyPage.java:22)
at pageObjects.MyPage.getEditaccinfo(MyPage.java:22)
at pageObjects.MyPage.getEditaccinfo(MyPage.java:22)
at pageObjects.MyPage.getEditaccinfo(MyPage.java:22)
at pageObjects.MyPage.getEditaccinfo(MyPage.java:22)
at pageObjects.MyPage.getEditaccinfo(MyPage.java:22)
at pageObjects.MyPage.getEditaccinfo(MyPage.java:22)
at pageObjects.MyPage.getEditaccinfo(MyPage.java:22)
at pageObjects.MyPage.getEditaccinfo(MyPage.java:22)
at pageObjects.MyPage.getEditaccinfo(MyPage.java:22)
at pageObjects.MyPage.getEditaccinfo(MyPage.java:22)
at pageObjects.MyPage.getEditaccinfo(MyPage.java:22)
at pageObjects.MyPage.getEditaccinfo(MyPage.java:22)
at pageObjects.MyPage.getEditaccinfo(MyPage.java:22)
at pageObjects.MyPage.getEditaccinfo(MyPage.java:22)
at pageObjects.MyPage.getEditaccinfo(MyPage.java:22)
at pageObjects.MyPage.getEditaccinfo(MyPage.java:22)
at pageObjects.MyPage.getEditaccinfo(MyPage.java:22)
at pageObjects.MyPage.getEditaccinfo(MyPage.java:22)
at pageObjects.MyPage.getEditaccinfo(MyPage.java:22)
at pageObjects.MyPage.getEditaccinfo(MyPage.java:22)
at pageObjects.MyPage.getEditaccinfo(MyPage.java:22)
at pageObjects.MyPage.getEditaccinfo(MyPage.java:22)
at pageObjects.MyPage.getEditaccinfo(MyPage.java:22)
at pageObjects.MyPage.getEditaccinfo(MyPage.java:22)
at pageObjects.MyPage.getEditaccinfo(MyPage.java:22)
at pageObjects.MyPage.getEditaccinfo(MyPage.java:22)
at pageObjects.MyPage.getEditaccinfo(MyPage.java:22)
at pageObjects.MyPage.getEditaccinfo(MyPage.java:22)
at pageObjects.MyPage.getEditaccinfo(MyPage.java:22)
at pageObjects.MyPage.getEditaccinfo(MyPage.java:22)
at pageObjects.MyPage.getEditaccinfo(MyPage.java:22)
at pageObjects.MyPage.getEditaccinfo(MyPage.java:22)
at pageObjects.MyPage.getEditaccinfo(MyPage.java:22)
at pageObjects.MyPage.getEditaccinfo(MyPage.java:22)
at pageObjects.MyPage.getEditaccinfo(MyPage.java:22)
at pageObjects.MyPage.getEditaccinfo(MyPage.java:22)
at pageObjects.MyPage.getEditaccinfo(MyPage.java:22)
at pageObjects.MyPage.getEditaccinfo(MyPage.java:22)
at pageObjects.MyPage.getEditaccinfo(MyPage.java:22)
at pageObjects.MyPage.getEditaccinfo(MyPage.java:22)
at pageObjects.MyPage.getEditaccinfo(MyPage.java:22)
at pageObjects.MyPage.getEditaccinfo(MyPage.java:22)
at pageObjects.MyPage.getEditaccinfo(MyPage.java:22)
at pageObjects.MyPage.getEditaccinfo(MyPage.java:22)
at pageObjects.MyPage.getEditaccinfo(MyPage.java:22)
at pageObjects.MyPage.getEditaccinfo(MyPage.java:22)
at pageObjects.MyPage.getEditaccinfo(MyPage.java:22)
at pageObjects.MyPage.getEditaccinfo(MyPage.java:22)
at pageObjects.MyPage.getEditaccinfo(MyPage.java:22)
at pageObjects.MyPage.getEditaccinfo(MyPage.java:22)
at pageObjects.MyPage.getEditaccinfo(MyPage.java:22)
at pageObjects.MyPage.getEditaccinfo(MyPage.java:22)
at pageObjects.MyPage.getEditaccinfo(MyPage.java:22)
at pageObjects.MyPage.getEditaccinfo(MyPage.java:22)
at pageObjects.MyPage.getEditaccinfo(MyPage.java:22)
at pageObjects.MyPage.getEditaccinfo(MyPage.java:22)
at pageObjects.MyPage.getEditaccinfo(MyPage.java:22)
at pageObjects.MyPage.getEditaccinfo(MyPage.java:22)
at pageObjects.MyPage.getEditaccinfo(MyPage.java:22)
at pageObjects.MyPage.getEditaccinfo(MyPage.java:22)
at pageObjects.MyPage.getEditaccinfo(MyPage.java:22)
at pageObjects.MyPage.getEditaccinfo(MyPage.java:22)
at pageObjects.MyPage.getEditaccinfo(MyPage.java:22)
at pageObjects.MyPage.getEditaccinfo(MyPage.java:22)
at pageObjects.MyPage.getEditaccinfo(MyPage.java:22)
at pageObjects.MyPage.getEditaccinfo(MyPage.java:22)
at pageObjects.MyPage.getEditaccinfo(MyPage.java:22)
at pageObjects.MyPage.getEditaccinfo(MyPage.java:22)
at pageObjects.MyPage.getEditaccinfo(MyPage.java:22)
at pageObjects.MyPage.getEditaccinfo(MyPage.java:22)
at pageObjects.MyPage.getEditaccinfo(MyPage.java:22)
at pageObjects.MyPage.getEditaccinfo(MyPage.java:22)
at pageObjects.MyPage.getEditaccinfo(MyPage.java:22)
at pageObjects.MyPage.getEditaccinfo(MyPage.java:22)
at pageObjects.MyPage.getEditaccinfo(MyPage.java:22)
at pageObjects.MyPage.getEditaccinfo(MyPage.java:22)
at pageObjects.MyPage.getEditaccinfo(MyPage.java:22)
at pageObjects.MyPage.getEditaccinfo(MyPage.java:22)
at pageObjects.MyPage.getEditaccinfo(MyPage.java:22)
at pageObjects.MyPage.getEditaccinfo(MyPage.java:22)
at pageObjects.MyPage.getEditaccinfo(MyPage.java:22)
at pageObjects.MyPage.getEditaccinfo(MyPage.java:22)
at pageObjects.MyPage.getEditaccinfo(MyPage.java:22)
at pageObjects.MyPage.getEditaccinfo(MyPage.java:22)
at pageObjects.MyPage.getEditaccinfo(MyPage.java:22)
at pageObjects.MyPage.getEditaccinfo(MyPage.java:22)
at pageObjects.MyPage.getEditaccinfo(MyPage.java:22)
at pageObjects.MyPage.getEditaccinfo(MyPage.java:22)
at pageObjects.MyPage.getEditaccinfo(MyPage.java:22)
at pageObjects.MyPage.getEditaccinfo(MyPage.java:22)
at pageObjects.MyPage.getEditaccinfo(MyPage.java:22)
at pageObjects.MyPage.getEditaccinfo(MyPage.java:22)
at pageObjects.MyPage.getEditaccinfo(MyPage.java:22)
at pageObjects.MyPage.getEditaccinfo(MyPage.java:22)
at pageObjects.MyPage.getEditaccinfo(MyPage.java:22)
at pageObjects.MyPage.getEditaccinfo(MyPage.java:22)
at pageObjects.MyPage.getEditaccinfo(MyPage.java:22)
at pageObjects.MyPage.getEditaccinfo(MyPage.java:22)
at pageObjects.MyPage.getEditaccinfo(MyPage.java:22)
at pageObjects.MyPage.getEditaccinfo(MyPage.java:22)
at pageObjects.MyPage.getEditaccinfo(MyPage.java:22)
at pageObjects.MyPage.getEditaccinfo(MyPage.java:22)
at pageObjects.MyPage.getEditaccinfo(MyPage.java:22)
at pageObjects.MyPage.getEditaccinfo(MyPage.java:22)
at pageObjects.MyPage.getEditaccinfo(MyPage.java:22)
at pageObjects.MyPage.getEditaccinfo(MyPage.java:22)
at pageObjects.MyPage.getEditaccinfo(MyPage.java:22)
at pageObjects.MyPage.getEditaccinfo(MyPage.java:22)
at pageObjects.MyPage.getEditaccinfo(MyPage.java:22)
at pageObjects.MyPage.getEditaccinfo(MyPage.java:22)
at pageObjects.MyPage.getEditaccinfo(MyPage.java:22)
at pageObjects.MyPage.getEditaccinfo(MyPage.java:22)
at pageObjects.MyPage.getEditaccinfo(MyPage.java:22)
at pageObjects.MyPage.getEditaccinfo(MyPage.java:22)
at pageObjects.MyPage.getEditaccinfo(MyPage.java:22)
at pageObjects.MyPage.getEditaccinfo(MyPage.java:22)
at pageObjects.MyPage.getEditaccinfo(MyPage.java:22)
at pageObjects.MyPage.getEditaccinfo(MyPage.java:22)
at pageObjects.MyPage.getEditaccinfo(MyPage.java:22)
at pageObjects.MyPage.getEditaccinfo(MyPage.java:22)
at pageObjects.MyPage.getEditaccinfo(MyPage.java:22)
at pageObjects.MyPage.getEditaccinfo(MyPage.java:22)
at pageObjects.MyPage.getEditaccinfo(MyPage.java:22)
at pageObjects.MyPage.getEditaccinfo(MyPage.java:22)
at pageObjects.MyPage.getEditaccinfo(MyPage.java:22)
at pageObjects.MyPage.getEditaccinfo(MyPage.java:22)
at pageObjects.MyPage.getEditaccinfo(MyPage.java:22)
at pageObjects.MyPage.getEditaccinfo(MyPage.java:22)
at pageObjects.MyPage.getEditaccinfo(MyPage.java:22)
at pageObjects.MyPage.getEditaccinfo(MyPage.java:22)
at pageObjects.MyPage.getEditaccinfo(MyPage.java:22)
at pageObjects.MyPage.getEditaccinfo(MyPage.java:22)
at pageObjects.MyPage.getEditaccinfo(MyPage.java:22)
at pageObjects.MyPage.getEditaccinfo(MyPage.java:22)
at pageObjects.MyPage.getEditaccinfo(MyPage.java:22)
at pageObjects.MyPage.getEditaccinfo(MyPage.java:22)
at pageObjects.MyPage.getEditaccinfo(MyPage.java:22)
at pageObjects.MyPage.getEditaccinfo(MyPage.java:22)
at pageObjects.MyPage.getEditaccinfo(MyPage.java:22)
at pageObjects.MyPage.getEditaccinfo(MyPage.java:22)
at pageObjects.MyPage.getEditaccinfo(MyPage.java:22)
at pageObjects.MyPage.getEditaccinfo(MyPage.java:22)
at pageObjects.MyPage.getEditaccinfo(MyPage.java:22)
at pageObjects.MyPage.getEditaccinfo(MyPage.java:22)
at pageObjects.MyPage.getEditaccinfo(MyPage.java:22)
at pageObjects.MyPage.getEditaccinfo(MyPage.java:22)
at pageObjects.MyPage.getEditaccinfo(MyPage.java:22)
at pageObjects.MyPage.getEditaccinfo(MyPage.java:22)
at pageObjects.MyPage.getEditaccinfo(MyPage.java:22)
at pageObjects.MyPage.getEditaccinfo(MyPage.java:22)
at pageObjects.MyPage.getEditaccinfo(MyPage.java:22)
at pageObjects.MyPage.getEditaccinfo(MyPage.java:22)
at pageObjects.MyPage.getEditaccinfo(MyPage.java:22)
at pageObjects.MyPage.getEditaccinfo(MyPage.java:22)
at pageObjects.MyPage.getEditaccinfo(MyPage.java:22)
at pageObjects.MyPage.getEditaccinfo(MyPage.java:22)
at pageObjects.MyPage.getEditaccinfo(MyPage.java:22)
at pageObjects.MyPage.getEditaccinfo(MyPage.java:22)
at pageObjects.MyPage.getEditaccinfo(MyPage.java:22)
at pageObjects.MyPage.getEditaccinfo(MyPage.java:22)
at pageObjects.MyPage.getEditaccinfo(MyPage.java:22)
at pageObjects.MyPage.getEditaccinfo(MyPage.java:22)
at pageObjects.MyPage.getEditaccinfo(MyPage.java:22)
at pageObjects.MyPage.getEditaccinfo(MyPage.java:22)
at pageObjects.MyPage.getEditaccinfo(MyPage.java:22)
at pageObjects.MyPage.getEditaccinfo(MyPage.java:22)
at pageObjects.MyPage.getEditaccinfo(MyPage.java:22)
at pageObjects.MyPage.getEditaccinfo(MyPage.java:22)
at pageObjects.MyPage.getEditaccinfo(MyPage.java:22)
at pageObjects.MyPage.getEditaccinfo(MyPage.java:22)
at pageObjects.MyPage.getEditaccinfo(MyPage.java:22)
at pageObjects.MyPage.getEditaccinfo(MyPage.java:22)
at pageObjects.MyPage.getEditaccinfo(MyPage.java:22)
at pageObjects.MyPage.getEditaccinfo(MyPage.java:22)
at pageObjects.MyPage.getEditaccinfo(MyPage.java:22)
at pageObjects.MyPage.getEditaccinfo(MyPage.java:22)
at pageObjects.MyPage.getEditaccinfo(MyPage.java:22)
at pageObjects.MyPage.getEditaccinfo(MyPage.java:22)
at pageObjects.MyPage.getEditaccinfo(MyPage.java:22)
at pageObjects.MyPage.getEditaccinfo(MyPage.java:22)
at pageObjects.MyPage.getEditaccinfo(MyPage.java:22)
at pageObjects.MyPage.getEditaccinfo(MyPage.java:22)
at pageObjects.MyPage.getEditaccinfo(MyPage.java:22)
at pageObjects.MyPage.getEditaccinfo(MyPage.java:22)
at pageObjects.MyPage.getEditaccinfo(MyPage.java:22)
at pageObjects.MyPage.getEditaccinfo(MyPage.java:22)
at pageObjects.MyPage.getEditaccinfo(MyPage.java:22)
at pageObjects.MyPage.getEditaccinfo(MyPage.java:22)
at pageObjects.MyPage.getEditaccinfo(MyPage.java:22)
at pageObjects.MyPage.getEditaccinfo(MyPage.java:22)
at pageObjects.MyPage.getEditaccinfo(MyPage.java:22)
at pageObjects.MyPage.getEditaccinfo(MyPage.java:22)
at pageObjects.MyPage.getEditaccinfo(MyPage.java:22)
at pageObjects.MyPage.getEditaccinfo(MyPage.java:22)
at pageObjects.MyPage.getEditaccinfo(MyPage.java:22)
at pageObjects.MyPage.getEditaccinfo(MyPage.java:22)
at pageObjects.MyPage.getEditaccinfo(MyPage.java:22)
at pageObjects.MyPage.getEditaccinfo(MyPage.java:22)
at pageObjects.MyPage.getEditaccinfo(MyPage.java:22)
at pageObjects.MyPage.getEditaccinfo(MyPage.java:22)
at pageObjects.MyPage.getEditaccinfo(MyPage.java:22)
at pageObjects.MyPage.getEditaccinfo(MyPage.java:22)
at pageObjects.MyPage.getEditaccinfo(MyPage.java:22)
at pageObjects.MyPage.getEditaccinfo(MyPage.java:22)
at pageObjects.MyPage.getEditaccinfo(MyPage.java:22)
at pageObjects.MyPage.getEditaccinfo(MyPage.java:22)
at pageObjects.MyPage.getEditaccinfo(MyPage.java:22)
at pageObjects.MyPage.getEditaccinfo(MyPage.java:22)
at pageObjects.MyPage.getEditaccinfo(MyPage.java:22)
at pageObjects.MyPage.getEditaccinfo(MyPage.java:22)
at pageObjects.MyPage.getEditaccinfo(MyPage.java:22)
at pageObjects.MyPage.getEditaccinfo(MyPage.java:22)
at pageObjects.MyPage.getEditaccinfo(MyPage.java:22)
at pageObjects.MyPage.getEditaccinfo(MyPage.java:22)
at pageObjects.MyPage.getEditaccinfo(MyPage.java:22)
at pageObjects.MyPage.getEditaccinfo(MyPage.java:22)
at pageObjects.MyPage.getEditaccinfo(MyPage.java:22)
at pageObjects.MyPage.getEditaccinfo(MyPage.java:22)
at pageObjects.MyPage.getEditaccinfo(MyPage.java:22)
at pageObjects.MyPage.getEditaccinfo(MyPage.java:22)
at pageObjects.MyPage.getEditaccinfo(MyPage.java:22)
at pageObjects.MyPage.getEditaccinfo(MyPage.java:22)
at pageObjects.MyPage.getEditaccinfo(MyPage.java:22)
at pageObjects.MyPage.getEditaccinfo(MyPage.java:22)
at pageObjects.MyPage.getEditaccinfo(MyPage.java:22)
at pageObjects.MyPage.getEditaccinfo(MyPage.java:22)
at pageObjects.MyPage.getEditaccinfo(MyPage.java:22)
at pageObjects.MyPage.getEditaccinfo(MyPage.java:22)
at pageObjects.MyPage.getEditaccinfo(MyPage.java:22)
at pageObjects.MyPage.getEditaccinfo(MyPage.java:22)
at pageObjects.MyPage.getEditaccinfo(MyPage.java:22)
at pageObjects.MyPage.getEditaccinfo(MyPage.java:22)
at pageObjects.MyPage.getEditaccinfo(MyPage.java:22)
at pageObjects.MyPage.getEditaccinfo(MyPage.java:22)
at pageObjects.MyPage.getEditaccinfo(MyPage.java:22)
at pageObjects.MyPage.getEditaccinfo(MyPage.java:22)
at pageObjects.MyPage.getEditaccinfo(MyPage.java:22)
at pageObjects.MyPage.getEditaccinfo(MyPage.java:22)
at pageObjects.MyPage.getEditaccinfo(MyPage.java:22)
at pageObjects.MyPage.getEditaccinfo(MyPage.java:22)
at pageObjects.MyPage.getEditaccinfo(MyPage.java:22)
at pageObjects.MyPage.getEditaccinfo(MyPage.java:22)
at pageObjects.MyPage.getEditaccinfo(MyPage.java:22)
at pageObjects.MyPage.getEditaccinfo(MyPage.java:22)
at pageObjects.MyPage.getEditaccinfo(MyPage.java:22)
at pageObjects.MyPage.getEditaccinfo(MyPage.java:22)
at pageObjects.MyPage.getEditaccinfo(MyPage.java:22)
at pageObjects.MyPage.getEditaccinfo(MyPage.java:22)
at pageObjects.MyPage.getEditaccinfo(MyPage.java:22)
at pageObjects.MyPage.getEditaccinfo(MyPage.java:22)
at pageObjects.MyPage.getEditaccinfo(MyPage.java:22)
at pageObjects.MyPage.getEditaccinfo(MyPage.java:22)
at pageObjects.MyPage.getEditaccinfo(MyPage.java:22)
at pageObjects.MyPage.getEditaccinfo(MyPage.java:22)
at pageObjects.MyPage.getEditaccinfo(MyPage.java:22)
at pageObjects.MyPage.getEditaccinfo(MyPage.java:22)
at pageObjects.MyPage.getEditaccinfo(MyPage.java:22)
at pageObjects.MyPage.getEditaccinfo(MyPage.java:22)
at pageObjects.MyPage.getEditaccinfo(MyPage.java:22)
at pageObjects.MyPage.getEditaccinfo(MyPage.java:22)
at pageObjects.MyPage.getEditaccinfo(MyPage.java:22)
at pageObjects.MyPage.getEditaccinfo(MyPage.java:22)
at pageObjects.MyPage.getEditaccinfo(MyPage.java:22)
at pageObjects.MyPage.getEditaccinfo(MyPage.java:22)
at pageObjects.MyPage.getEditaccinfo(MyPage.java:22)
at pageObjects.MyPage.getEditaccinfo(MyPage.java:22)
at pageObjects.MyPage.getEditaccinfo(MyPage.java:22)
at pageObjects.MyPage.getEditaccinfo(MyPage.java:22)
at pageObjects.MyPage.getEditaccinfo(MyPage.java:22)
at pageObjects.MyPage.getEditaccinfo(MyPage.java:22)
at pageObjects.MyPage.getEditaccinfo(MyPage.java:22)
at pageObjects.MyPage.getEditaccinfo(MyPage.java:22)
at pageObjects.MyPage.getEditaccinfo(MyPage.java:22)
at pageObjects.MyPage.getEditaccinfo(MyPage.java:22)
at pageObjects.MyPage.getEditaccinfo(MyPage.java:22)
at pageObjects.MyPage.getEditaccinfo(MyPage.java:22)
at pageObjects.MyPage.getEditaccinfo(MyPage.java:22)
at pageObjects.MyPage.getEditaccinfo(MyPage.java:22)
at pageObjects.MyPage.getEditaccinfo(MyPage.java:22)
at pageObjects.MyPage.getEditaccinfo(MyPage.java:22)
at pageObjects.MyPage.getEditaccinfo(MyPage.java:22)
at pageObjects.MyPage.getEditaccinfo(MyPage.java:22)
at pageObjects.MyPage.getEditaccinfo(MyPage.java:22)
at pageObjects.MyPage.getEditaccinfo(MyPage.java:22)
at pageObjects.MyPage.getEditaccinfo(MyPage.java:22)
at pageObjects.MyPage.getEditaccinfo(MyPage.java:22)
at pageObjects.MyPage.getEditaccinfo(MyPage.java:22)
at pageObjects.MyPage.getEditaccinfo(MyPage.java:22)
at pageObjects.MyPage.getEditaccinfo(MyPage.java:22)
at pageObjects.MyPage.getEditaccinfo(MyPage.java:22)
at pageObjects.MyPage.getEditaccinfo(MyPage.java:22)
at pageObjects.MyPage.getEditaccinfo(MyPage.java:22)
at pageObjects.MyPage.getEditaccinfo(MyPage.java:22)
at pageObjects.MyPage.getEditaccinfo(MyPage.java:22)
at pageObjects.MyPage.getEditaccinfo(MyPage.java:22)
at pageObjects.MyPage.getEditaccinfo(MyPage.java:22)
at pageObjects.MyPage.getEditaccinfo(MyPage.java:22)
at pageObjects.MyPage.getEditaccinfo(MyPage.java:22)
at pageObjects.MyPage.getEditaccinfo(MyPage.java:22)
at pageObjects.MyPage.getEditaccinfo(MyPage.java:22)
at pageObjects.MyPage.getEditaccinfo(MyPage.java:22)
at pageObjects.MyPage.getEditaccinfo(MyPage.java:22)
at pageObjects.MyPage.getEditaccinfo(MyPage.java:22)
at pageObjects.MyPage.getEditaccinfo(MyPage.java:22)
at pageObjects.MyPage.getEditaccinfo(MyPage.java:22)
at pageObjects.MyPage.getEditaccinfo(MyPage.java:22)
at pageObjects.MyPage.getEditaccinfo(MyPage.java:22)
at pageObjects.MyPage.getEditaccinfo(MyPage.java:22)
at pageObjects.MyPage.getEditaccinfo(MyPage.java:22)
at pageObjects.MyPage.getEditaccinfo(MyPage.java:22)
at pageObjects.MyPage.getEditaccinfo(MyPage.java:22)
at pageObjects.MyPage.getEditaccinfo(MyPage.java:22)
at pageObjects.MyPage.getEditaccinfo(MyPage.java:22)
at pageObjects.MyPage.getEditaccinfo(MyPage.java:22)
at pageObjects.MyPage.getEditaccinfo(MyPage.java:22)
at pageObjects.MyPage.getEditaccinfo(MyPage.java:22)
at pageObjects.MyPage.getEditaccinfo(MyPage.java:22)
at pageObjects.MyPage.getEditaccinfo(MyPage.java:22)
at pageObjects.MyPage.getEditaccinfo(MyPage.java:22)
at pageObjects.MyPage.getEditaccinfo(MyPage.java:22)
at pageObjects.MyPage.getEditaccinfo(MyPage.java:22)
at pageObjects.MyPage.getEditaccinfo(MyPage.java:22)
at pageObjects.MyPage.getEditaccinfo(MyPage.java:22)
at pageObjects.MyPage.getEditaccinfo(MyPage.java:22)
at pageObjects.MyPage.getEditaccinfo(MyPage.java:22)
at pageObjects.MyPage.getEditaccinfo(MyPage.java:22)
at pageObjects.MyPage.getEditaccinfo(MyPage.java:22)
at pageObjects.MyPage.getEditaccinfo(MyPage.java:22)
at pageObjects.MyPage.getEditaccinfo(MyPage.java:22)
at pageObjects.MyPage.getEditaccinfo(MyPage.java:22)
at pageObjects.MyPage.getEditaccinfo(MyPage.java:22)
at pageObjects.MyPage.getEditaccinfo(MyPage.java:22)
at pageObjects.MyPage.getEditaccinfo(MyPage.java:22)
at pageObjects.MyPage.getEditaccinfo(MyPage.java:22)
at pageObjects.MyPage.getEditaccinfo(MyPage.java:22)
at pageObjects.MyPage.getEditaccinfo(MyPage.java:22)
at pageObjects.MyPage.getEditaccinfo(MyPage.java:22)
at pageObjects.MyPage.getEditaccinfo(MyPage.java:22)
at pageObjects.MyPage.getEditaccinfo(MyPage.java:22)
at pageObjects.MyPage.getEditaccinfo(MyPage.java:22)
at pageObjects.MyPage.getEditaccinfo(MyPage.java:22)
at pageObjects.MyPage.getEditaccinfo(MyPage.java:22)
at pageObjects.MyPage.getEditaccinfo(MyPage.java:22)
at pageObjects.MyPage.getEditaccinfo(MyPage.java:22)
at pageObjects.MyPage.getEditaccinfo(MyPage.java:22)
at pageObjects.MyPage.getEditaccinfo(MyPage.java:22)
at pageObjects.MyPage.getEditaccinfo(MyPage.java:22)
at pageObjects.MyPage.getEditaccinfo(MyPage.java:22)
at pageObjects.MyPage.getEditaccinfo(MyPage.java:22)
at pageObjects.MyPage.getEditaccinfo(MyPage.java:22)
at pageObjects.MyPage.getEditaccinfo(MyPage.java:22)
at pageObjects.MyPage.getEditaccinfo(MyPage.java:22)
at pageObjects.MyPage.getEditaccinfo(MyPage.java:22)
at pageObjects.MyPage.getEditaccinfo(MyPage.java:22)
at pageObjects.MyPage.getEditaccinfo(MyPage.java:22)
at pageObjects.MyPage.getEditaccinfo(MyPage.java:22)
at pageObjects.MyPage.getEditaccinfo(MyPage.java:22)
at pageObjects.MyPage.getEditaccinfo(MyPage.java:22)
at pageObjects.MyPage.getEditaccinfo(MyPage.java:22)
at pageObjects.MyPage.getEditaccinfo(MyPage.java:22)
at pageObjects.MyPage.getEditaccinfo(MyPage.java:22)
at pageObjects.MyPage.getEditaccinfo(MyPage.java:22)
at pageObjects.MyPage.getEditaccinfo(MyPage.java:22)
at pageObjects.MyPage.getEditaccinfo(MyPage.java:22)
at pageObjects.MyPage.getEditaccinfo(MyPage.java:22)
at pageObjects.MyPage.getEditaccinfo(MyPage.java:22)
at pageObjects.MyPage.getEditaccinfo(MyPage.java:22)
at pageObjects.MyPage.getEditaccinfo(MyPage.java:22)
at pageObjects.MyPage.getEditaccinfo(MyPage.java:22)
at pageObjects.MyPage.getEditaccinfo(MyPage.java:22)
at pageObjects.MyPage.getEditaccinfo(MyPage.java:22)
at pageObjects.MyPage.getEditaccinfo(MyPage.java:22)
at pageObjects.MyPage.getEditaccinfo(MyPage.java:22)
at pageObjects.MyPage.getEditaccinfo(MyPage.java:22)
at pageObjects.MyPage.getEditaccinfo(MyPage.java:22)
at pageObjects.MyPage.getEditaccinfo(MyPage.java:22)
at pageObjects.MyPage.getEditaccinfo(MyPage.java:22)
at pageObjects.MyPage.getEditaccinfo(MyPage.java:22)
at pageObjects.MyPage.getEditaccinfo(MyPage.java:22)
at pageObjects.MyPage.getEditaccinfo(MyPage.java:22)
at pageObjects.MyPage.getEditaccinfo(MyPage.java:22)
at pageObjects.MyPage.getEditaccinfo(MyPage.java:22)
at pageObjects.MyPage.getEditaccinfo(MyPage.java:22)
at pageObjects.MyPage.getEditaccinfo(MyPage.java:22)
at pageObjects.MyPage.getEditaccinfo(MyPage.java:22)
at pageObjects.MyPage.getEditaccinfo(MyPage.java:22)
at pageObjects.MyPage.getEditaccinfo(MyPage.java:22)
at pageObjects.MyPage.getEditaccinfo(MyPage.java:22)
at pageObjects.MyPage.getEditaccinfo(MyPage.java:22)
at pageObjects.MyPage.getEditaccinfo(MyPage.java:22)
at pageObjects.MyPage.getEditaccinfo(MyPage.java:22)
at pageObjects.MyPage.getEditaccinfo(MyPage.java:22)
at pageObjects.MyPage.getEditaccinfo(MyPage.java:22)
at pageObjects.MyPage.getEditaccinfo(MyPage.java:22)
at pageObjects.MyPage.getEditaccinfo(MyPage.java:22)
at pageObjects.MyPage.getEditaccinfo(MyPage.java:22)
at pageObjects.MyPage.getEditaccinfo(MyPage.java:22)
at pageObjects.MyPage.getEditaccinfo(MyPage.java:22)
at pageObjects.MyPage.getEditaccinfo(MyPage.java:22)
at pageObjects.MyPage.getEditaccinfo(MyPage.java:22)
at pageObjects.MyPage.getEditaccinfo(MyPage.java:22)
at pageObjects.MyPage.getEditaccinfo(MyPage.java:22)
at pageObjects.MyPage.getEditaccinfo(MyPage.java:22)
at pageObjects.MyPage.getEditaccinfo(MyPage.java:22)
at pageObjects.MyPage.getEditaccinfo(MyPage.java:22)
at pageObjects.MyPage.getEditaccinfo(MyPage.java:22)
at pageObjects.MyPage.getEditaccinfo(MyPage.java:22)
at pageObjects.MyPage.getEditaccinfo(MyPage.java:22)
at pageObjects.MyPage.getEditaccinfo(MyPage.java:22)
at pageObjects.MyPage.getEditaccinfo(MyPage.java:22)
at pageObjects.MyPage.getEditaccinfo(MyPage.java:22)
at pageObjects.MyPage.getEditaccinfo(MyPage.java:22)
at pageObjects.MyPage.getEditaccinfo(MyPage.java:22)
at pageObjects.MyPage.getEditaccinfo(MyPage.java:22)
at pageObjects.MyPage.getEditaccinfo(MyPage.java:22)
at pageObjects.MyPage.getEditaccinfo(MyPage.java:22)
at pageObjects.MyPage.getEditaccinfo(MyPage.java:22)
at pageObjects.MyPage.getEditaccinfo(MyPage.java:22)
at pageObjects.MyPage.getEditaccinfo(MyPage.java:22)
at pageObjects.MyPage.getEditaccinfo(MyPage.java:22)
at pageObjects.MyPage.getEditaccinfo(MyPage.java:22)
at pageObjects.MyPage.getEditaccinfo(MyPage.java:22)
at pageObjects.MyPage.getEditaccinfo(MyPage.java:22)
at pageObjects.MyPage.getEditaccinfo(MyPage.java:22)
at pageObjects.MyPage.getEditaccinfo(MyPage.java:22)
at pageObjects.MyPage.getEditaccinfo(MyPage.java:22)
at pageObjects.MyPage.getEditaccinfo(MyPage.java:22)
at pageObjects.MyPage.getEditaccinfo(MyPage.java:22)
at pageObjects.MyPage.getEditaccinfo(MyPage.java:22)
at pageObjects.MyPage.getEditaccinfo(MyPage.java:22)
at pageObjects.MyPage.getEditaccinfo(MyPage.java:22)
at pageObjects.MyPage.getEditaccinfo(MyPage.java:22)
at pageObjects.MyPage.getEditaccinfo(MyPage.java:22)
at pageObjects.MyPage.getEditaccinfo(MyPage.java:22)
at pageObjects.MyPage.getEditaccinfo(MyPage.java:22)
at pageObjects.MyPage.getEditaccinfo(MyPage.java:22)
at pageObjects.MyPage.getEditaccinfo(MyPage.java:22)
at pageObjects.MyPage.getEditaccinfo(MyPage.java:22)
at pageObjects.MyPage.getEditaccinfo(MyPage.java:22)
at pageObjects.MyPage.getEditaccinfo(MyPage.java:22)
at pageObjects.MyPage.getEditaccinfo(MyPage.java:22)
at pageObjects.MyPage.getEditaccinfo(MyPage.java:22)
at pageObjects.MyPage.getEditaccinfo(MyPage.java:22)
at pageObjects.MyPage.getEditaccinfo(MyPage.java:22)
at pageObjects.MyPage.getEditaccinfo(MyPage.java:22)
at pageObjects.MyPage.getEditaccinfo(MyPage.java:22)
at pageObjects.MyPage.getEditaccinfo(MyPage.java:22)
at pageObjects.MyPage.getEditaccinfo(MyPage.java:22)
at pageObjects.MyPage.getEditaccinfo(MyPage.java:22)
at pageObjects.MyPage.getEditaccinfo(MyPage.java:22)
at pageObjects.MyPage.getEditaccinfo(MyPage.java:22)
at pageObjects.MyPage.getEditaccinfo(MyPage.java:22)
at pageObjects.MyPage.getEditaccinfo(MyPage.java:22)
at pageObjects.MyPage.getEditaccinfo(MyPage.java:22)
at pageObjects.MyPage.getEditaccinfo(MyPage.java:22)
at pageObjects.MyPage.getEditaccinfo(MyPage.java:22)
at pageObjects.MyPage.getEditaccinfo(MyPage.java:22)
at pageObjects.MyPage.getEditaccinfo(MyPage.java:22)
at pageObjects.MyPage.getEditaccinfo(MyPage.java:22)
at pageObjects.MyPage.getEditaccinfo(MyPage.java:22)
at pageObjects.MyPage.getEditaccinfo(MyPage.java:22)
at pageObjects.MyPage.getEditaccinfo(MyPage.java:22)
at pageObjects.MyPage.getEditaccinfo(MyPage.java:22)
at pageObjects.MyPage.getEditaccinfo(MyPage.java:22)
at pageObjects.MyPage.getEditaccinfo(MyPage.java:22)
at pageObjects.MyPage.getEditaccinfo(MyPage.java:22)
at pageObjects.MyPage.getEditaccinfo(MyPage.java:22)
at pageObjects.MyPage.getEditaccinfo(MyPage.java:22)
at pageObjects.MyPage.getEditaccinfo(MyPage.java:22)
at pageObjects.MyPage.getEditaccinfo(MyPage.java:22)
at pageObjects.MyPage.getEditaccinfo(MyPage.java:22)
at pageObjects.MyPage.getEditaccinfo(MyPage.java:22)
at pageObjects.MyPage.getEditaccinfo(MyPage.java:22)
at pageObjects.MyPage.getEditaccinfo(MyPage.java:22)
at pageObjects.MyPage.getEditaccinfo(MyPage.java:22)
at pageObjects.MyPage.getEditaccinfo(MyPage.java:22)
at pageObjects.MyPage.getEditaccinfo(MyPage.java:22)
at pageObjects.MyPage.getEditaccinfo(MyPage.java:22)
at pageObjects.MyPage.getEditaccinfo(MyPage.java:22)
at pageObjects.MyPage.getEditaccinfo(MyPage.java:22)
at pageObjects.MyPage.getEditaccinfo(MyPage.java:22)
at pageObjects.MyPage.getEditaccinfo(MyPage.java:22)
at pageObjects.MyPage.getEditaccinfo(MyPage.java:22)
at pageObjects.MyPage.getEditaccinfo(MyPage.java:22)
at pageObjects.MyPage.getEditaccinfo(MyPage.java:22)
at pageObjects.MyPage.getEditaccinfo(MyPage.java:22)
at pageObjects.MyPage.getEditaccinfo(MyPage.java:22)
at pageObjects.MyPage.getEditaccinfo(MyPage.java:22)
at pageObjects.MyPage.getEditaccinfo(MyPage.java:22)
at pageObjects.MyPage.getEditaccinfo(MyPage.java:22)
at pageObjects.MyPage.getEditaccinfo(MyPage.java:22)
at pageObjects.MyPage.getEditaccinfo(MyPage.java:22)
at pageObjects.MyPage.getEditaccinfo(MyPage.java:22)
at pageObjects.MyPage.getEditaccinfo(MyPage.java:22)
at pageObjects.MyPage.getEditaccinfo(MyPage.java:22)
at pageObjects.MyPage.getEditaccinfo(MyPage.java:22)
at pageObjects.MyPage.getEditaccinfo(MyPage.java:22)
at pageObjects.MyPage.getEditaccinfo(MyPage.java:22)
at pageObjects.MyPage.getEditaccinfo(MyPage.java:22)
at pageObjects.MyPage.getEditaccinfo(MyPage.java:22)
at pageObjects.MyPage.getEditaccinfo(MyPage.java:22)
at pageObjects.MyPage.getEditaccinfo(MyPage.java:22)
at pageObjects.MyPage.getEditaccinfo(MyPage.java:22)
at pageObjects.MyPage.getEditaccinfo(MyPage.java:22)
at pageObjects.MyPage.getEditaccinfo(MyPage.java:22)
at pageObjects.MyPage.getEditaccinfo(MyPage.java:22)
at pageObjects.MyPage.getEditaccinfo(MyPage.java:22)
at pageObjects.MyPage.getEditaccinfo(MyPage.java:22)
at pageObjects.MyPage.getEditaccinfo(MyPage.java:22)
at pageObjects.MyPage.getEditaccinfo(MyPage.java:22)
at pageObjects.MyPage.getEditaccinfo(MyPage.java:22)
at pageObjects.MyPage.getEditaccinfo(MyPage.java:22)
at pageObjects.MyPage.getEditaccinfo(MyPage.java:22)
at pageObjects.MyPage.getEditaccinfo(MyPage.java:22)
at pageObjects.MyPage.getEditaccinfo(MyPage.java:22)
at pageObjects.MyPage.getEditaccinfo(MyPage.java:22)
at pageObjects.MyPage.getEditaccinfo(MyPage.java:22)
at pageObjects.MyPage.getEditaccinfo(MyPage.java:22)
at pageObjects.MyPage.getEditaccinfo(MyPage.java:22)
at pageObjects.MyPage.getEditaccinfo(MyPage.java:22)
at pageObjects.MyPage.getEditaccinfo(MyPage.java:22)
at pageObjects.MyPage.getEditaccinfo(MyPage.java:22)
at pageObjects.MyPage.getEditaccinfo(MyPage.java:22)
at pageObjects.MyPage.getEditaccinfo(MyPage.java:22)
at pageObjects.MyPage.getEditaccinfo(MyPage.java:22)
at pageObjects.MyPage.getEditaccinfo(MyPage.java:22)
at pageObjects.MyPage.getEditaccinfo(MyPage.java:22)
at pageObjects.MyPage.getEditaccinfo(MyPage.java:22)
at pageObjects.MyPage.getEditaccinfo(MyPage.java:22)
at pageObjects.MyPage.getEditaccinfo(MyPage.java:22)
at pageObjects.MyPage.getEditaccinfo(MyPage.java:22)
at pageObjects.MyPage.getEditaccinfo(MyPage.java:22)
at pageObjects.MyPage.getEditaccinfo(MyPage.java:22)
at pageObjects.MyPage.getEditaccinfo(MyPage.java:22)
at pageObjects.MyPage.getEditaccinfo(MyPage.java:22)
at pageObjects.MyPage.getEditaccinfo(MyPage.java:22)
at pageObjects.MyPage.getEditaccinfo(MyPage.java:22)
at pageObjects.MyPage.getEditaccinfo(MyPage.java:22)
at pageObjects.MyPage.getEditaccinfo(MyPage.java:22)
at pageObjects.MyPage.getEditaccinfo(MyPage.java:22)
at pageObjects.MyPage.getEditaccinfo(MyPage.java:22)
at pageObjects.MyPage.getEditaccinfo(MyPage.java:22)
at pageObjects.MyPage.getEditaccinfo(MyPage.java:22)
at pageObjects.MyPage.getEditaccinfo(MyPage.java:22)
at pageObjects.MyPage.getEditaccinfo(MyPage.java:22)
at pageObjects.MyPage.getEditaccinfo(MyPage.java:22)
at pageObjects.MyPage.getEditaccinfo(MyPage.java:22)
at pageObjects.MyPage.getEditaccinfo(MyPage.java:22)
at pageObjects.MyPage.getEditaccinfo(MyPage.java:22)
at pageObjects.MyPage.getEditaccinfo(MyPage.java:22)
at pageObjects.MyPage.getEditaccinfo(MyPage.java:22)
at pageObjects.MyPage.getEditaccinfo(MyPage.java:22)
at pageObjects.MyPage.getEditaccinfo(MyPage.java:22)
at pageObjects.MyPage.getEditaccinfo(MyPage.java:22)
at pageObjects.MyPage.getEditaccinfo(MyPage.java:22)
at pageObjects.MyPage.getEditaccinfo(MyPage.java:22)
at pageObjects.MyPage.getEditaccinfo(MyPage.java:22)
at pageObjects.MyPage.getEditaccinfo(MyPage.java:22)
at pageObjects.MyPage.getEditaccinfo(MyPage.java:22)
at pageObjects.MyPage.getEditaccinfo(MyPage.java:22)
at pageObjects.MyPage.getEditaccinfo(MyPage.java:22)
at pageObjects.MyPage.getEditaccinfo(MyPage.java:22)
at pageObjects.MyPage.getEditaccinfo(MyPage.java:22)
at pageObjects.MyPage.getEditaccinfo(MyPage.java:22)
at pageObjects.MyPage.getEditaccinfo(MyPage.java:22)
at pageObjects.MyPage.getEditaccinfo(MyPage.java:22)
at pageObjects.MyPage.getEditaccinfo(MyPage.java:22)
at pageObjects.MyPage.getEditaccinfo(MyPage.java:22)
at pageObjects.MyPage.getEditaccinfo(MyPage.java:22)
at pageObjects.MyPage.getEditaccinfo(MyPage.java:22)
at pageObjects.MyPage.getEditaccinfo(MyPage.java:22)
at pageObjects.MyPage.getEditaccinfo(MyPage.java:22)
at pageObjects.MyPage.getEditaccinfo(MyPage.java:22)
at pageObjects.MyPage.getEditaccinfo(MyPage.java:22)
at pageObjects.MyPage.getEditaccinfo(MyPage.java:22)
at pageObjects.MyPage.getEditaccinfo(MyPage.java:22)
at pageObjects.MyPage.getEditaccinfo(MyPage.java:22)
at pageObjects.MyPage.getEditaccinfo(MyPage.java:22)
at pageObjects.MyPage.getEditaccinfo(MyPage.java:22)
at pageObjects.MyPage.getEditaccinfo(MyPage.java:22)
at pageObjects.MyPage.getEditaccinfo(MyPage.java:22)
at pageObjects.MyPage.getEditaccinfo(MyPage.java:22)
at pageObjects.MyPage.getEditaccinfo(MyPage.java:22)
at pageObjects.MyPage.getEditaccinfo(MyPage.java:22)
at pageObjects.MyPage.getEditaccinfo(MyPage.java:22)
at pageObjects.MyPage.getEditaccinfo(MyPage.java:22)
at pageObjects.MyPage.getEditaccinfo(MyPage.java:22)
at pageObjects.MyPage.getEditaccinfo(MyPage.java:22)
at pageObjects.MyPage.getEditaccinfo(MyPage.java:22)
at pageObjects.MyPage.getEditaccinfo(MyPage.java:22)
at pageObjects.MyPage.getEditaccinfo(MyPage.java:22)
at pageObjects.MyPage.getEditaccinfo(MyPage.java:22)
at pageObjects.MyPage.getEditaccinfo(MyPage.java:22)
at pageObjects.MyPage.getEditaccinfo(MyPage.java:22)
at pageObjects.MyPage.getEditaccinfo(MyPage.java:22)
at pageObjects.MyPage.getEditaccinfo(MyPage.java:22)
at pageObjects.MyPage.getEditaccinfo(MyPage.java:22)
at pageObjects.MyPage.getEditaccinfo(MyPage.java:22)
at pageObjects.MyPage.getEditaccinfo(MyPage.java:22)
at pageObjects.MyPage.getEditaccinfo(MyPage.java:22)
at pageObjects.MyPage.getEditaccinfo(MyPage.java:22)
at pageObjects.MyPage.getEditaccinfo(MyPage.java:22)
at pageObjects.MyPage.getEditaccinfo(MyPage.java:22)
at pageObjects.MyPage.getEditaccinfo(MyPage.java:22)
at pageObjects.MyPage.getEditaccinfo(MyPage.java:22)
at pageObjects.MyPage.getEditaccinfo(MyPage.java:22)
at pageObjects.MyPage.getEditaccinfo(MyPage.java:22)
at pageObjects.MyPage.getEditaccinfo(MyPage.java:22)
at pageObjects.MyPage.getEditaccinfo(MyPage.java:22)
at pageObjects.MyPage.getEditaccinfo(MyPage.java:22)
at pageObjects.MyPage.getEditaccinfo(MyPage.java:22)
at pageObjects.MyPage.getEditaccinfo(MyPage.java:22)
at pageObjects.MyPage.getEditaccinfo(MyPage.java:22)
at pageObjects.MyPage.getEditaccinfo(MyPage.java:22)
at pageObjects.MyPage.getEditaccinfo(MyPage.java:22)
at pageObjects.MyPage.getEditaccinfo(MyPage.java:22)
at pageObjects.MyPage.getEditaccinfo(MyPage.java:22)
at pageObjects.MyPage.getEditaccinfo(MyPage.java:22)
at pageObjects.MyPage.getEditaccinfo(MyPage.java:22)
at pageObjects.MyPage.getEditaccinfo(MyPage.java:22)
at pageObjects.MyPage.getEditaccinfo(MyPage.java:22)
at pageObjects.MyPage.getEditaccinfo(MyPage.java:22)
at pageObjects.MyPage.getEditaccinfo(MyPage.java:22)
at pageObjects.MyPage.getEditaccinfo(MyPage.java:22)
at pageObjects.MyPage.getEditaccinfo(MyPage.java:22)
at pageObjects.MyPage.getEditaccinfo(MyPage.java:22)
at pageObjects.MyPage.getEditaccinfo(MyPage.java:22)
at pageObjects.MyPage.getEditaccinfo(MyPage.java:22)
at pageObjects.MyPage.getEditaccinfo(MyPage.java:22)
at pageObjects.MyPage.getEditaccinfo(MyPage.java:22)
at pageObjects.MyPage.getEditaccinfo(MyPage.java:22)
at pageObjects.MyPage.getEditaccinfo(MyPage.java:22)
at pageObjects.MyPage.getEditaccinfo(MyPage.java:22)
at pageObjects.MyPage.getEditaccinfo(MyPage.java:22)
at pageObjects.MyPage.getEditaccinfo(MyPage.java:22)
at pageObjects.MyPage.getEditaccinfo(MyPage.java:22)
at pageObjects.MyPage.getEditaccinfo(MyPage.java:22)
at pageObjects.MyPage.getEditaccinfo(MyPage.java:22)
at pageObjects.MyPage.getEditaccinfo(MyPage.java:22)
at pageObjects.MyPage.getEditaccinfo(MyPage.java:22)
at pageObjects.MyPage.getEditaccinfo(MyPage.java:22)
at pageObjects.MyPage.getEditaccinfo(MyPage.java:22)
at pageObjects.MyPage.getEditaccinfo(MyPage.java:22)
at pageObjects.MyPage.getEditaccinfo(MyPage.java:22)
at pageObjects.MyPage.getEditaccinfo(MyPage.java:22)
at pageObjects.MyPage.getEditaccinfo(MyPage.java:22)
at pageObjects.MyPage.getEditaccinfo(MyPage.java:22)
at pageObjects.MyPage.getEditaccinfo(MyPage.java:22)
at pageObjects.MyPage.getEditaccinfo(MyPage.java:22)
at pageObjects.MyPage.getEditaccinfo(MyPage.java:22)
at pageObjects.MyPage.getEditaccinfo(MyPage.java:22)
at pageObjects.MyPage.getEditaccinfo(MyPage.java:22)
at pageObjects.MyPage.getEditaccinfo(MyPage.java:22)
at pageObjects.MyPage.getEditaccinfo(MyPage.java:22)
at pageObjects.MyPage.getEditaccinfo(MyPage.java:22)
at pageObjects.MyPage.getEditaccinfo(MyPage.java:22)
at pageObjects.MyPage.getEditaccinfo(MyPage.java:22)
at pageObjects.MyPage.getEditaccinfo(MyPage.java:22)
at pageObjects.MyPage.getEditaccinfo(MyPage.java:22)
at pageObjects.MyPage.getEditaccinfo(MyPage.java:22)
at pageObjects.MyPage.getEditaccinfo(MyPage.java:22)
at pageObjects.MyPage.getEditaccinfo(MyPage.java:22)
at pageObjects.MyPage.getEditaccinfo(MyPage.java:22)
at pageObjects.MyPage.getEditaccinfo(MyPage.java:22)
at pageObjects.MyPage.getEditaccinfo(MyPage.java:22)
at pageObjects.MyPage.getEditaccinfo(MyPage.java:22)
at pageObjects.MyPage.getEditaccinfo(MyPage.java:22)
at pageObjects.MyPage.getEditaccinfo(MyPage.java:22)
at pageObjects.MyPage.getEditaccinfo(MyPage.java:22)
at pageObjects.MyPage.getEditaccinfo(MyPage.java:22)
at pageObjects.MyPage.getEditaccinfo(MyPage.java:22)
at pageObjects.MyPage.getEditaccinfo(MyPage.java:22)
at pageObjects.MyPage.getEditaccinfo(MyPage.java:22)
at pageObjects.MyPage.getEditaccinfo(MyPage.java:22)
at pageObjects.MyPage.getEditaccinfo(MyPage.java:22)
at pageObjects.MyPage.getEditaccinfo(MyPage.java:22)
at pageObjects.MyPage.getEditaccinfo(MyPage.java:22)
at pageObjects.MyPage.getEditaccinfo(MyPage.java:22)
at pageObjects.MyPage.getEditaccinfo(MyPage.java:22)
at pageObjects.MyPage.getEditaccinfo(MyPage.java:22)
at pageObjects.MyPage.getEditaccinfo(MyPage.java:22)
at pageObjects.MyPage.getEditaccinfo(MyPage.java:22)
at pageObjects.MyPage.getEditaccinfo(MyPage.java:22)
at pageObjects.MyPage.getEditaccinfo(MyPage.java:22)
at pageObjects.MyPage.getEditaccinfo(MyPage.java:22)
at pageObjects.MyPage.getEditaccinfo(MyPage.java:22)
at pageObjects.MyPage.getEditaccinfo(MyPage.java:22)
at pageObjects.MyPage.getEditaccinfo(MyPage.java:22)
at pageObjects.MyPage.getEditaccinfo(MyPage.java:22)
at pageObjects.MyPage.getEditaccinfo(MyPage.java:22)
at pageObjects.MyPage.getEditaccinfo(MyPage.java:22)
at pageObjects.MyPage.getEditaccinfo(MyPage.java:22)
at pageObjects.MyPage.getEditaccinfo(MyPage.java:22)
at pageObjects.MyPage.getEditaccinfo(MyPage.java:22)
at pageObjects.MyPage.getEditaccinfo(MyPage.java:22)
at pageObjects.MyPage.getEditaccinfo(MyPage.java:22)
at pageObjects.MyPage.getEditaccinfo(MyPage.java:22)
at pageObjects.MyPage.getEditaccinfo(MyPage.java:22)
at pageObjects.MyPage.getEditaccinfo(MyPage.java:22)
at pageObjects.MyPage.getEditaccinfo(MyPage.java:22)
at pageObjects.MyPage.getEditaccinfo(MyPage.java:22)
at pageObjects.MyPage.getEditaccinfo(MyPage.java:22)
at pageObjects.MyPage.getEditaccinfo(MyPage.java:22)
at pageObjects.MyPage.getEditaccinfo(MyPage.java:22)
at pageObjects.MyPage.getEditaccinfo(MyPage.java:22)
at pageObjects.MyPage.getEditaccinfo(MyPage.java:22)
at pageObjects.MyPage.getEditaccinfo(MyPage.java:22)
at pageObjects.MyPage.getEditaccinfo(MyPage.java:22)
at pageObjects.MyPage.getEditaccinfo(MyPage.java:22)
at pageObjects.MyPage.getEditaccinfo(MyPage.java:22)
at pageObjects.MyPage.getEditaccinfo(MyPage.java:22)
at pageObjects.MyPage.getEditaccinfo(MyPage.java:22)
at pageObjects.MyPage.getEditaccinfo(MyPage.java:22)
at pageObjects.MyPage.getEditaccinfo(MyPage.java:22)
at pageObjects.MyPage.getEditaccinfo(MyPage.java:22)
at pageObjects.MyPage.getEditaccinfo(MyPage.java:22)
at pageObjects.MyPage.getEditaccinfo(MyPage.java:22)
at pageObjects.MyPage.getEditaccinfo(MyPage.java:22)
at pageObjects.MyPage.getEditaccinfo(MyPage.java:22)
at pageObjects.MyPage.getEditaccinfo(MyPage.java:22)
at pageObjects.MyPage.getEditaccinfo(MyPage.java:22)
at pageObjects.MyPage.getEditaccinfo(MyPage.java:22)
at pageObjects.MyPage.getEditaccinfo(MyPage.java:22)
at pageObjects.MyPage.getEditaccinfo(MyPage.java:22)
at pageObjects.MyPage.getEditaccinfo(MyPage.java:22)
at pageObjects.MyPage.getEditaccinfo(MyPage.java:22)
at pageObjects.MyPage.getEditaccinfo(MyPage.java:22)
at pageObjects.MyPage.getEditaccinfo(MyPage.java:22)
at pageObjects.MyPage.getEditaccinfo(MyPage.java:22)
at pageObjects.MyPage.getEditaccinfo(MyPage.java:22)
at pageObjects.MyPage.getEditaccinfo(MyPage.java:22)
at pageObjects.MyPage.getEditaccinfo(MyPage.java:22)
at pageObjects.MyPage.getEditaccinfo(MyPage.java:22)
at pageObjects.MyPage.getEditaccinfo(MyPage.java:22)
at pageObjects.MyPage.getEditaccinfo(MyPage.java:22)
at pageObjects.MyPage.getEditaccinfo(MyPage.java:22)
at pageObjects.MyPage.getEditaccinfo(MyPage.java:22)
at pageObjects.MyPage.getEditaccinfo(MyPage.java:22)
at pageObjects.MyPage.getEditaccinfo(MyPage.java:22)
at pageObjects.MyPage.getEditaccinfo(MyPage.java:22)
at pageObjects.MyPage.getEditaccinfo(MyPage.java:22)
at pageObjects.MyPage.getEditaccinfo(MyPage.java:22)
at pageObjects.MyPage.getEditaccinfo(MyPage.java:22)
at pageObjects.MyPage.getEditaccinfo(MyPage.java:22)
at pageObjects.MyPage.getEditaccinfo(MyPage.java:22)
at pageObjects.MyPage.getEditaccinfo(MyPage.java:22)
at pageObjects.MyPage.getEditaccinfo(MyPage.java:22)
at pageObjects.MyPage.getEditaccinfo(MyPage.java:22)
at pageObjects.MyPage.getEditaccinfo(MyPage.java:22)
at pageObjects.MyPage.getEditaccinfo(MyPage.java:22)
at pageObjects.MyPage.getEditaccinfo(MyPage.java:22)
at pageObjects.MyPage.getEditaccinfo(MyPage.java:22)
at pageObjects.MyPage.getEditaccinfo(MyPage.java:22)
at pageObjects.MyPage.getEditaccinfo(MyPage.java:22)
at pageObjects.MyPage.getEditaccinfo(MyPage.java:22)
at pageObjects.MyPage.getEditaccinfo(MyPage.java:22)
at pageObjects.MyPage.getEditaccinfo(MyPage.java:22)
at pageObjects.MyPage.getEditaccinfo(MyPage.java:22)
at pageObjects.MyPage.getEditaccinfo(MyPage.java:22)
at pageObjects.MyPage.getEditaccinfo(MyPage.java:22)
at pageObjects.MyPage.getEditaccinfo(MyPage.java:22)
at pageObjects.MyPage.getEditaccinfo(MyPage.java:22)
at pageObjects.MyPage.getEditaccinfo(MyPage.java:22)
at pageObjects.MyPage.getEditaccinfo(MyPage.java:22)
at pageObjects.MyPage.getEditaccinfo(MyPage.java:22)
at pageObjects.MyPage.getEditaccinfo(MyPage.java:22)
at pageObjects.MyPage.getEditaccinfo(MyPage.java:22)
at pageObjects.MyPage.getEditaccinfo(MyPage.java:22)
at pageObjects.MyPage.getEditaccinfo(MyPage.java:22)
at pageObjects.MyPage.getEditaccinfo(MyPage.java:22)
at pageObjects.MyPage.getEditaccinfo(MyPage.java:22)
at pageObjects.MyPage.getEditaccinfo(MyPage.java:22)
at pageObjects.MyPage.getEditaccinfo(MyPage.java:22)
at pageObjects.MyPage.getEditaccinfo(MyPage.java:22)
at pageObjects.MyPage.getEditaccinfo(MyPage.java:22)
at pageObjects.MyPage.getEditaccinfo(MyPage.java:22)
at pageObjects.MyPage.getEditaccinfo(MyPage.java:22)
at pageObjects.MyPage.getEditaccinfo(MyPage.java:22)
at pageObjects.MyPage.getEditaccinfo(MyPage.java:22)
at pageObjects.MyPage.getEditaccinfo(MyPage.java:22)
at pageObjects.MyPage.getEditaccinfo(MyPage.java:22)
at pageObjects.MyPage.getEditaccinfo(MyPage.java:22)
at pageObjects.MyPage.getEditaccinfo(MyPage.java:22)
at pageObjects.MyPage.getEditaccinfo(MyPage.java:22)
at pageObjects.MyPage.getEditaccinfo(MyPage.java:22)
at pageObjects.MyPage.getEditaccinfo(MyPage.java:22)
at pageObjects.MyPage.getEditaccinfo(MyPage.java:22)
at pageObjects.MyPage.getEditaccinfo(MyPage.java:22)
at pageObjects.MyPage.getEditaccinfo(MyPage.java:22)
at pageObjects.MyPage.getEditaccinfo(MyPage.java:22)
at pageObjects.MyPage.getEditaccinfo(MyPage.java:22)
at pageObjects.MyPage.getEditaccinfo(MyPage.java:22)
at pageObjects.MyPage.getEditaccinfo(MyPage.java:22)
at pageObjects.MyPage.getEditaccinfo(MyPage.java:22)
at pageObjects.MyPage.getEditaccinfo(MyPage.java:22)
at pageObjects.MyPage.getEditaccinfo(MyPage.java:22)
at pageObjects.MyPage.getEditaccinfo(MyPage.java:22)
at pageObjects.MyPage.getEditaccinfo(MyPage.java:22)
at pageObjects.MyPage.getEditaccinfo(MyPage.java:22)
at pageObjects.MyPage.getEditaccinfo(MyPage.java:22)
at pageObjects.MyPage.getEditaccinfo(MyPage.java:22)
at pageObjects.MyPage.getEditaccinfo(MyPage.java:22)
at pageObjects.MyPage.getEditaccinfo(MyPage.java:22)
at pageObjects.MyPage.getEditaccinfo(MyPage.java:22)
at pageObjects.MyPage.getEditaccinfo(MyPage.java:22)
at pageObjects.MyPage.getEditaccinfo(MyPage.java:22)
at pageObjects.MyPage.getEditaccinfo(MyPage.java:22)
at pageObjects.MyPage.getEditaccinfo(MyPage.java:22)
at pageObjects.MyPage.getEditaccinfo(MyPage.java:22)
at pageObjects.MyPage.getEditaccinfo(MyPage.java:22)
at pageObjects.MyPage.getEditaccinfo(MyPage.java:22)
at pageObjects.MyPage.getEditaccinfo(MyPage.java:22)
at pageObjects.MyPage.getEditaccinfo(MyPage.java:22)
at pageObjects.MyPage.getEditaccinfo(MyPage.java:22)
at pageObjects.MyPage.getEditaccinfo(MyPage.java:22)
at pageObjects.MyPage.getEditaccinfo(MyPage.java:22)
at pageObjects.MyPage.getEditaccinfo(MyPage.java:22)
at pageObjects.MyPage.getEditaccinfo(MyPage.java:22)
at pageObjects.MyPage.getEditaccinfo(MyPage.java:22)
at pageObjects.MyPage.getEditaccinfo(MyPage.java:22)
at pageObjects.MyPage.getEditaccinfo(MyPage.java:22)
at pageObjects.MyPage.getEditaccinfo(MyPage.java:22)
at pageObjects.MyPage.getEditaccinfo(MyPage.java:22)
at pageObjects.MyPage.getEditaccinfo(MyPage.java:22)
at pageObjects.MyPage.getEditaccinfo(MyPage.java:22)
at pageObjects.MyPage.getEditaccinfo(MyPage.java:22)
at pageObjects.MyPage.getEditaccinfo(MyPage.java:22)
at pageObjects.MyPage.getEditaccinfo(MyPage.java:22)
at pageObjects.MyPage.getEditaccinfo(MyPage.java:22)
at pageObjects.MyPage.getEditaccinfo(MyPage.java:22)
at pageObjects.MyPage.getEditaccinfo(MyPage.java:22)
at pageObjects.MyPage.getEditaccinfo(MyPage.java:22)
at pageObjects.MyPage.getEditaccinfo(MyPage.java:22)
at pageObjects.MyPage.getEditaccinfo(MyPage.java:22)
at pageObjects.MyPage.getEditaccinfo(MyPage.java:22)
at pageObjects.MyPage.getEditaccinfo(MyPage.java:22)
at pageObjects.MyPage.getEditaccinfo(MyPage.java:22)
at pageObjects.MyPage.getEditaccinfo(MyPage.java:22)
at pageObjects.MyPage.getEditaccinfo(MyPage.java:22)
at pageObjects.MyPage.getEditaccinfo(MyPage.java:22)
at pageObjects.MyPage.getEditaccinfo(MyPage.java:22)
at pageObjects.MyPage.getEditaccinfo(MyPage.java:22)
at pageObjects.MyPage.getEditaccinfo(MyPage.java:22)
at pageObjects.MyPage.getEditaccinfo(MyPage.java:22)
at pageObjects.MyPage.getEditaccinfo(MyPage.java:22)
at pageObjects.MyPage.getEditaccinfo(MyPage.java:22)
at pageObjects.MyPage.getEditaccinfo(MyPage.java:22)
at pageObjects.MyPage.getEditaccinfo(MyPage.java:22)
at pageObjects.MyPage.getEditaccinfo(MyPage.java:22)
at pageObjects.MyPage.getEditaccinfo(MyPage.java:22)
at pageObjects.MyPage.getEditaccinfo(MyPage.java:22)
at pageObjects.MyPage.getEditaccinfo(MyPage.java:22)
at pageObjects.MyPage.getEditaccinfo(MyPage.java:22)
at pageObjects.MyPage.getEditaccinfo(MyPage.java:22)
at pageObjects.MyPage.getEditaccinfo(MyPage.java:22)
at pageObjects.MyPage.getEditaccinfo(MyPage.java:22)
at pageObjects.MyPage.getEditaccinfo(MyPage.java:22)
at pageObjects.MyPage.getEditaccinfo(MyPage.java:22)
at pageObjects.MyPage.getEditaccinfo(MyPage.java:22)
at pageObjects.MyPage.getEditaccinfo(MyPage.java:22)
at pageObjects.MyPage.getEditaccinfo(MyPage.java:22)
at pageObjects.MyPage.getEditaccinfo(MyPage.java:22)
at pageObjects.MyPage.getEditaccinfo(MyPage.java:22)
at pageObjects.MyPage.getEditaccinfo(MyPage.java:22)
at pageObjects.MyPage.getEditaccinfo(MyPage.java:22)
at pageObjects.MyPage.getEditaccinfo(MyPage.java:22)
at pageObjects.MyPage.getEditaccinfo(MyPage.java:22)
at pageObjects.MyPage.getEditaccinfo(MyPage.java:22)
at pageObjects.MyPage.getEditaccinfo(MyPage.java:22)
at pageObjects.MyPage.getEditaccinfo(MyPage.java:22)
at pageObjects.MyPage.getEditaccinfo(MyPage.java:22)
at pageObjects.MyPage.getEditaccinfo(MyPage.java:22)
at pageObjects.MyPage.getEditaccinfo(MyPage.java:22)
at pageObjects.MyPage.getEditaccinfo(MyPage.java:22)
at pageObjects.MyPage.getEditaccinfo(MyPage.java:22)
at pageObjects.MyPage.getEditaccinfo(MyPage.java:22)
at pageObjects.MyPage.getEditaccinfo(MyPage.java:22)
at pageObjects.MyPage.getEditaccinfo(MyPage.java:22)
at pageObjects.MyPage.getEditaccinfo(MyPage.java:22)
at pageObjects.MyPage.getEditaccinfo(MyPage.java:22)
at pageObjects.MyPage.getEditaccinfo(MyPage.java:22)
at pageObjects.MyPage.getEditaccinfo(MyPage.java:22)
at pageObjects.MyPage.getEditaccinfo(MyPage.java:22)
at pageObjects.MyPage.getEditaccinfo(MyPage.java:22)
at pageObjects.MyPage.getEditaccinfo(MyPage.java:22)
at pageObjects.MyPage.getEditaccinfo(MyPage.java:22)
at pageObjects.MyPage.getEditaccinfo(MyPage.java:22)
at pageObjects.MyPage.getEditaccinfo(MyPage.java:22)
at pageObjects.MyPage.getEditaccinfo(MyPage.java:22)
at pageObjects.MyPage.getEditaccinfo(MyPage.java:22)
at pageObjects.MyPage.getEditaccinfo(MyPage.java:22)
]]>
    </error>
  </testcase> <!-- login -->
  <system-out/>
  <testcase classname="Tests.LoginTest" name="login" time="22.398">
    <error type="java.lang.StackOverflowError">
      <![CDATA[java.lang.StackOverflowError
at pageObjects.MyPage.getEditaccinfo(MyPage.java:22)
at pageObjects.MyPage.getEditaccinfo(MyPage.java:22)
at pageObjects.MyPage.getEditaccinfo(MyPage.java:22)
at pageObjects.MyPage.getEditaccinfo(MyPage.java:22)
at pageObjects.MyPage.getEditaccinfo(MyPage.java:22)
at pageObjects.MyPage.getEditaccinfo(MyPage.java:22)
at pageObjects.MyPage.getEditaccinfo(MyPage.java:22)
at pageObjects.MyPage.getEditaccinfo(MyPage.java:22)
at pageObjects.MyPage.getEditaccinfo(MyPage.java:22)
at pageObjects.MyPage.getEditaccinfo(MyPage.java:22)
at pageObjects.MyPage.getEditaccinfo(MyPage.java:22)
at pageObjects.MyPage.getEditaccinfo(MyPage.java:22)
at pageObjects.MyPage.getEditaccinfo(MyPage.java:22)
at pageObjects.MyPage.getEditaccinfo(MyPage.java:22)
at pageObjects.MyPage.getEditaccinfo(MyPage.java:22)
at pageObjects.MyPage.getEditaccinfo(MyPage.java:22)
at pageObjects.MyPage.getEditaccinfo(MyPage.java:22)
at pageObjects.MyPage.getEditaccinfo(MyPage.java:22)
at pageObjects.MyPage.getEditaccinfo(MyPage.java:22)
at pageObjects.MyPage.getEditaccinfo(MyPage.java:22)
at pageObjects.MyPage.getEditaccinfo(MyPage.java:22)
at pageObjects.MyPage.getEditaccinfo(MyPage.java:22)
at pageObjects.MyPage.getEditaccinfo(MyPage.java:22)
at pageObjects.MyPage.getEditaccinfo(MyPage.java:22)
at pageObjects.MyPage.getEditaccinfo(MyPage.java:22)
at pageObjects.MyPage.getEditaccinfo(MyPage.java:22)
at pageObjects.MyPage.getEditaccinfo(MyPage.java:22)
at pageObjects.MyPage.getEditaccinfo(MyPage.java:22)
at pageObjects.MyPage.getEditaccinfo(MyPage.java:22)
at pageObjects.MyPage.getEditaccinfo(MyPage.java:22)
at pageObjects.MyPage.getEditaccinfo(MyPage.java:22)
at pageObjects.MyPage.getEditaccinfo(MyPage.java:22)
at pageObjects.MyPage.getEditaccinfo(MyPage.java:22)
at pageObjects.MyPage.getEditaccinfo(MyPage.java:22)
at pageObjects.MyPage.getEditaccinfo(MyPage.java:22)
at pageObjects.MyPage.getEditaccinfo(MyPage.java:22)
at pageObjects.MyPage.getEditaccinfo(MyPage.java:22)
at pageObjects.MyPage.getEditaccinfo(MyPage.java:22)
at pageObjects.MyPage.getEditaccinfo(MyPage.java:22)
at pageObjects.MyPage.getEditaccinfo(MyPage.java:22)
at pageObjects.MyPage.getEditaccinfo(MyPage.java:22)
at pageObjects.MyPage.getEditaccinfo(MyPage.java:22)
at pageObjects.MyPage.getEditaccinfo(MyPage.java:22)
at pageObjects.MyPage.getEditaccinfo(MyPage.java:22)
at pageObjects.MyPage.getEditaccinfo(MyPage.java:22)
at pageObjects.MyPage.getEditaccinfo(MyPage.java:22)
at pageObjects.MyPage.getEditaccinfo(MyPage.java:22)
at pageObjects.MyPage.getEditaccinfo(MyPage.java:22)
at pageObjects.MyPage.getEditaccinfo(MyPage.java:22)
at pageObjects.MyPage.getEditaccinfo(MyPage.java:22)
at pageObjects.MyPage.getEditaccinfo(MyPage.java:22)
at pageObjects.MyPage.getEditaccinfo(MyPage.java:22)
at pageObjects.MyPage.getEditaccinfo(MyPage.java:22)
at pageObjects.MyPage.getEditaccinfo(MyPage.java:22)
at pageObjects.MyPage.getEditaccinfo(MyPage.java:22)
at pageObjects.MyPage.getEditaccinfo(MyPage.java:22)
at pageObjects.MyPage.getEditaccinfo(MyPage.java:22)
at pageObjects.MyPage.getEditaccinfo(MyPage.java:22)
at pageObjects.MyPage.getEditaccinfo(MyPage.java:22)
at pageObjects.MyPage.getEditaccinfo(MyPage.java:22)
at pageObjects.MyPage.getEditaccinfo(MyPage.java:22)
at pageObjects.MyPage.getEditaccinfo(MyPage.java:22)
at pageObjects.MyPage.getEditaccinfo(MyPage.java:22)
at pageObjects.MyPage.getEditaccinfo(MyPage.java:22)
at pageObjects.MyPage.getEditaccinfo(MyPage.java:22)
at pageObjects.MyPage.getEditaccinfo(MyPage.java:22)
at pageObjects.MyPage.getEditaccinfo(MyPage.java:22)
at pageObjects.MyPage.getEditaccinfo(MyPage.java:22)
at pageObjects.MyPage.getEditaccinfo(MyPage.java:22)
at pageObjects.MyPage.getEditaccinfo(MyPage.java:22)
at pageObjects.MyPage.getEditaccinfo(MyPage.java:22)
at pageObjects.MyPage.getEditaccinfo(MyPage.java:22)
at pageObjects.MyPage.getEditaccinfo(MyPage.java:22)
at pageObjects.MyPage.getEditaccinfo(MyPage.java:22)
at pageObjects.MyPage.getEditaccinfo(MyPage.java:22)
at pageObjects.MyPage.getEditaccinfo(MyPage.java:22)
at pageObjects.MyPage.getEditaccinfo(MyPage.java:22)
at pageObjects.MyPage.getEditaccinfo(MyPage.java:22)
at pageObjects.MyPage.getEditaccinfo(MyPage.java:22)
at pageObjects.MyPage.getEditaccinfo(MyPage.java:22)
at pageObjects.MyPage.getEditaccinfo(MyPage.java:22)
at pageObjects.MyPage.getEditaccinfo(MyPage.java:22)
at pageObjects.MyPage.getEditaccinfo(MyPage.java:22)
at pageObjects.MyPage.getEditaccinfo(MyPage.java:22)
at pageObjects.MyPage.getEditaccinfo(MyPage.java:22)
at pageObjects.MyPage.getEditaccinfo(MyPage.java:22)
at pageObjects.MyPage.getEditaccinfo(MyPage.java:22)
at pageObjects.MyPage.getEditaccinfo(MyPage.java:22)
at pageObjects.MyPage.getEditaccinfo(MyPage.java:22)
at pageObjects.MyPage.getEditaccinfo(MyPage.java:22)
at pageObjects.MyPage.getEditaccinfo(MyPage.java:22)
at pageObjects.MyPage.getEditaccinfo(MyPage.java:22)
at pageObjects.MyPage.getEditaccinfo(MyPage.java:22)
at pageObjects.MyPage.getEditaccinfo(MyPage.java:22)
at pageObjects.MyPage.getEditaccinfo(MyPage.java:22)
at pageObjects.MyPage.getEditaccinfo(MyPage.java:22)
at pageObjects.MyPage.getEditaccinfo(MyPage.java:22)
at pageObjects.MyPage.getEditaccinfo(MyPage.java:22)
at pageObjects.MyPage.getEditaccinfo(MyPage.java:22)
at pageObjects.MyPage.getEditaccinfo(MyPage.java:22)
at pageObjects.MyPage.getEditaccinfo(MyPage.java:22)
at pageObjects.MyPage.getEditaccinfo(MyPage.java:22)
at pageObjects.MyPage.getEditaccinfo(MyPage.java:22)
at pageObjects.MyPage.getEditaccinfo(MyPage.java:22)
at pageObjects.MyPage.getEditaccinfo(MyPage.java:22)
at pageObjects.MyPage.getEditaccinfo(MyPage.java:22)
at pageObjects.MyPage.getEditaccinfo(MyPage.java:22)
at pageObjects.MyPage.getEditaccinfo(MyPage.java:22)
at pageObjects.MyPage.getEditaccinfo(MyPage.java:22)
at pageObjects.MyPage.getEditaccinfo(MyPage.java:22)
at pageObjects.MyPage.getEditaccinfo(MyPage.java:22)
at pageObjects.MyPage.getEditaccinfo(MyPage.java:22)
at pageObjects.MyPage.getEditaccinfo(MyPage.java:22)
at pageObjects.MyPage.getEditaccinfo(MyPage.java:22)
at pageObjects.MyPage.getEditaccinfo(MyPage.java:22)
at pageObjects.MyPage.getEditaccinfo(MyPage.java:22)
at pageObjects.MyPage.getEditaccinfo(MyPage.java:22)
at pageObjects.MyPage.getEditaccinfo(MyPage.java:22)
at pageObjects.MyPage.getEditaccinfo(MyPage.java:22)
at pageObjects.MyPage.getEditaccinfo(MyPage.java:22)
at pageObjects.MyPage.getEditaccinfo(MyPage.java:22)
at pageObjects.MyPage.getEditaccinfo(MyPage.java:22)
at pageObjects.MyPage.getEditaccinfo(MyPage.java:22)
at pageObjects.MyPage.getEditaccinfo(MyPage.java:22)
at pageObjects.MyPage.getEditaccinfo(MyPage.java:22)
at pageObjects.MyPage.getEditaccinfo(MyPage.java:22)
at pageObjects.MyPage.getEditaccinfo(MyPage.java:22)
at pageObjects.MyPage.getEditaccinfo(MyPage.java:22)
at pageObjects.MyPage.getEditaccinfo(MyPage.java:22)
at pageObjects.MyPage.getEditaccinfo(MyPage.java:22)
at pageObjects.MyPage.getEditaccinfo(MyPage.java:22)
at pageObjects.MyPage.getEditaccinfo(MyPage.java:22)
at pageObjects.MyPage.getEditaccinfo(MyPage.java:22)
at pageObjects.MyPage.getEditaccinfo(MyPage.java:22)
at pageObjects.MyPage.getEditaccinfo(MyPage.java:22)
at pageObjects.MyPage.getEditaccinfo(MyPage.java:22)
at pageObjects.MyPage.getEditaccinfo(MyPage.java:22)
at pageObjects.MyPage.getEditaccinfo(MyPage.java:22)
at pageObjects.MyPage.getEditaccinfo(MyPage.java:22)
at pageObjects.MyPage.getEditaccinfo(MyPage.java:22)
at pageObjects.MyPage.getEditaccinfo(MyPage.java:22)
at pageObjects.MyPage.getEditaccinfo(MyPage.java:22)
at pageObjects.MyPage.getEditaccinfo(MyPage.java:22)
at pageObjects.MyPage.getEditaccinfo(MyPage.java:22)
at pageObjects.MyPage.getEditaccinfo(MyPage.java:22)
at pageObjects.MyPage.getEditaccinfo(MyPage.java:22)
at pageObjects.MyPage.getEditaccinfo(MyPage.java:22)
at pageObjects.MyPage.getEditaccinfo(MyPage.java:22)
at pageObjects.MyPage.getEditaccinfo(MyPage.java:22)
at pageObjects.MyPage.getEditaccinfo(MyPage.java:22)
at pageObjects.MyPage.getEditaccinfo(MyPage.java:22)
at pageObjects.MyPage.getEditaccinfo(MyPage.java:22)
at pageObjects.MyPage.getEditaccinfo(MyPage.java:22)
at pageObjects.MyPage.getEditaccinfo(MyPage.java:22)
at pageObjects.MyPage.getEditaccinfo(MyPage.java:22)
at pageObjects.MyPage.getEditaccinfo(MyPage.java:22)
at pageObjects.MyPage.getEditaccinfo(MyPage.java:22)
at pageObjects.MyPage.getEditaccinfo(MyPage.java:22)
at pageObjects.MyPage.getEditaccinfo(MyPage.java:22)
at pageObjects.MyPage.getEditaccinfo(MyPage.java:22)
at pageObjects.MyPage.getEditaccinfo(MyPage.java:22)
at pageObjects.MyPage.getEditaccinfo(MyPage.java:22)
at pageObjects.MyPage.getEditaccinfo(MyPage.java:22)
at pageObjects.MyPage.getEditaccinfo(MyPage.java:22)
at pageObjects.MyPage.getEditaccinfo(MyPage.java:22)
at pageObjects.MyPage.getEditaccinfo(MyPage.java:22)
at pageObjects.MyPage.getEditaccinfo(MyPage.java:22)
at pageObjects.MyPage.getEditaccinfo(MyPage.java:22)
at pageObjects.MyPage.getEditaccinfo(MyPage.java:22)
at pageObjects.MyPage.getEditaccinfo(MyPage.java:22)
at pageObjects.MyPage.getEditaccinfo(MyPage.java:22)
at pageObjects.MyPage.getEditaccinfo(MyPage.java:22)
at pageObjects.MyPage.getEditaccinfo(MyPage.java:22)
at pageObjects.MyPage.getEditaccinfo(MyPage.java:22)
at pageObjects.MyPage.getEditaccinfo(MyPage.java:22)
at pageObjects.MyPage.getEditaccinfo(MyPage.java:22)
at pageObjects.MyPage.getEditaccinfo(MyPage.java:22)
at pageObjects.MyPage.getEditaccinfo(MyPage.java:22)
at pageObjects.MyPage.getEditaccinfo(MyPage.java:22)
at pageObjects.MyPage.getEditaccinfo(MyPage.java:22)
at pageObjects.MyPage.getEditaccinfo(MyPage.java:22)
at pageObjects.MyPage.getEditaccinfo(MyPage.java:22)
at pageObjects.MyPage.getEditaccinfo(MyPage.java:22)
at pageObjects.MyPage.getEditaccinfo(MyPage.java:22)
at pageObjects.MyPage.getEditaccinfo(MyPage.java:22)
at pageObjects.MyPage.getEditaccinfo(MyPage.java:22)
at pageObjects.MyPage.getEditaccinfo(MyPage.java:22)
at pageObjects.MyPage.getEditaccinfo(MyPage.java:22)
at pageObjects.MyPage.getEditaccinfo(MyPage.java:22)
at pageObjects.MyPage.getEditaccinfo(MyPage.java:22)
at pageObjects.MyPage.getEditaccinfo(MyPage.java:22)
at pageObjects.MyPage.getEditaccinfo(MyPage.java:22)
at pageObjects.MyPage.getEditaccinfo(MyPage.java:22)
at pageObjects.MyPage.getEditaccinfo(MyPage.java:22)
at pageObjects.MyPage.getEditaccinfo(MyPage.java:22)
at pageObjects.MyPage.getEditaccinfo(MyPage.java:22)
at pageObjects.MyPage.getEditaccinfo(MyPage.java:22)
at pageObjects.MyPage.getEditaccinfo(MyPage.java:22)
at pageObjects.MyPage.getEditaccinfo(MyPage.java:22)
at pageObjects.MyPage.getEditaccinfo(MyPage.java:22)
at pageObjects.MyPage.getEditaccinfo(MyPage.java:22)
at pageObjects.MyPage.getEditaccinfo(MyPage.java:22)
at pageObjects.MyPage.getEditaccinfo(MyPage.java:22)
at pageObjects.MyPage.getEditaccinfo(MyPage.java:22)
at pageObjects.MyPage.getEditaccinfo(MyPage.java:22)
at pageObjects.MyPage.getEditaccinfo(MyPage.java:22)
at pageObjects.MyPage.getEditaccinfo(MyPage.java:22)
at pageObjects.MyPage.getEditaccinfo(MyPage.java:22)
at pageObjects.MyPage.getEditaccinfo(MyPage.java:22)
at pageObjects.MyPage.getEditaccinfo(MyPage.java:22)
at pageObjects.MyPage.getEditaccinfo(MyPage.java:22)
at pageObjects.MyPage.getEditaccinfo(MyPage.java:22)
at pageObjects.MyPage.getEditaccinfo(MyPage.java:22)
at pageObjects.MyPage.getEditaccinfo(MyPage.java:22)
at pageObjects.MyPage.getEditaccinfo(MyPage.java:22)
at pageObjects.MyPage.getEditaccinfo(MyPage.java:22)
at pageObjects.MyPage.getEditaccinfo(MyPage.java:22)
at pageObjects.MyPage.getEditaccinfo(MyPage.java:22)
at pageObjects.MyPage.getEditaccinfo(MyPage.java:22)
at pageObjects.MyPage.getEditaccinfo(MyPage.java:22)
at pageObjects.MyPage.getEditaccinfo(MyPage.java:22)
at pageObjects.MyPage.getEditaccinfo(MyPage.java:22)
at pageObjects.MyPage.getEditaccinfo(MyPage.java:22)
at pageObjects.MyPage.getEditaccinfo(MyPage.java:22)
at pageObjects.MyPage.getEditaccinfo(MyPage.java:22)
at pageObjects.MyPage.getEditaccinfo(MyPage.java:22)
at pageObjects.MyPage.getEditaccinfo(MyPage.java:22)
at pageObjects.MyPage.getEditaccinfo(MyPage.java:22)
at pageObjects.MyPage.getEditaccinfo(MyPage.java:22)
at pageObjects.MyPage.getEditaccinfo(MyPage.java:22)
at pageObjects.MyPage.getEditaccinfo(MyPage.java:22)
at pageObjects.MyPage.getEditaccinfo(MyPage.java:22)
at pageObjects.MyPage.getEditaccinfo(MyPage.java:22)
at pageObjects.MyPage.getEditaccinfo(MyPage.java:22)
at pageObjects.MyPage.getEditaccinfo(MyPage.java:22)
at pageObjects.MyPage.getEditaccinfo(MyPage.java:22)
at pageObjects.MyPage.getEditaccinfo(MyPage.java:22)
at pageObjects.MyPage.getEditaccinfo(MyPage.java:22)
at pageObjects.MyPage.getEditaccinfo(MyPage.java:22)
at pageObjects.MyPage.getEditaccinfo(MyPage.java:22)
at pageObjects.MyPage.getEditaccinfo(MyPage.java:22)
at pageObjects.MyPage.getEditaccinfo(MyPage.java:22)
at pageObjects.MyPage.getEditaccinfo(MyPage.java:22)
at pageObjects.MyPage.getEditaccinfo(MyPage.java:22)
at pageObjects.MyPage.getEditaccinfo(MyPage.java:22)
at pageObjects.MyPage.getEditaccinfo(MyPage.java:22)
at pageObjects.MyPage.getEditaccinfo(MyPage.java:22)
at pageObjects.MyPage.getEditaccinfo(MyPage.java:22)
at pageObjects.MyPage.getEditaccinfo(MyPage.java:22)
at pageObjects.MyPage.getEditaccinfo(MyPage.java:22)
at pageObjects.MyPage.getEditaccinfo(MyPage.java:22)
at pageObjects.MyPage.getEditaccinfo(MyPage.java:22)
at pageObjects.MyPage.getEditaccinfo(MyPage.java:22)
at pageObjects.MyPage.getEditaccinfo(MyPage.java:22)
at pageObjects.MyPage.getEditaccinfo(MyPage.java:22)
at pageObjects.MyPage.getEditaccinfo(MyPage.java:22)
at pageObjects.MyPage.getEditaccinfo(MyPage.java:22)
at pageObjects.MyPage.getEditaccinfo(MyPage.java:22)
at pageObjects.MyPage.getEditaccinfo(MyPage.java:22)
at pageObjects.MyPage.getEditaccinfo(MyPage.java:22)
at pageObjects.MyPage.getEditaccinfo(MyPage.java:22)
at pageObjects.MyPage.getEditaccinfo(MyPage.java:22)
at pageObjects.MyPage.getEditaccinfo(MyPage.java:22)
at pageObjects.MyPage.getEditaccinfo(MyPage.java:22)
at pageObjects.MyPage.getEditaccinfo(MyPage.java:22)
at pageObjects.MyPage.getEditaccinfo(MyPage.java:22)
at pageObjects.MyPage.getEditaccinfo(MyPage.java:22)
at pageObjects.MyPage.getEditaccinfo(MyPage.java:22)
at pageObjects.MyPage.getEditaccinfo(MyPage.java:22)
at pageObjects.MyPage.getEditaccinfo(MyPage.java:22)
at pageObjects.MyPage.getEditaccinfo(MyPage.java:22)
at pageObjects.MyPage.getEditaccinfo(MyPage.java:22)
at pageObjects.MyPage.getEditaccinfo(MyPage.java:22)
at pageObjects.MyPage.getEditaccinfo(MyPage.java:22)
at pageObjects.MyPage.getEditaccinfo(MyPage.java:22)
at pageObjects.MyPage.getEditaccinfo(MyPage.java:22)
at pageObjects.MyPage.getEditaccinfo(MyPage.java:22)
at pageObjects.MyPage.getEditaccinfo(MyPage.java:22)
at pageObjects.MyPage.getEditaccinfo(MyPage.java:22)
at pageObjects.MyPage.getEditaccinfo(MyPage.java:22)
at pageObjects.MyPage.getEditaccinfo(MyPage.java:22)
at pageObjects.MyPage.getEditaccinfo(MyPage.java:22)
at pageObjects.MyPage.getEditaccinfo(MyPage.java:22)
at pageObjects.MyPage.getEditaccinfo(MyPage.java:22)
at pageObjects.MyPage.getEditaccinfo(MyPage.java:22)
at pageObjects.MyPage.getEditaccinfo(MyPage.java:22)
at pageObjects.MyPage.getEditaccinfo(MyPage.java:22)
at pageObjects.MyPage.getEditaccinfo(MyPage.java:22)
at pageObjects.MyPage.getEditaccinfo(MyPage.java:22)
at pageObjects.MyPage.getEditaccinfo(MyPage.java:22)
at pageObjects.MyPage.getEditaccinfo(MyPage.java:22)
at pageObjects.MyPage.getEditaccinfo(MyPage.java:22)
at pageObjects.MyPage.getEditaccinfo(MyPage.java:22)
at pageObjects.MyPage.getEditaccinfo(MyPage.java:22)
at pageObjects.MyPage.getEditaccinfo(MyPage.java:22)
at pageObjects.MyPage.getEditaccinfo(MyPage.java:22)
at pageObjects.MyPage.getEditaccinfo(MyPage.java:22)
at pageObjects.MyPage.getEditaccinfo(MyPage.java:22)
at pageObjects.MyPage.getEditaccinfo(MyPage.java:22)
at pageObjects.MyPage.getEditaccinfo(MyPage.java:22)
at pageObjects.MyPage.getEditaccinfo(MyPage.java:22)
at pageObjects.MyPage.getEditaccinfo(MyPage.java:22)
at pageObjects.MyPage.getEditaccinfo(MyPage.java:22)
at pageObjects.MyPage.getEditaccinfo(MyPage.java:22)
at pageObjects.MyPage.getEditaccinfo(MyPage.java:22)
at pageObjects.MyPage.getEditaccinfo(MyPage.java:22)
at pageObjects.MyPage.getEditaccinfo(MyPage.java:22)
at pageObjects.MyPage.getEditaccinfo(MyPage.java:22)
at pageObjects.MyPage.getEditaccinfo(MyPage.java:22)
at pageObjects.MyPage.getEditaccinfo(MyPage.java:22)
at pageObjects.MyPage.getEditaccinfo(MyPage.java:22)
at pageObjects.MyPage.getEditaccinfo(MyPage.java:22)
at pageObjects.MyPage.getEditaccinfo(MyPage.java:22)
at pageObjects.MyPage.getEditaccinfo(MyPage.java:22)
at pageObjects.MyPage.getEditaccinfo(MyPage.java:22)
at pageObjects.MyPage.getEditaccinfo(MyPage.java:22)
at pageObjects.MyPage.getEditaccinfo(MyPage.java:22)
at pageObjects.MyPage.getEditaccinfo(MyPage.java:22)
at pageObjects.MyPage.getEditaccinfo(MyPage.java:22)
at pageObjects.MyPage.getEditaccinfo(MyPage.java:22)
at pageObjects.MyPage.getEditaccinfo(MyPage.java:22)
at pageObjects.MyPage.getEditaccinfo(MyPage.java:22)
at pageObjects.MyPage.getEditaccinfo(MyPage.java:22)
at pageObjects.MyPage.getEditaccinfo(MyPage.java:22)
at pageObjects.MyPage.getEditaccinfo(MyPage.java:22)
at pageObjects.MyPage.getEditaccinfo(MyPage.java:22)
at pageObjects.MyPage.getEditaccinfo(MyPage.java:22)
at pageObjects.MyPage.getEditaccinfo(MyPage.java:22)
at pageObjects.MyPage.getEditaccinfo(MyPage.java:22)
at pageObjects.MyPage.getEditaccinfo(MyPage.java:22)
at pageObjects.MyPage.getEditaccinfo(MyPage.java:22)
at pageObjects.MyPage.getEditaccinfo(MyPage.java:22)
at pageObjects.MyPage.getEditaccinfo(MyPage.java:22)
at pageObjects.MyPage.getEditaccinfo(MyPage.java:22)
at pageObjects.MyPage.getEditaccinfo(MyPage.java:22)
at pageObjects.MyPage.getEditaccinfo(MyPage.java:22)
at pageObjects.MyPage.getEditaccinfo(MyPage.java:22)
at pageObjects.MyPage.getEditaccinfo(MyPage.java:22)
at pageObjects.MyPage.getEditaccinfo(MyPage.java:22)
at pageObjects.MyPage.getEditaccinfo(MyPage.java:22)
at pageObjects.MyPage.getEditaccinfo(MyPage.java:22)
at pageObjects.MyPage.getEditaccinfo(MyPage.java:22)
at pageObjects.MyPage.getEditaccinfo(MyPage.java:22)
at pageObjects.MyPage.getEditaccinfo(MyPage.java:22)
at pageObjects.MyPage.getEditaccinfo(MyPage.java:22)
at pageObjects.MyPage.getEditaccinfo(MyPage.java:22)
at pageObjects.MyPage.getEditaccinfo(MyPage.java:22)
at pageObjects.MyPage.getEditaccinfo(MyPage.java:22)
at pageObjects.MyPage.getEditaccinfo(MyPage.java:22)
at pageObjects.MyPage.getEditaccinfo(MyPage.java:22)
at pageObjects.MyPage.getEditaccinfo(MyPage.java:22)
at pageObjects.MyPage.getEditaccinfo(MyPage.java:22)
at pageObjects.MyPage.getEditaccinfo(MyPage.java:22)
at pageObjects.MyPage.getEditaccinfo(MyPage.java:22)
at pageObjects.MyPage.getEditaccinfo(MyPage.java:22)
at pageObjects.MyPage.getEditaccinfo(MyPage.java:22)
at pageObjects.MyPage.getEditaccinfo(MyPage.java:22)
at pageObjects.MyPage.getEditaccinfo(MyPage.java:22)
at pageObjects.MyPage.getEditaccinfo(MyPage.java:22)
at pageObjects.MyPage.getEditaccinfo(MyPage.java:22)
at pageObjects.MyPage.getEditaccinfo(MyPage.java:22)
at pageObjects.MyPage.getEditaccinfo(MyPage.java:22)
at pageObjects.MyPage.getEditaccinfo(MyPage.java:22)
at pageObjects.MyPage.getEditaccinfo(MyPage.java:22)
at pageObjects.MyPage.getEditaccinfo(MyPage.java:22)
at pageObjects.MyPage.getEditaccinfo(MyPage.java:22)
at pageObjects.MyPage.getEditaccinfo(MyPage.java:22)
at pageObjects.MyPage.getEditaccinfo(MyPage.java:22)
at pageObjects.MyPage.getEditaccinfo(MyPage.java:22)
at pageObjects.MyPage.getEditaccinfo(MyPage.java:22)
at pageObjects.MyPage.getEditaccinfo(MyPage.java:22)
at pageObjects.MyPage.getEditaccinfo(MyPage.java:22)
at pageObjects.MyPage.getEditaccinfo(MyPage.java:22)
at pageObjects.MyPage.getEditaccinfo(MyPage.java:22)
at pageObjects.MyPage.getEditaccinfo(MyPage.java:22)
at pageObjects.MyPage.getEditaccinfo(MyPage.java:22)
at pageObjects.MyPage.getEditaccinfo(MyPage.java:22)
at pageObjects.MyPage.getEditaccinfo(MyPage.java:22)
at pageObjects.MyPage.getEditaccinfo(MyPage.java:22)
at pageObjects.MyPage.getEditaccinfo(MyPage.java:22)
at pageObjects.MyPage.getEditaccinfo(MyPage.java:22)
at pageObjects.MyPage.getEditaccinfo(MyPage.java:22)
at pageObjects.MyPage.getEditaccinfo(MyPage.java:22)
at pageObjects.MyPage.getEditaccinfo(MyPage.java:22)
at pageObjects.MyPage.getEditaccinfo(MyPage.java:22)
at pageObjects.MyPage.getEditaccinfo(MyPage.java:22)
at pageObjects.MyPage.getEditaccinfo(MyPage.java:22)
at pageObjects.MyPage.getEditaccinfo(MyPage.java:22)
at pageObjects.MyPage.getEditaccinfo(MyPage.java:22)
at pageObjects.MyPage.getEditaccinfo(MyPage.java:22)
at pageObjects.MyPage.getEditaccinfo(MyPage.java:22)
at pageObjects.MyPage.getEditaccinfo(MyPage.java:22)
at pageObjects.MyPage.getEditaccinfo(MyPage.java:22)
at pageObjects.MyPage.getEditaccinfo(MyPage.java:22)
at pageObjects.MyPage.getEditaccinfo(MyPage.java:22)
at pageObjects.MyPage.getEditaccinfo(MyPage.java:22)
at pageObjects.MyPage.getEditaccinfo(MyPage.java:22)
at pageObjects.MyPage.getEditaccinfo(MyPage.java:22)
at pageObjects.MyPage.getEditaccinfo(MyPage.java:22)
at pageObjects.MyPage.getEditaccinfo(MyPage.java:22)
at pageObjects.MyPage.getEditaccinfo(MyPage.java:22)
at pageObjects.MyPage.getEditaccinfo(MyPage.java:22)
at pageObjects.MyPage.getEditaccinfo(MyPage.java:22)
at pageObjects.MyPage.getEditaccinfo(MyPage.java:22)
at pageObjects.MyPage.getEditaccinfo(MyPage.java:22)
at pageObjects.MyPage.getEditaccinfo(MyPage.java:22)
at pageObjects.MyPage.getEditaccinfo(MyPage.java:22)
at pageObjects.MyPage.getEditaccinfo(MyPage.java:22)
at pageObjects.MyPage.getEditaccinfo(MyPage.java:22)
at pageObjects.MyPage.getEditaccinfo(MyPage.java:22)
at pageObjects.MyPage.getEditaccinfo(MyPage.java:22)
at pageObjects.MyPage.getEditaccinfo(MyPage.java:22)
at pageObjects.MyPage.getEditaccinfo(MyPage.java:22)
at pageObjects.MyPage.getEditaccinfo(MyPage.java:22)
at pageObjects.MyPage.getEditaccinfo(MyPage.java:22)
at pageObjects.MyPage.getEditaccinfo(MyPage.java:22)
at pageObjects.MyPage.getEditaccinfo(MyPage.java:22)
at pageObjects.MyPage.getEditaccinfo(MyPage.java:22)
at pageObjects.MyPage.getEditaccinfo(MyPage.java:22)
at pageObjects.MyPage.getEditaccinfo(MyPage.java:22)
at pageObjects.MyPage.getEditaccinfo(MyPage.java:22)
at pageObjects.MyPage.getEditaccinfo(MyPage.java:22)
at pageObjects.MyPage.getEditaccinfo(MyPage.java:22)
at pageObjects.MyPage.getEditaccinfo(MyPage.java:22)
at pageObjects.MyPage.getEditaccinfo(MyPage.java:22)
at pageObjects.MyPage.getEditaccinfo(MyPage.java:22)
at pageObjects.MyPage.getEditaccinfo(MyPage.java:22)
at pageObjects.MyPage.getEditaccinfo(MyPage.java:22)
at pageObjects.MyPage.getEditaccinfo(MyPage.java:22)
at pageObjects.MyPage.getEditaccinfo(MyPage.java:22)
at pageObjects.MyPage.getEditaccinfo(MyPage.java:22)
at pageObjects.MyPage.getEditaccinfo(MyPage.java:22)
at pageObjects.MyPage.getEditaccinfo(MyPage.java:22)
at pageObjects.MyPage.getEditaccinfo(MyPage.java:22)
at pageObjects.MyPage.getEditaccinfo(MyPage.java:22)
at pageObjects.MyPage.getEditaccinfo(MyPage.java:22)
at pageObjects.MyPage.getEditaccinfo(MyPage.java:22)
at pageObjects.MyPage.getEditaccinfo(MyPage.java:22)
at pageObjects.MyPage.getEditaccinfo(MyPage.java:22)
at pageObjects.MyPage.getEditaccinfo(MyPage.java:22)
at pageObjects.MyPage.getEditaccinfo(MyPage.java:22)
at pageObjects.MyPage.getEditaccinfo(MyPage.java:22)
at pageObjects.MyPage.getEditaccinfo(MyPage.java:22)
at pageObjects.MyPage.getEditaccinfo(MyPage.java:22)
at pageObjects.MyPage.getEditaccinfo(MyPage.java:22)
at pageObjects.MyPage.getEditaccinfo(MyPage.java:22)
at pageObjects.MyPage.getEditaccinfo(MyPage.java:22)
at pageObjects.MyPage.getEditaccinfo(MyPage.java:22)
at pageObjects.MyPage.getEditaccinfo(MyPage.java:22)
at pageObjects.MyPage.getEditaccinfo(MyPage.java:22)
at pageObjects.MyPage.getEditaccinfo(MyPage.java:22)
at pageObjects.MyPage.getEditaccinfo(MyPage.java:22)
at pageObjects.MyPage.getEditaccinfo(MyPage.java:22)
at pageObjects.MyPage.getEditaccinfo(MyPage.java:22)
at pageObjects.MyPage.getEditaccinfo(MyPage.java:22)
at pageObjects.MyPage.getEditaccinfo(MyPage.java:22)
at pageObjects.MyPage.getEditaccinfo(MyPage.java:22)
at pageObjects.MyPage.getEditaccinfo(MyPage.java:22)
at pageObjects.MyPage.getEditaccinfo(MyPage.java:22)
at pageObjects.MyPage.getEditaccinfo(MyPage.java:22)
at pageObjects.MyPage.getEditaccinfo(MyPage.java:22)
at pageObjects.MyPage.getEditaccinfo(MyPage.java:22)
at pageObjects.MyPage.getEditaccinfo(MyPage.java:22)
at pageObjects.MyPage.getEditaccinfo(MyPage.java:22)
at pageObjects.MyPage.getEditaccinfo(MyPage.java:22)
at pageObjects.MyPage.getEditaccinfo(MyPage.java:22)
at pageObjects.MyPage.getEditaccinfo(MyPage.java:22)
at pageObjects.MyPage.getEditaccinfo(MyPage.java:22)
at pageObjects.MyPage.getEditaccinfo(MyPage.java:22)
at pageObjects.MyPage.getEditaccinfo(MyPage.java:22)
at pageObjects.MyPage.getEditaccinfo(MyPage.java:22)
at pageObjects.MyPage.getEditaccinfo(MyPage.java:22)
at pageObjects.MyPage.getEditaccinfo(MyPage.java:22)
at pageObjects.MyPage.getEditaccinfo(MyPage.java:22)
at pageObjects.MyPage.getEditaccinfo(MyPage.java:22)
at pageObjects.MyPage.getEditaccinfo(MyPage.java:22)
at pageObjects.MyPage.getEditaccinfo(MyPage.java:22)
at pageObjects.MyPage.getEditaccinfo(MyPage.java:22)
at pageObjects.MyPage.getEditaccinfo(MyPage.java:22)
at pageObjects.MyPage.getEditaccinfo(MyPage.java:22)
at pageObjects.MyPage.getEditaccinfo(MyPage.java:22)
at pageObjects.MyPage.getEditaccinfo(MyPage.java:22)
at pageObjects.MyPage.getEditaccinfo(MyPage.java:22)
at pageObjects.MyPage.getEditaccinfo(MyPage.java:22)
at pageObjects.MyPage.getEditaccinfo(MyPage.java:22)
at pageObjects.MyPage.getEditaccinfo(MyPage.java:22)
at pageObjects.MyPage.getEditaccinfo(MyPage.java:22)
at pageObjects.MyPage.getEditaccinfo(MyPage.java:22)
at pageObjects.MyPage.getEditaccinfo(MyPage.java:22)
at pageObjects.MyPage.getEditaccinfo(MyPage.java:22)
at pageObjects.MyPage.getEditaccinfo(MyPage.java:22)
at pageObjects.MyPage.getEditaccinfo(MyPage.java:22)
at pageObjects.MyPage.getEditaccinfo(MyPage.java:22)
at pageObjects.MyPage.getEditaccinfo(MyPage.java:22)
at pageObjects.MyPage.getEditaccinfo(MyPage.java:22)
at pageObjects.MyPage.getEditaccinfo(MyPage.java:22)
at pageObjects.MyPage.getEditaccinfo(MyPage.java:22)
at pageObjects.MyPage.getEditaccinfo(MyPage.java:22)
at pageObjects.MyPage.getEditaccinfo(MyPage.java:22)
at pageObjects.MyPage.getEditaccinfo(MyPage.java:22)
at pageObjects.MyPage.getEditaccinfo(MyPage.java:22)
at pageObjects.MyPage.getEditaccinfo(MyPage.java:22)
at pageObjects.MyPage.getEditaccinfo(MyPage.java:22)
at pageObjects.MyPage.getEditaccinfo(MyPage.java:22)
at pageObjects.MyPage.getEditaccinfo(MyPage.java:22)
at pageObjects.MyPage.getEditaccinfo(MyPage.java:22)
at pageObjects.MyPage.getEditaccinfo(MyPage.java:22)
at pageObjects.MyPage.getEditaccinfo(MyPage.java:22)
at pageObjects.MyPage.getEditaccinfo(MyPage.java:22)
at pageObjects.MyPage.getEditaccinfo(MyPage.java:22)
at pageObjects.MyPage.getEditaccinfo(MyPage.java:22)
at pageObjects.MyPage.getEditaccinfo(MyPage.java:22)
at pageObjects.MyPage.getEditaccinfo(MyPage.java:22)
at pageObjects.MyPage.getEditaccinfo(MyPage.java:22)
at pageObjects.MyPage.getEditaccinfo(MyPage.java:22)
at pageObjects.MyPage.getEditaccinfo(MyPage.java:22)
at pageObjects.MyPage.getEditaccinfo(MyPage.java:22)
at pageObjects.MyPage.getEditaccinfo(MyPage.java:22)
at pageObjects.MyPage.getEditaccinfo(MyPage.java:22)
at pageObjects.MyPage.getEditaccinfo(MyPage.java:22)
at pageObjects.MyPage.getEditaccinfo(MyPage.java:22)
at pageObjects.MyPage.getEditaccinfo(MyPage.java:22)
at pageObjects.MyPage.getEditaccinfo(MyPage.java:22)
at pageObjects.MyPage.getEditaccinfo(MyPage.java:22)
at pageObjects.MyPage.getEditaccinfo(MyPage.java:22)
at pageObjects.MyPage.getEditaccinfo(MyPage.java:22)
at pageObjects.MyPage.getEditaccinfo(MyPage.java:22)
at pageObjects.MyPage.getEditaccinfo(MyPage.java:22)
at pageObjects.MyPage.getEditaccinfo(MyPage.java:22)
at pageObjects.MyPage.getEditaccinfo(MyPage.java:22)
at pageObjects.MyPage.getEditaccinfo(MyPage.java:22)
at pageObjects.MyPage.getEditaccinfo(MyPage.java:22)
at pageObjects.MyPage.getEditaccinfo(MyPage.java:22)
at pageObjects.MyPage.getEditaccinfo(MyPage.java:22)
at pageObjects.MyPage.getEditaccinfo(MyPage.java:22)
at pageObjects.MyPage.getEditaccinfo(MyPage.java:22)
at pageObjects.MyPage.getEditaccinfo(MyPage.java:22)
at pageObjects.MyPage.getEditaccinfo(MyPage.java:22)
at pageObjects.MyPage.getEditaccinfo(MyPage.java:22)
at pageObjects.MyPage.getEditaccinfo(MyPage.java:22)
at pageObjects.MyPage.getEditaccinfo(MyPage.java:22)
at pageObjects.MyPage.getEditaccinfo(MyPage.java:22)
at pageObjects.MyPage.getEditaccinfo(MyPage.java:22)
at pageObjects.MyPage.getEditaccinfo(MyPage.java:22)
at pageObjects.MyPage.getEditaccinfo(MyPage.java:22)
at pageObjects.MyPage.getEditaccinfo(MyPage.java:22)
at pageObjects.MyPage.getEditaccinfo(MyPage.java:22)
at pageObjects.MyPage.getEditaccinfo(MyPage.java:22)
at pageObjects.MyPage.getEditaccinfo(MyPage.java:22)
at pageObjects.MyPage.getEditaccinfo(MyPage.java:22)
at pageObjects.MyPage.getEditaccinfo(MyPage.java:22)
at pageObjects.MyPage.getEditaccinfo(MyPage.java:22)
at pageObjects.MyPage.getEditaccinfo(MyPage.java:22)
at pageObjects.MyPage.getEditaccinfo(MyPage.java:22)
at pageObjects.MyPage.getEditaccinfo(MyPage.java:22)
at pageObjects.MyPage.getEditaccinfo(MyPage.java:22)
at pageObjects.MyPage.getEditaccinfo(MyPage.java:22)
at pageObjects.MyPage.getEditaccinfo(MyPage.java:22)
at pageObjects.MyPage.getEditaccinfo(MyPage.java:22)
at pageObjects.MyPage.getEditaccinfo(MyPage.java:22)
at pageObjects.MyPage.getEditaccinfo(MyPage.java:22)
at pageObjects.MyPage.getEditaccinfo(MyPage.java:22)
at pageObjects.MyPage.getEditaccinfo(MyPage.java:22)
at pageObjects.MyPage.getEditaccinfo(MyPage.java:22)
at pageObjects.MyPage.getEditaccinfo(MyPage.java:22)
at pageObjects.MyPage.getEditaccinfo(MyPage.java:22)
at pageObjects.MyPage.getEditaccinfo(MyPage.java:22)
at pageObjects.MyPage.getEditaccinfo(MyPage.java:22)
at pageObjects.MyPage.getEditaccinfo(MyPage.java:22)
at pageObjects.MyPage.getEditaccinfo(MyPage.java:22)
at pageObjects.MyPage.getEditaccinfo(MyPage.java:22)
at pageObjects.MyPage.getEditaccinfo(MyPage.java:22)
at pageObjects.MyPage.getEditaccinfo(MyPage.java:22)
at pageObjects.MyPage.getEditaccinfo(MyPage.java:22)
at pageObjects.MyPage.getEditaccinfo(MyPage.java:22)
at pageObjects.MyPage.getEditaccinfo(MyPage.java:22)
at pageObjects.MyPage.getEditaccinfo(MyPage.java:22)
at pageObjects.MyPage.getEditaccinfo(MyPage.java:22)
at pageObjects.MyPage.getEditaccinfo(MyPage.java:22)
at pageObjects.MyPage.getEditaccinfo(MyPage.java:22)
at pageObjects.MyPage.getEditaccinfo(MyPage.java:22)
at pageObjects.MyPage.getEditaccinfo(MyPage.java:22)
at pageObjects.MyPage.getEditaccinfo(MyPage.java:22)
at pageObjects.MyPage.getEditaccinfo(MyPage.java:22)
at pageObjects.MyPage.getEditaccinfo(MyPage.java:22)
at pageObjects.MyPage.getEditaccinfo(MyPage.java:22)
at pageObjects.MyPage.getEditaccinfo(MyPage.java:22)
at pageObjects.MyPage.getEditaccinfo(MyPage.java:22)
at pageObjects.MyPage.getEditaccinfo(MyPage.java:22)
at pageObjects.MyPage.getEditaccinfo(MyPage.java:22)
at pageObjects.MyPage.getEditaccinfo(MyPage.java:22)
at pageObjects.MyPage.getEditaccinfo(MyPage.java:22)
at pageObjects.MyPage.getEditaccinfo(MyPage.java:22)
at pageObjects.MyPage.getEditaccinfo(MyPage.java:22)
at pageObjects.MyPage.getEditaccinfo(MyPage.java:22)
at pageObjects.MyPage.getEditaccinfo(MyPage.java:22)
at pageObjects.MyPage.getEditaccinfo(MyPage.java:22)
at pageObjects.MyPage.getEditaccinfo(MyPage.java:22)
at pageObjects.MyPage.getEditaccinfo(MyPage.java:22)
at pageObjects.MyPage.getEditaccinfo(MyPage.java:22)
at pageObjects.MyPage.getEditaccinfo(MyPage.java:22)
at pageObjects.MyPage.getEditaccinfo(MyPage.java:22)
at pageObjects.MyPage.getEditaccinfo(MyPage.java:22)
at pageObjects.MyPage.getEditaccinfo(MyPage.java:22)
at pageObjects.MyPage.getEditaccinfo(MyPage.java:22)
at pageObjects.MyPage.getEditaccinfo(MyPage.java:22)
at pageObjects.MyPage.getEditaccinfo(MyPage.java:22)
at pageObjects.MyPage.getEditaccinfo(MyPage.java:22)
at pageObjects.MyPage.getEditaccinfo(MyPage.java:22)
at pageObjects.MyPage.getEditaccinfo(MyPage.java:22)
at pageObjects.MyPage.getEditaccinfo(MyPage.java:22)
at pageObjects.MyPage.getEditaccinfo(MyPage.java:22)
at pageObjects.MyPage.getEditaccinfo(MyPage.java:22)
at pageObjects.MyPage.getEditaccinfo(MyPage.java:22)
at pageObjects.MyPage.getEditaccinfo(MyPage.java:22)
at pageObjects.MyPage.getEditaccinfo(MyPage.java:22)
at pageObjects.MyPage.getEditaccinfo(MyPage.java:22)
at pageObjects.MyPage.getEditaccinfo(MyPage.java:22)
at pageObjects.MyPage.getEditaccinfo(MyPage.java:22)
at pageObjects.MyPage.getEditaccinfo(MyPage.java:22)
at pageObjects.MyPage.getEditaccinfo(MyPage.java:22)
at pageObjects.MyPage.getEditaccinfo(MyPage.java:22)
at pageObjects.MyPage.getEditaccinfo(MyPage.java:22)
at pageObjects.MyPage.getEditaccinfo(MyPage.java:22)
at pageObjects.MyPage.getEditaccinfo(MyPage.java:22)
at pageObjects.MyPage.getEditaccinfo(MyPage.java:22)
at pageObjects.MyPage.getEditaccinfo(MyPage.java:22)
at pageObjects.MyPage.getEditaccinfo(MyPage.java:22)
at pageObjects.MyPage.getEditaccinfo(MyPage.java:22)
at pageObjects.MyPage.getEditaccinfo(MyPage.java:22)
at pageObjects.MyPage.getEditaccinfo(MyPage.java:22)
at pageObjects.MyPage.getEditaccinfo(MyPage.java:22)
at pageObjects.MyPage.getEditaccinfo(MyPage.java:22)
at pageObjects.MyPage.getEditaccinfo(MyPage.java:22)
at pageObjects.MyPage.getEditaccinfo(MyPage.java:22)
at pageObjects.MyPage.getEditaccinfo(MyPage.java:22)
at pageObjects.MyPage.getEditaccinfo(MyPage.java:22)
at pageObjects.MyPage.getEditaccinfo(MyPage.java:22)
at pageObjects.MyPage.getEditaccinfo(MyPage.java:22)
at pageObjects.MyPage.getEditaccinfo(MyPage.java:22)
at pageObjects.MyPage.getEditaccinfo(MyPage.java:22)
at pageObjects.MyPage.getEditaccinfo(MyPage.java:22)
at pageObjects.MyPage.getEditaccinfo(MyPage.java:22)
at pageObjects.MyPage.getEditaccinfo(MyPage.java:22)
at pageObjects.MyPage.getEditaccinfo(MyPage.java:22)
at pageObjects.MyPage.getEditaccinfo(MyPage.java:22)
at pageObjects.MyPage.getEditaccinfo(MyPage.java:22)
at pageObjects.MyPage.getEditaccinfo(MyPage.java:22)
at pageObjects.MyPage.getEditaccinfo(MyPage.java:22)
at pageObjects.MyPage.getEditaccinfo(MyPage.java:22)
at pageObjects.MyPage.getEditaccinfo(MyPage.java:22)
at pageObjects.MyPage.getEditaccinfo(MyPage.java:22)
at pageObjects.MyPage.getEditaccinfo(MyPage.java:22)
at pageObjects.MyPage.getEditaccinfo(MyPage.java:22)
at pageObjects.MyPage.getEditaccinfo(MyPage.java:22)
at pageObjects.MyPage.getEditaccinfo(MyPage.java:22)
at pageObjects.MyPage.getEditaccinfo(MyPage.java:22)
at pageObjects.MyPage.getEditaccinfo(MyPage.java:22)
at pageObjects.MyPage.getEditaccinfo(MyPage.java:22)
at pageObjects.MyPage.getEditaccinfo(MyPage.java:22)
at pageObjects.MyPage.getEditaccinfo(MyPage.java:22)
at pageObjects.MyPage.getEditaccinfo(MyPage.java:22)
at pageObjects.MyPage.getEditaccinfo(MyPage.java:22)
at pageObjects.MyPage.getEditaccinfo(MyPage.java:22)
at pageObjects.MyPage.getEditaccinfo(MyPage.java:22)
at pageObjects.MyPage.getEditaccinfo(MyPage.java:22)
at pageObjects.MyPage.getEditaccinfo(MyPage.java:22)
at pageObjects.MyPage.getEditaccinfo(MyPage.java:22)
at pageObjects.MyPage.getEditaccinfo(MyPage.java:22)
at pageObjects.MyPage.getEditaccinfo(MyPage.java:22)
at pageObjects.MyPage.getEditaccinfo(MyPage.java:22)
at pageObjects.MyPage.getEditaccinfo(MyPage.java:22)
at pageObjects.MyPage.getEditaccinfo(MyPage.java:22)
at pageObjects.MyPage.getEditaccinfo(MyPage.java:22)
at pageObjects.MyPage.getEditaccinfo(MyPage.java:22)
at pageObjects.MyPage.getEditaccinfo(MyPage.java:22)
at pageObjects.MyPage.getEditaccinfo(MyPage.java:22)
at pageObjects.MyPage.getEditaccinfo(MyPage.java:22)
at pageObjects.MyPage.getEditaccinfo(MyPage.java:22)
at pageObjects.MyPage.getEditaccinfo(MyPage.java:22)
at pageObjects.MyPage.getEditaccinfo(MyPage.java:22)
at pageObjects.MyPage.getEditaccinfo(MyPage.java:22)
at pageObjects.MyPage.getEditaccinfo(MyPage.java:22)
at pageObjects.MyPage.getEditaccinfo(MyPage.java:22)
at pageObjects.MyPage.getEditaccinfo(MyPage.java:22)
at pageObjects.MyPage.getEditaccinfo(MyPage.java:22)
at pageObjects.MyPage.getEditaccinfo(MyPage.java:22)
at pageObjects.MyPage.getEditaccinfo(MyPage.java:22)
at pageObjects.MyPage.getEditaccinfo(MyPage.java:22)
at pageObjects.MyPage.getEditaccinfo(MyPage.java:22)
at pageObjects.MyPage.getEditaccinfo(MyPage.java:22)
at pageObjects.MyPage.getEditaccinfo(MyPage.java:22)
at pageObjects.MyPage.getEditaccinfo(MyPage.java:22)
at pageObjects.MyPage.getEditaccinfo(MyPage.java:22)
at pageObjects.MyPage.getEditaccinfo(MyPage.java:22)
at pageObjects.MyPage.getEditaccinfo(MyPage.java:22)
at pageObjects.MyPage.getEditaccinfo(MyPage.java:22)
at pageObjects.MyPage.getEditaccinfo(MyPage.java:22)
at pageObjects.MyPage.getEditaccinfo(MyPage.java:22)
at pageObjects.MyPage.getEditaccinfo(MyPage.java:22)
at pageObjects.MyPage.getEditaccinfo(MyPage.java:22)
at pageObjects.MyPage.getEditaccinfo(MyPage.java:22)
at pageObjects.MyPage.getEditaccinfo(MyPage.java:22)
at pageObjects.MyPage.getEditaccinfo(MyPage.java:22)
at pageObjects.MyPage.getEditaccinfo(MyPage.java:22)
at pageObjects.MyPage.getEditaccinfo(MyPage.java:22)
at pageObjects.MyPage.getEditaccinfo(MyPage.java:22)
at pageObjects.MyPage.getEditaccinfo(MyPage.java:22)
at pageObjects.MyPage.getEditaccinfo(MyPage.java:22)
at pageObjects.MyPage.getEditaccinfo(MyPage.java:22)
at pageObjects.MyPage.getEditaccinfo(MyPage.java:22)
at pageObjects.MyPage.getEditaccinfo(MyPage.java:22)
at pageObjects.MyPage.getEditaccinfo(MyPage.java:22)
at pageObjects.MyPage.getEditaccinfo(MyPage.java:22)
at pageObjects.MyPage.getEditaccinfo(MyPage.java:22)
at pageObjects.MyPage.getEditaccinfo(MyPage.java:22)
at pageObjects.MyPage.getEditaccinfo(MyPage.java:22)
at pageObjects.MyPage.getEditaccinfo(MyPage.java:22)
at pageObjects.MyPage.getEditaccinfo(MyPage.java:22)
at pageObjects.MyPage.getEditaccinfo(MyPage.java:22)
at pageObjects.MyPage.getEditaccinfo(MyPage.java:22)
at pageObjects.MyPage.getEditaccinfo(MyPage.java:22)
at pageObjects.MyPage.getEditaccinfo(MyPage.java:22)
at pageObjects.MyPage.getEditaccinfo(MyPage.java:22)
at pageObjects.MyPage.getEditaccinfo(MyPage.java:22)
at pageObjects.MyPage.getEditaccinfo(MyPage.java:22)
at pageObjects.MyPage.getEditaccinfo(MyPage.java:22)
at pageObjects.MyPage.getEditaccinfo(MyPage.java:22)
at pageObjects.MyPage.getEditaccinfo(MyPage.java:22)
at pageObjects.MyPage.getEditaccinfo(MyPage.java:22)
at pageObjects.MyPage.getEditaccinfo(MyPage.java:22)
at pageObjects.MyPage.getEditaccinfo(MyPage.java:22)
at pageObjects.MyPage.getEditaccinfo(MyPage.java:22)
at pageObjects.MyPage.getEditaccinfo(MyPage.java:22)
at pageObjects.MyPage.getEditaccinfo(MyPage.java:22)
at pageObjects.MyPage.getEditaccinfo(MyPage.java:22)
at pageObjects.MyPage.getEditaccinfo(MyPage.java:22)
at pageObjects.MyPage.getEditaccinfo(MyPage.java:22)
at pageObjects.MyPage.getEditaccinfo(MyPage.java:22)
at pageObjects.MyPage.getEditaccinfo(MyPage.java:22)
at pageObjects.MyPage.getEditaccinfo(MyPage.java:22)
at pageObjects.MyPage.getEditaccinfo(MyPage.java:22)
at pageObjects.MyPage.getEditaccinfo(MyPage.java:22)
at pageObjects.MyPage.getEditaccinfo(MyPage.java:22)
at pageObjects.MyPage.getEditaccinfo(MyPage.java:22)
at pageObjects.MyPage.getEditaccinfo(MyPage.java:22)
at pageObjects.MyPage.getEditaccinfo(MyPage.java:22)
at pageObjects.MyPage.getEditaccinfo(MyPage.java:22)
at pageObjects.MyPage.getEditaccinfo(MyPage.java:22)
at pageObjects.MyPage.getEditaccinfo(MyPage.java:22)
at pageObjects.MyPage.getEditaccinfo(MyPage.java:22)
at pageObjects.MyPage.getEditaccinfo(MyPage.java:22)
at pageObjects.MyPage.getEditaccinfo(MyPage.java:22)
at pageObjects.MyPage.getEditaccinfo(MyPage.java:22)
at pageObjects.MyPage.getEditaccinfo(MyPage.java:22)
at pageObjects.MyPage.getEditaccinfo(MyPage.java:22)
at pageObjects.MyPage.getEditaccinfo(MyPage.java:22)
at pageObjects.MyPage.getEditaccinfo(MyPage.java:22)
at pageObjects.MyPage.getEditaccinfo(MyPage.java:22)
at pageObjects.MyPage.getEditaccinfo(MyPage.java:22)
at pageObjects.MyPage.getEditaccinfo(MyPage.java:22)
at pageObjects.MyPage.getEditaccinfo(MyPage.java:22)
at pageObjects.MyPage.getEditaccinfo(MyPage.java:22)
at pageObjects.MyPage.getEditaccinfo(MyPage.java:22)
at pageObjects.MyPage.getEditaccinfo(MyPage.java:22)
at pageObjects.MyPage.getEditaccinfo(MyPage.java:22)
at pageObjects.MyPage.getEditaccinfo(MyPage.java:22)
at pageObjects.MyPage.getEditaccinfo(MyPage.java:22)
at pageObjects.MyPage.getEditaccinfo(MyPage.java:22)
at pageObjects.MyPage.getEditaccinfo(MyPage.java:22)
at pageObjects.MyPage.getEditaccinfo(MyPage.java:22)
at pageObjects.MyPage.getEditaccinfo(MyPage.java:22)
at pageObjects.MyPage.getEditaccinfo(MyPage.java:22)
at pageObjects.MyPage.getEditaccinfo(MyPage.java:22)
at pageObjects.MyPage.getEditaccinfo(MyPage.java:22)
at pageObjects.MyPage.getEditaccinfo(MyPage.java:22)
at pageObjects.MyPage.getEditaccinfo(MyPage.java:22)
at pageObjects.MyPage.getEditaccinfo(MyPage.java:22)
at pageObjects.MyPage.getEditaccinfo(MyPage.java:22)
at pageObjects.MyPage.getEditaccinfo(MyPage.java:22)
at pageObjects.MyPage.getEditaccinfo(MyPage.java:22)
at pageObjects.MyPage.getEditaccinfo(MyPage.java:22)
at pageObjects.MyPage.getEditaccinfo(MyPage.java:22)
at pageObjects.MyPage.getEditaccinfo(MyPage.java:22)
at pageObjects.MyPage.getEditaccinfo(MyPage.java:22)
at pageObjects.MyPage.getEditaccinfo(MyPage.java:22)
at pageObjects.MyPage.getEditaccinfo(MyPage.java:22)
at pageObjects.MyPage.getEditaccinfo(MyPage.java:22)
at pageObjects.MyPage.getEditaccinfo(MyPage.java:22)
at pageObjects.MyPage.getEditaccinfo(MyPage.java:22)
at pageObjects.MyPage.getEditaccinfo(MyPage.java:22)
at pageObjects.MyPage.getEditaccinfo(MyPage.java:22)
at pageObjects.MyPage.getEditaccinfo(MyPage.java:22)
at pageObjects.MyPage.getEditaccinfo(MyPage.java:22)
at pageObjects.MyPage.getEditaccinfo(MyPage.java:22)
at pageObjects.MyPage.getEditaccinfo(MyPage.java:22)
at pageObjects.MyPage.getEditaccinfo(MyPage.java:22)
at pageObjects.MyPage.getEditaccinfo(MyPage.java:22)
at pageObjects.MyPage.getEditaccinfo(MyPage.java:22)
at pageObjects.MyPage.getEditaccinfo(MyPage.java:22)
at pageObjects.MyPage.getEditaccinfo(MyPage.java:22)
at pageObjects.MyPage.getEditaccinfo(MyPage.java:22)
at pageObjects.MyPage.getEditaccinfo(MyPage.java:22)
at pageObjects.MyPage.getEditaccinfo(MyPage.java:22)
at pageObjects.MyPage.getEditaccinfo(MyPage.java:22)
at pageObjects.MyPage.getEditaccinfo(MyPage.java:22)
at pageObjects.MyPage.getEditaccinfo(MyPage.java:22)
at pageObjects.MyPage.getEditaccinfo(MyPage.java:22)
at pageObjects.MyPage.getEditaccinfo(MyPage.java:22)
at pageObjects.MyPage.getEditaccinfo(MyPage.java:22)
at pageObjects.MyPage.getEditaccinfo(MyPage.java:22)
at pageObjects.MyPage.getEditaccinfo(MyPage.java:22)
at pageObjects.MyPage.getEditaccinfo(MyPage.java:22)
at pageObjects.MyPage.getEditaccinfo(MyPage.java:22)
at pageObjects.MyPage.getEditaccinfo(MyPage.java:22)
at pageObjects.MyPage.getEditaccinfo(MyPage.java:22)
at pageObjects.MyPage.getEditaccinfo(MyPage.java:22)
at pageObjects.MyPage.getEditaccinfo(MyPage.java:22)
at pageObjects.MyPage.getEditaccinfo(MyPage.java:22)
at pageObjects.MyPage.getEditaccinfo(MyPage.java:22)
at pageObjects.MyPage.getEditaccinfo(MyPage.java:22)
at pageObjects.MyPage.getEditaccinfo(MyPage.java:22)
at pageObjects.MyPage.getEditaccinfo(MyPage.java:22)
at pageObjects.MyPage.getEditaccinfo(MyPage.java:22)
at pageObjects.MyPage.getEditaccinfo(MyPage.java:22)
at pageObjects.MyPage.getEditaccinfo(MyPage.java:22)
at pageObjects.MyPage.getEditaccinfo(MyPage.java:22)
at pageObjects.MyPage.getEditaccinfo(MyPage.java:22)
at pageObjects.MyPage.getEditaccinfo(MyPage.java:22)
at pageObjects.MyPage.getEditaccinfo(MyPage.java:22)
at pageObjects.MyPage.getEditaccinfo(MyPage.java:22)
at pageObjects.MyPage.getEditaccinfo(MyPage.java:22)
at pageObjects.MyPage.getEditaccinfo(MyPage.java:22)
at pageObjects.MyPage.getEditaccinfo(MyPage.java:22)
at pageObjects.MyPage.getEditaccinfo(MyPage.java:22)
at pageObjects.MyPage.getEditaccinfo(MyPage.java:22)
at pageObjects.MyPage.getEditaccinfo(MyPage.java:22)
at pageObjects.MyPage.getEditaccinfo(MyPage.java:22)
at pageObjects.MyPage.getEditaccinfo(MyPage.java:22)
at pageObjects.MyPage.getEditaccinfo(MyPage.java:22)
at pageObjects.MyPage.getEditaccinfo(MyPage.java:22)
at pageObjects.MyPage.getEditaccinfo(MyPage.java:22)
at pageObjects.MyPage.getEditaccinfo(MyPage.java:22)
at pageObjects.MyPage.getEditaccinfo(MyPage.java:22)
at pageObjects.MyPage.getEditaccinfo(MyPage.java:22)
at pageObjects.MyPage.getEditaccinfo(MyPage.java:22)
at pageObjects.MyPage.getEditaccinfo(MyPage.java:22)
at pageObjects.MyPage.getEditaccinfo(MyPage.java:22)
at pageObjects.MyPage.getEditaccinfo(MyPage.java:22)
at pageObjects.MyPage.getEditaccinfo(MyPage.java:22)
at pageObjects.MyPage.getEditaccinfo(MyPage.java:22)
at pageObjects.MyPage.getEditaccinfo(MyPage.java:22)
at pageObjects.MyPage.getEditaccinfo(MyPage.java:22)
at pageObjects.MyPage.getEditaccinfo(MyPage.java:22)
at pageObjects.MyPage.getEditaccinfo(MyPage.java:22)
at pageObjects.MyPage.getEditaccinfo(MyPage.java:22)
at pageObjects.MyPage.getEditaccinfo(MyPage.java:22)
at pageObjects.MyPage.getEditaccinfo(MyPage.java:22)
at pageObjects.MyPage.getEditaccinfo(MyPage.java:22)
at pageObjects.MyPage.getEditaccinfo(MyPage.java:22)
at pageObjects.MyPage.getEditaccinfo(MyPage.java:22)
at pageObjects.MyPage.getEditaccinfo(MyPage.java:22)
at pageObjects.MyPage.getEditaccinfo(MyPage.java:22)
at pageObjects.MyPage.getEditaccinfo(MyPage.java:22)
at pageObjects.MyPage.getEditaccinfo(MyPage.java:22)
at pageObjects.MyPage.getEditaccinfo(MyPage.java:22)
at pageObjects.MyPage.getEditaccinfo(MyPage.java:22)
at pageObjects.MyPage.getEditaccinfo(MyPage.java:22)
at pageObjects.MyPage.getEditaccinfo(MyPage.java:22)
at pageObjects.MyPage.getEditaccinfo(MyPage.java:22)
at pageObjects.MyPage.getEditaccinfo(MyPage.java:22)
at pageObjects.MyPage.getEditaccinfo(MyPage.java:22)
at pageObjects.MyPage.getEditaccinfo(MyPage.java:22)
at pageObjects.MyPage.getEditaccinfo(MyPage.java:22)
at pageObjects.MyPage.getEditaccinfo(MyPage.java:22)
at pageObjects.MyPage.getEditaccinfo(MyPage.java:22)
at pageObjects.MyPage.getEditaccinfo(MyPage.java:22)
at pageObjects.MyPage.getEditaccinfo(MyPage.java:22)
at pageObjects.MyPage.getEditaccinfo(MyPage.java:22)
at pageObjects.MyPage.getEditaccinfo(MyPage.java:22)
at pageObjects.MyPage.getEditaccinfo(MyPage.java:22)
at pageObjects.MyPage.getEditaccinfo(MyPage.java:22)
at pageObjects.MyPage.getEditaccinfo(MyPage.java:22)
at pageObjects.MyPage.getEditaccinfo(MyPage.java:22)
at pageObjects.MyPage.getEditaccinfo(MyPage.java:22)
at pageObjects.MyPage.getEditaccinfo(MyPage.java:22)
at pageObjects.MyPage.getEditaccinfo(MyPage.java:22)
at pageObjects.MyPage.getEditaccinfo(MyPage.java:22)
at pageObjects.MyPage.getEditaccinfo(MyPage.java:22)
at pageObjects.MyPage.getEditaccinfo(MyPage.java:22)
at pageObjects.MyPage.getEditaccinfo(MyPage.java:22)
at pageObjects.MyPage.getEditaccinfo(MyPage.java:22)
at pageObjects.MyPage.getEditaccinfo(MyPage.java:22)
at pageObjects.MyPage.getEditaccinfo(MyPage.java:22)
at pageObjects.MyPage.getEditaccinfo(MyPage.java:22)
at pageObjects.MyPage.getEditaccinfo(MyPage.java:22)
at pageObjects.MyPage.getEditaccinfo(MyPage.java:22)
at pageObjects.MyPage.getEditaccinfo(MyPage.java:22)
at pageObjects.MyPage.getEditaccinfo(MyPage.java:22)
at pageObjects.MyPage.getEditaccinfo(MyPage.java:22)
at pageObjects.MyPage.getEditaccinfo(MyPage.java:22)
at pageObjects.MyPage.getEditaccinfo(MyPage.java:22)
at pageObjects.MyPage.getEditaccinfo(MyPage.java:22)
at pageObjects.MyPage.getEditaccinfo(MyPage.java:22)
at pageObjects.MyPage.getEditaccinfo(MyPage.java:22)
at pageObjects.MyPage.getEditaccinfo(MyPage.java:22)
at pageObjects.MyPage.getEditaccinfo(MyPage.java:22)
at pageObjects.MyPage.getEditaccinfo(MyPage.java:22)
at pageObjects.MyPage.getEditaccinfo(MyPage.java:22)
at pageObjects.MyPage.getEditaccinfo(MyPage.java:22)
at pageObjects.MyPage.getEditaccinfo(MyPage.java:22)
at pageObjects.MyPage.getEditaccinfo(MyPage.java:22)
at pageObjects.MyPage.getEditaccinfo(MyPage.java:22)
at pageObjects.MyPage.getEditaccinfo(MyPage.java:22)
at pageObjects.MyPage.getEditaccinfo(MyPage.java:22)
at pageObjects.MyPage.getEditaccinfo(MyPage.java:22)
at pageObjects.MyPage.getEditaccinfo(MyPage.java:22)
at pageObjects.MyPage.getEditaccinfo(MyPage.java:22)
at pageObjects.MyPage.getEditaccinfo(MyPage.java:22)
at pageObjects.MyPage.getEditaccinfo(MyPage.java:22)
at pageObjects.MyPage.getEditaccinfo(MyPage.java:22)
at pageObjects.MyPage.getEditaccinfo(MyPage.java:22)
at pageObjects.MyPage.getEditaccinfo(MyPage.java:22)
at pageObjects.MyPage.getEditaccinfo(MyPage.java:22)
at pageObjects.MyPage.getEditaccinfo(MyPage.java:22)
at pageObjects.MyPage.getEditaccinfo(MyPage.java:22)
at pageObjects.MyPage.getEditaccinfo(MyPage.java:22)
at pageObjects.MyPage.getEditaccinfo(MyPage.java:22)
at pageObjects.MyPage.getEditaccinfo(MyPage.java:22)
at pageObjects.MyPage.getEditaccinfo(MyPage.java:22)
at pageObjects.MyPage.getEditaccinfo(MyPage.java:22)
at pageObjects.MyPage.getEditaccinfo(MyPage.java:22)
at pageObjects.MyPage.getEditaccinfo(MyPage.java:22)
at pageObjects.MyPage.getEditaccinfo(MyPage.java:22)
at pageObjects.MyPage.getEditaccinfo(MyPage.java:22)
at pageObjects.MyPage.getEditaccinfo(MyPage.java:22)
at pageObjects.MyPage.getEditaccinfo(MyPage.java:22)
at pageObjects.MyPage.getEditaccinfo(MyPage.java:22)
at pageObjects.MyPage.getEditaccinfo(MyPage.java:22)
at pageObjects.MyPage.getEditaccinfo(MyPage.java:22)
at pageObjects.MyPage.getEditaccinfo(MyPage.java:22)
at pageObjects.MyPage.getEditaccinfo(MyPage.java:22)
at pageObjects.MyPage.getEditaccinfo(MyPage.java:22)
at pageObjects.MyPage.getEditaccinfo(MyPage.java:22)
at pageObjects.MyPage.getEditaccinfo(MyPage.java:22)
at pageObjects.MyPage.getEditaccinfo(MyPage.java:22)
at pageObjects.MyPage.getEditaccinfo(MyPage.java:22)
at pageObjects.MyPage.getEditaccinfo(MyPage.java:22)
at pageObjects.MyPage.getEditaccinfo(MyPage.java:22)
at pageObjects.MyPage.getEditaccinfo(MyPage.java:22)
at pageObjects.MyPage.getEditaccinfo(MyPage.java:22)
at pageObjects.MyPage.getEditaccinfo(MyPage.java:22)
at pageObjects.MyPage.getEditaccinfo(MyPage.java:22)
at pageObjects.MyPage.getEditaccinfo(MyPage.java:22)
at pageObjects.MyPage.getEditaccinfo(MyPage.java:22)
at pageObjects.MyPage.getEditaccinfo(MyPage.java:22)
at pageObjects.MyPage.getEditaccinfo(MyPage.java:22)
at pageObjects.MyPage.getEditaccinfo(MyPage.java:22)
at pageObjects.MyPage.getEditaccinfo(MyPage.java:22)
at pageObjects.MyPage.getEditaccinfo(MyPage.java:22)
at pageObjects.MyPage.getEditaccinfo(MyPage.java:22)
at pageObjects.MyPage.getEditaccinfo(MyPage.java:22)
at pageObjects.MyPage.getEditaccinfo(MyPage.java:22)
at pageObjects.MyPage.getEditaccinfo(MyPage.java:22)
at pageObjects.MyPage.getEditaccinfo(MyPage.java:22)
at pageObjects.MyPage.getEditaccinfo(MyPage.java:22)
at pageObjects.MyPage.getEditaccinfo(MyPage.java:22)
at pageObjects.MyPage.getEditaccinfo(MyPage.java:22)
at pageObjects.MyPage.getEditaccinfo(MyPage.java:22)
at pageObjects.MyPage.getEditaccinfo(MyPage.java:22)
at pageObjects.MyPage.getEditaccinfo(MyPage.java:22)
at pageObjects.MyPage.getEditaccinfo(MyPage.java:22)
at pageObjects.MyPage.getEditaccinfo(MyPage.java:22)
at pageObjects.MyPage.getEditaccinfo(MyPage.java:22)
at pageObjects.MyPage.getEditaccinfo(MyPage.java:22)
at pageObjects.MyPage.getEditaccinfo(MyPage.java:22)
at pageObjects.MyPage.getEditaccinfo(MyPage.java:22)
at pageObjects.MyPage.getEditaccinfo(MyPage.java:22)
at pageObjects.MyPage.getEditaccinfo(MyPage.java:22)
at pageObjects.MyPage.getEditaccinfo(MyPage.java:22)
at pageObjects.MyPage.getEditaccinfo(MyPage.java:22)
at pageObjects.MyPage.getEditaccinfo(MyPage.java:22)
at pageObjects.MyPage.getEditaccinfo(MyPage.java:22)
at pageObjects.MyPage.getEditaccinfo(MyPage.java:22)
at pageObjects.MyPage.getEditaccinfo(MyPage.java:22)
at pageObjects.MyPage.getEditaccinfo(MyPage.java:22)
at pageObjects.MyPage.getEditaccinfo(MyPage.java:22)
at pageObjects.MyPage.getEditaccinfo(MyPage.java:22)
at pageObjects.MyPage.getEditaccinfo(MyPage.java:22)
at pageObjects.MyPage.getEditaccinfo(MyPage.java:22)
at pageObjects.MyPage.getEditaccinfo(MyPage.java:22)
at pageObjects.MyPage.getEditaccinfo(MyPage.java:22)
at pageObjects.MyPage.getEditaccinfo(MyPage.java:22)
at pageObjects.MyPage.getEditaccinfo(MyPage.java:22)
at pageObjects.MyPage.getEditaccinfo(MyPage.java:22)
at pageObjects.MyPage.getEditaccinfo(MyPage.java:22)
at pageObjects.MyPage.getEditaccinfo(MyPage.java:22)
at pageObjects.MyPage.getEditaccinfo(MyPage.java:22)
at pageObjects.MyPage.getEditaccinfo(MyPage.java:22)
at pageObjects.MyPage.getEditaccinfo(MyPage.java:22)
at pageObjects.MyPage.getEditaccinfo(MyPage.java:22)
at pageObjects.MyPage.getEditaccinfo(MyPage.java:22)
at pageObjects.MyPage.getEditaccinfo(MyPage.java:22)
at pageObjects.MyPage.getEditaccinfo(MyPage.java:22)
at pageObjects.MyPage.getEditaccinfo(MyPage.java:22)
at pageObjects.MyPage.getEditaccinfo(MyPage.java:22)
at pageObjects.MyPage.getEditaccinfo(MyPage.java:22)
at pageObjects.MyPage.getEditaccinfo(MyPage.java:22)
at pageObjects.MyPage.getEditaccinfo(MyPage.java:22)
at pageObjects.MyPage.getEditaccinfo(MyPage.java:22)
at pageObjects.MyPage.getEditaccinfo(MyPage.java:22)
at pageObjects.MyPage.getEditaccinfo(MyPage.java:22)
at pageObjects.MyPage.getEditaccinfo(MyPage.java:22)
at pageObjects.MyPage.getEditaccinfo(MyPage.java:22)
at pageObjects.MyPage.getEditaccinfo(MyPage.java:22)
at pageObjects.MyPage.getEditaccinfo(MyPage.java:22)
at pageObjects.MyPage.getEditaccinfo(MyPage.java:22)
at pageObjects.MyPage.getEditaccinfo(MyPage.java:22)
at pageObjects.MyPage.getEditaccinfo(MyPage.java:22)
at pageObjects.MyPage.getEditaccinfo(MyPage.java:22)
at pageObjects.MyPage.getEditaccinfo(MyPage.java:22)
at pageObjects.MyPage.getEditaccinfo(MyPage.java:22)
at pageObjects.MyPage.getEditaccinfo(MyPage.java:22)
at pageObjects.MyPage.getEditaccinfo(MyPage.java:22)
]]>
    </error>
  </testcase> <!-- login -->
  <system-out/>
  <testcase classname="Tests.LoginTest" name="login" time="13.366">
    <error type="java.lang.StackOverflowError">
      <![CDATA[java.lang.StackOverflowError
at pageObjects.MyPage.getEditaccinfo(MyPage.java:22)
at pageObjects.MyPage.getEditaccinfo(MyPage.java:22)
at pageObjects.MyPage.getEditaccinfo(MyPage.java:22)
at pageObjects.MyPage.getEditaccinfo(MyPage.java:22)
at pageObjects.MyPage.getEditaccinfo(MyPage.java:22)
at pageObjects.MyPage.getEditaccinfo(MyPage.java:22)
at pageObjects.MyPage.getEditaccinfo(MyPage.java:22)
at pageObjects.MyPage.getEditaccinfo(MyPage.java:22)
at pageObjects.MyPage.getEditaccinfo(MyPage.java:22)
at pageObjects.MyPage.getEditaccinfo(MyPage.java:22)
at pageObjects.MyPage.getEditaccinfo(MyPage.java:22)
at pageObjects.MyPage.getEditaccinfo(MyPage.java:22)
at pageObjects.MyPage.getEditaccinfo(MyPage.java:22)
at pageObjects.MyPage.getEditaccinfo(MyPage.java:22)
at pageObjects.MyPage.getEditaccinfo(MyPage.java:22)
at pageObjects.MyPage.getEditaccinfo(MyPage.java:22)
at pageObjects.MyPage.getEditaccinfo(MyPage.java:22)
at pageObjects.MyPage.getEditaccinfo(MyPage.java:22)
at pageObjects.MyPage.getEditaccinfo(MyPage.java:22)
at pageObjects.MyPage.getEditaccinfo(MyPage.java:22)
at pageObjects.MyPage.getEditaccinfo(MyPage.java:22)
at pageObjects.MyPage.getEditaccinfo(MyPage.java:22)
at pageObjects.MyPage.getEditaccinfo(MyPage.java:22)
at pageObjects.MyPage.getEditaccinfo(MyPage.java:22)
at pageObjects.MyPage.getEditaccinfo(MyPage.java:22)
at pageObjects.MyPage.getEditaccinfo(MyPage.java:22)
at pageObjects.MyPage.getEditaccinfo(MyPage.java:22)
at pageObjects.MyPage.getEditaccinfo(MyPage.java:22)
at pageObjects.MyPage.getEditaccinfo(MyPage.java:22)
at pageObjects.MyPage.getEditaccinfo(MyPage.java:22)
at pageObjects.MyPage.getEditaccinfo(MyPage.java:22)
at pageObjects.MyPage.getEditaccinfo(MyPage.java:22)
at pageObjects.MyPage.getEditaccinfo(MyPage.java:22)
at pageObjects.MyPage.getEditaccinfo(MyPage.java:22)
at pageObjects.MyPage.getEditaccinfo(MyPage.java:22)
at pageObjects.MyPage.getEditaccinfo(MyPage.java:22)
at pageObjects.MyPage.getEditaccinfo(MyPage.java:22)
at pageObjects.MyPage.getEditaccinfo(MyPage.java:22)
at pageObjects.MyPage.getEditaccinfo(MyPage.java:22)
at pageObjects.MyPage.getEditaccinfo(MyPage.java:22)
at pageObjects.MyPage.getEditaccinfo(MyPage.java:22)
at pageObjects.MyPage.getEditaccinfo(MyPage.java:22)
at pageObjects.MyPage.getEditaccinfo(MyPage.java:22)
at pageObjects.MyPage.getEditaccinfo(MyPage.java:22)
at pageObjects.MyPage.getEditaccinfo(MyPage.java:22)
at pageObjects.MyPage.getEditaccinfo(MyPage.java:22)
at pageObjects.MyPage.getEditaccinfo(MyPage.java:22)
at pageObjects.MyPage.getEditaccinfo(MyPage.java:22)
at pageObjects.MyPage.getEditaccinfo(MyPage.java:22)
at pageObjects.MyPage.getEditaccinfo(MyPage.java:22)
at pageObjects.MyPage.getEditaccinfo(MyPage.java:22)
at pageObjects.MyPage.getEditaccinfo(MyPage.java:22)
at pageObjects.MyPage.getEditaccinfo(MyPage.java:22)
at pageObjects.MyPage.getEditaccinfo(MyPage.java:22)
at pageObjects.MyPage.getEditaccinfo(MyPage.java:22)
at pageObjects.MyPage.getEditaccinfo(MyPage.java:22)
at pageObjects.MyPage.getEditaccinfo(MyPage.java:22)
at pageObjects.MyPage.getEditaccinfo(MyPage.java:22)
at pageObjects.MyPage.getEditaccinfo(MyPage.java:22)
at pageObjects.MyPage.getEditaccinfo(MyPage.java:22)
at pageObjects.MyPage.getEditaccinfo(MyPage.java:22)
at pageObjects.MyPage.getEditaccinfo(MyPage.java:22)
at pageObjects.MyPage.getEditaccinfo(MyPage.java:22)
at pageObjects.MyPage.getEditaccinfo(MyPage.java:22)
at pageObjects.MyPage.getEditaccinfo(MyPage.java:22)
at pageObjects.MyPage.getEditaccinfo(MyPage.java:22)
at pageObjects.MyPage.getEditaccinfo(MyPage.java:22)
at pageObjects.MyPage.getEditaccinfo(MyPage.java:22)
at pageObjects.MyPage.getEditaccinfo(MyPage.java:22)
at pageObjects.MyPage.getEditaccinfo(MyPage.java:22)
at pageObjects.MyPage.getEditaccinfo(MyPage.java:22)
at pageObjects.MyPage.getEditaccinfo(MyPage.java:22)
at pageObjects.MyPage.getEditaccinfo(MyPage.java:22)
at pageObjects.MyPage.getEditaccinfo(MyPage.java:22)
at pageObjects.MyPage.getEditaccinfo(MyPage.java:22)
at pageObjects.MyPage.getEditaccinfo(MyPage.java:22)
at pageObjects.MyPage.getEditaccinfo(MyPage.java:22)
at pageObjects.MyPage.getEditaccinfo(MyPage.java:22)
at pageObjects.MyPage.getEditaccinfo(MyPage.java:22)
at pageObjects.MyPage.getEditaccinfo(MyPage.java:22)
at pageObjects.MyPage.getEditaccinfo(MyPage.java:22)
at pageObjects.MyPage.getEditaccinfo(MyPage.java:22)
at pageObjects.MyPage.getEditaccinfo(MyPage.java:22)
at pageObjects.MyPage.getEditaccinfo(MyPage.java:22)
at pageObjects.MyPage.getEditaccinfo(MyPage.java:22)
at pageObjects.MyPage.getEditaccinfo(MyPage.java:22)
at pageObjects.MyPage.getEditaccinfo(MyPage.java:22)
at pageObjects.MyPage.getEditaccinfo(MyPage.java:22)
at pageObjects.MyPage.getEditaccinfo(MyPage.java:22)
at pageObjects.MyPage.getEditaccinfo(MyPage.java:22)
at pageObjects.MyPage.getEditaccinfo(MyPage.java:22)
at pageObjects.MyPage.getEditaccinfo(MyPage.java:22)
at pageObjects.MyPage.getEditaccinfo(MyPage.java:22)
at pageObjects.MyPage.getEditaccinfo(MyPage.java:22)
at pageObjects.MyPage.getEditaccinfo(MyPage.java:22)
at pageObjects.MyPage.getEditaccinfo(MyPage.java:22)
at pageObjects.MyPage.getEditaccinfo(MyPage.java:22)
at pageObjects.MyPage.getEditaccinfo(MyPage.java:22)
at pageObjects.MyPage.getEditaccinfo(MyPage.java:22)
at pageObjects.MyPage.getEditaccinfo(MyPage.java:22)
at pageObjects.MyPage.getEditaccinfo(MyPage.java:22)
at pageObjects.MyPage.getEditaccinfo(MyPage.java:22)
at pageObjects.MyPage.getEditaccinfo(MyPage.java:22)
at pageObjects.MyPage.getEditaccinfo(MyPage.java:22)
at pageObjects.MyPage.getEditaccinfo(MyPage.java:22)
at pageObjects.MyPage.getEditaccinfo(MyPage.java:22)
at pageObjects.MyPage.getEditaccinfo(MyPage.java:22)
at pageObjects.MyPage.getEditaccinfo(MyPage.java:22)
at pageObjects.MyPage.getEditaccinfo(MyPage.java:22)
at pageObjects.MyPage.getEditaccinfo(MyPage.java:22)
at pageObjects.MyPage.getEditaccinfo(MyPage.java:22)
at pageObjects.MyPage.getEditaccinfo(MyPage.java:22)
at pageObjects.MyPage.getEditaccinfo(MyPage.java:22)
at pageObjects.MyPage.getEditaccinfo(MyPage.java:22)
at pageObjects.MyPage.getEditaccinfo(MyPage.java:22)
at pageObjects.MyPage.getEditaccinfo(MyPage.java:22)
at pageObjects.MyPage.getEditaccinfo(MyPage.java:22)
at pageObjects.MyPage.getEditaccinfo(MyPage.java:22)
at pageObjects.MyPage.getEditaccinfo(MyPage.java:22)
at pageObjects.MyPage.getEditaccinfo(MyPage.java:22)
at pageObjects.MyPage.getEditaccinfo(MyPage.java:22)
at pageObjects.MyPage.getEditaccinfo(MyPage.java:22)
at pageObjects.MyPage.getEditaccinfo(MyPage.java:22)
at pageObjects.MyPage.getEditaccinfo(MyPage.java:22)
at pageObjects.MyPage.getEditaccinfo(MyPage.java:22)
at pageObjects.MyPage.getEditaccinfo(MyPage.java:22)
at pageObjects.MyPage.getEditaccinfo(MyPage.java:22)
at pageObjects.MyPage.getEditaccinfo(MyPage.java:22)
at pageObjects.MyPage.getEditaccinfo(MyPage.java:22)
at pageObjects.MyPage.getEditaccinfo(MyPage.java:22)
at pageObjects.MyPage.getEditaccinfo(MyPage.java:22)
at pageObjects.MyPage.getEditaccinfo(MyPage.java:22)
at pageObjects.MyPage.getEditaccinfo(MyPage.java:22)
at pageObjects.MyPage.getEditaccinfo(MyPage.java:22)
at pageObjects.MyPage.getEditaccinfo(MyPage.java:22)
at pageObjects.MyPage.getEditaccinfo(MyPage.java:22)
at pageObjects.MyPage.getEditaccinfo(MyPage.java:22)
at pageObjects.MyPage.getEditaccinfo(MyPage.java:22)
at pageObjects.MyPage.getEditaccinfo(MyPage.java:22)
at pageObjects.MyPage.getEditaccinfo(MyPage.java:22)
at pageObjects.MyPage.getEditaccinfo(MyPage.java:22)
at pageObjects.MyPage.getEditaccinfo(MyPage.java:22)
at pageObjects.MyPage.getEditaccinfo(MyPage.java:22)
at pageObjects.MyPage.getEditaccinfo(MyPage.java:22)
at pageObjects.MyPage.getEditaccinfo(MyPage.java:22)
at pageObjects.MyPage.getEditaccinfo(MyPage.java:22)
at pageObjects.MyPage.getEditaccinfo(MyPage.java:22)
at pageObjects.MyPage.getEditaccinfo(MyPage.java:22)
at pageObjects.MyPage.getEditaccinfo(MyPage.java:22)
at pageObjects.MyPage.getEditaccinfo(MyPage.java:22)
at pageObjects.MyPage.getEditaccinfo(MyPage.java:22)
at pageObjects.MyPage.getEditaccinfo(MyPage.java:22)
at pageObjects.MyPage.getEditaccinfo(MyPage.java:22)
at pageObjects.MyPage.getEditaccinfo(MyPage.java:22)
at pageObjects.MyPage.getEditaccinfo(MyPage.java:22)
at pageObjects.MyPage.getEditaccinfo(MyPage.java:22)
at pageObjects.MyPage.getEditaccinfo(MyPage.java:22)
at pageObjects.MyPage.getEditaccinfo(MyPage.java:22)
at pageObjects.MyPage.getEditaccinfo(MyPage.java:22)
at pageObjects.MyPage.getEditaccinfo(MyPage.java:22)
at pageObjects.MyPage.getEditaccinfo(MyPage.java:22)
at pageObjects.MyPage.getEditaccinfo(MyPage.java:22)
at pageObjects.MyPage.getEditaccinfo(MyPage.java:22)
at pageObjects.MyPage.getEditaccinfo(MyPage.java:22)
at pageObjects.MyPage.getEditaccinfo(MyPage.java:22)
at pageObjects.MyPage.getEditaccinfo(MyPage.java:22)
at pageObjects.MyPage.getEditaccinfo(MyPage.java:22)
at pageObjects.MyPage.getEditaccinfo(MyPage.java:22)
at pageObjects.MyPage.getEditaccinfo(MyPage.java:22)
at pageObjects.MyPage.getEditaccinfo(MyPage.java:22)
at pageObjects.MyPage.getEditaccinfo(MyPage.java:22)
at pageObjects.MyPage.getEditaccinfo(MyPage.java:22)
at pageObjects.MyPage.getEditaccinfo(MyPage.java:22)
at pageObjects.MyPage.getEditaccinfo(MyPage.java:22)
at pageObjects.MyPage.getEditaccinfo(MyPage.java:22)
at pageObjects.MyPage.getEditaccinfo(MyPage.java:22)
at pageObjects.MyPage.getEditaccinfo(MyPage.java:22)
at pageObjects.MyPage.getEditaccinfo(MyPage.java:22)
at pageObjects.MyPage.getEditaccinfo(MyPage.java:22)
at pageObjects.MyPage.getEditaccinfo(MyPage.java:22)
at pageObjects.MyPage.getEditaccinfo(MyPage.java:22)
at pageObjects.MyPage.getEditaccinfo(MyPage.java:22)
at pageObjects.MyPage.getEditaccinfo(MyPage.java:22)
at pageObjects.MyPage.getEditaccinfo(MyPage.java:22)
at pageObjects.MyPage.getEditaccinfo(MyPage.java:22)
at pageObjects.MyPage.getEditaccinfo(MyPage.java:22)
at pageObjects.MyPage.getEditaccinfo(MyPage.java:22)
at pageObjects.MyPage.getEditaccinfo(MyPage.java:22)
at pageObjects.MyPage.getEditaccinfo(MyPage.java:22)
at pageObjects.MyPage.getEditaccinfo(MyPage.java:22)
at pageObjects.MyPage.getEditaccinfo(MyPage.java:22)
at pageObjects.MyPage.getEditaccinfo(MyPage.java:22)
at pageObjects.MyPage.getEditaccinfo(MyPage.java:22)
at pageObjects.MyPage.getEditaccinfo(MyPage.java:22)
at pageObjects.MyPage.getEditaccinfo(MyPage.java:22)
at pageObjects.MyPage.getEditaccinfo(MyPage.java:22)
at pageObjects.MyPage.getEditaccinfo(MyPage.java:22)
at pageObjects.MyPage.getEditaccinfo(MyPage.java:22)
at pageObjects.MyPage.getEditaccinfo(MyPage.java:22)
at pageObjects.MyPage.getEditaccinfo(MyPage.java:22)
at pageObjects.MyPage.getEditaccinfo(MyPage.java:22)
at pageObjects.MyPage.getEditaccinfo(MyPage.java:22)
at pageObjects.MyPage.getEditaccinfo(MyPage.java:22)
at pageObjects.MyPage.getEditaccinfo(MyPage.java:22)
at pageObjects.MyPage.getEditaccinfo(MyPage.java:22)
at pageObjects.MyPage.getEditaccinfo(MyPage.java:22)
at pageObjects.MyPage.getEditaccinfo(MyPage.java:22)
at pageObjects.MyPage.getEditaccinfo(MyPage.java:22)
at pageObjects.MyPage.getEditaccinfo(MyPage.java:22)
at pageObjects.MyPage.getEditaccinfo(MyPage.java:22)
at pageObjects.MyPage.getEditaccinfo(MyPage.java:22)
at pageObjects.MyPage.getEditaccinfo(MyPage.java:22)
at pageObjects.MyPage.getEditaccinfo(MyPage.java:22)
at pageObjects.MyPage.getEditaccinfo(MyPage.java:22)
at pageObjects.MyPage.getEditaccinfo(MyPage.java:22)
at pageObjects.MyPage.getEditaccinfo(MyPage.java:22)
at pageObjects.MyPage.getEditaccinfo(MyPage.java:22)
at pageObjects.MyPage.getEditaccinfo(MyPage.java:22)
at pageObjects.MyPage.getEditaccinfo(MyPage.java:22)
at pageObjects.MyPage.getEditaccinfo(MyPage.java:22)
at pageObjects.MyPage.getEditaccinfo(MyPage.java:22)
at pageObjects.MyPage.getEditaccinfo(MyPage.java:22)
at pageObjects.MyPage.getEditaccinfo(MyPage.java:22)
at pageObjects.MyPage.getEditaccinfo(MyPage.java:22)
at pageObjects.MyPage.getEditaccinfo(MyPage.java:22)
at pageObjects.MyPage.getEditaccinfo(MyPage.java:22)
at pageObjects.MyPage.getEditaccinfo(MyPage.java:22)
at pageObjects.MyPage.getEditaccinfo(MyPage.java:22)
at pageObjects.MyPage.getEditaccinfo(MyPage.java:22)
at pageObjects.MyPage.getEditaccinfo(MyPage.java:22)
at pageObjects.MyPage.getEditaccinfo(MyPage.java:22)
at pageObjects.MyPage.getEditaccinfo(MyPage.java:22)
at pageObjects.MyPage.getEditaccinfo(MyPage.java:22)
at pageObjects.MyPage.getEditaccinfo(MyPage.java:22)
at pageObjects.MyPage.getEditaccinfo(MyPage.java:22)
at pageObjects.MyPage.getEditaccinfo(MyPage.java:22)
at pageObjects.MyPage.getEditaccinfo(MyPage.java:22)
at pageObjects.MyPage.getEditaccinfo(MyPage.java:22)
at pageObjects.MyPage.getEditaccinfo(MyPage.java:22)
at pageObjects.MyPage.getEditaccinfo(MyPage.java:22)
at pageObjects.MyPage.getEditaccinfo(MyPage.java:22)
at pageObjects.MyPage.getEditaccinfo(MyPage.java:22)
at pageObjects.MyPage.getEditaccinfo(MyPage.java:22)
at pageObjects.MyPage.getEditaccinfo(MyPage.java:22)
at pageObjects.MyPage.getEditaccinfo(MyPage.java:22)
at pageObjects.MyPage.getEditaccinfo(MyPage.java:22)
at pageObjects.MyPage.getEditaccinfo(MyPage.java:22)
at pageObjects.MyPage.getEditaccinfo(MyPage.java:22)
at pageObjects.MyPage.getEditaccinfo(MyPage.java:22)
at pageObjects.MyPage.getEditaccinfo(MyPage.java:22)
at pageObjects.MyPage.getEditaccinfo(MyPage.java:22)
at pageObjects.MyPage.getEditaccinfo(MyPage.java:22)
at pageObjects.MyPage.getEditaccinfo(MyPage.java:22)
at pageObjects.MyPage.getEditaccinfo(MyPage.java:22)
at pageObjects.MyPage.getEditaccinfo(MyPage.java:22)
at pageObjects.MyPage.getEditaccinfo(MyPage.java:22)
at pageObjects.MyPage.getEditaccinfo(MyPage.java:22)
at pageObjects.MyPage.getEditaccinfo(MyPage.java:22)
at pageObjects.MyPage.getEditaccinfo(MyPage.java:22)
at pageObjects.MyPage.getEditaccinfo(MyPage.java:22)
at pageObjects.MyPage.getEditaccinfo(MyPage.java:22)
at pageObjects.MyPage.getEditaccinfo(MyPage.java:22)
at pageObjects.MyPage.getEditaccinfo(MyPage.java:22)
at pageObjects.MyPage.getEditaccinfo(MyPage.java:22)
at pageObjects.MyPage.getEditaccinfo(MyPage.java:22)
at pageObjects.MyPage.getEditaccinfo(MyPage.java:22)
at pageObjects.MyPage.getEditaccinfo(MyPage.java:22)
at pageObjects.MyPage.getEditaccinfo(MyPage.java:22)
at pageObjects.MyPage.getEditaccinfo(MyPage.java:22)
at pageObjects.MyPage.getEditaccinfo(MyPage.java:22)
at pageObjects.MyPage.getEditaccinfo(MyPage.java:22)
at pageObjects.MyPage.getEditaccinfo(MyPage.java:22)
at pageObjects.MyPage.getEditaccinfo(MyPage.java:22)
at pageObjects.MyPage.getEditaccinfo(MyPage.java:22)
at pageObjects.MyPage.getEditaccinfo(MyPage.java:22)
at pageObjects.MyPage.getEditaccinfo(MyPage.java:22)
at pageObjects.MyPage.getEditaccinfo(MyPage.java:22)
at pageObjects.MyPage.getEditaccinfo(MyPage.java:22)
at pageObjects.MyPage.getEditaccinfo(MyPage.java:22)
at pageObjects.MyPage.getEditaccinfo(MyPage.java:22)
at pageObjects.MyPage.getEditaccinfo(MyPage.java:22)
at pageObjects.MyPage.getEditaccinfo(MyPage.java:22)
at pageObjects.MyPage.getEditaccinfo(MyPage.java:22)
at pageObjects.MyPage.getEditaccinfo(MyPage.java:22)
at pageObjects.MyPage.getEditaccinfo(MyPage.java:22)
at pageObjects.MyPage.getEditaccinfo(MyPage.java:22)
at pageObjects.MyPage.getEditaccinfo(MyPage.java:22)
at pageObjects.MyPage.getEditaccinfo(MyPage.java:22)
at pageObjects.MyPage.getEditaccinfo(MyPage.java:22)
at pageObjects.MyPage.getEditaccinfo(MyPage.java:22)
at pageObjects.MyPage.getEditaccinfo(MyPage.java:22)
at pageObjects.MyPage.getEditaccinfo(MyPage.java:22)
at pageObjects.MyPage.getEditaccinfo(MyPage.java:22)
at pageObjects.MyPage.getEditaccinfo(MyPage.java:22)
at pageObjects.MyPage.getEditaccinfo(MyPage.java:22)
at pageObjects.MyPage.getEditaccinfo(MyPage.java:22)
at pageObjects.MyPage.getEditaccinfo(MyPage.java:22)
at pageObjects.MyPage.getEditaccinfo(MyPage.java:22)
at pageObjects.MyPage.getEditaccinfo(MyPage.java:22)
at pageObjects.MyPage.getEditaccinfo(MyPage.java:22)
at pageObjects.MyPage.getEditaccinfo(MyPage.java:22)
at pageObjects.MyPage.getEditaccinfo(MyPage.java:22)
at pageObjects.MyPage.getEditaccinfo(MyPage.java:22)
at pageObjects.MyPage.getEditaccinfo(MyPage.java:22)
at pageObjects.MyPage.getEditaccinfo(MyPage.java:22)
at pageObjects.MyPage.getEditaccinfo(MyPage.java:22)
at pageObjects.MyPage.getEditaccinfo(MyPage.java:22)
at pageObjects.MyPage.getEditaccinfo(MyPage.java:22)
at pageObjects.MyPage.getEditaccinfo(MyPage.java:22)
at pageObjects.MyPage.getEditaccinfo(MyPage.java:22)
at pageObjects.MyPage.getEditaccinfo(MyPage.java:22)
at pageObjects.MyPage.getEditaccinfo(MyPage.java:22)
at pageObjects.MyPage.getEditaccinfo(MyPage.java:22)
at pageObjects.MyPage.getEditaccinfo(MyPage.java:22)
at pageObjects.MyPage.getEditaccinfo(MyPage.java:22)
at pageObjects.MyPage.getEditaccinfo(MyPage.java:22)
at pageObjects.MyPage.getEditaccinfo(MyPage.java:22)
at pageObjects.MyPage.getEditaccinfo(MyPage.java:22)
at pageObjects.MyPage.getEditaccinfo(MyPage.java:22)
at pageObjects.MyPage.getEditaccinfo(MyPage.java:22)
at pageObjects.MyPage.getEditaccinfo(MyPage.java:22)
at pageObjects.MyPage.getEditaccinfo(MyPage.java:22)
at pageObjects.MyPage.getEditaccinfo(MyPage.java:22)
at pageObjects.MyPage.getEditaccinfo(MyPage.java:22)
at pageObjects.MyPage.getEditaccinfo(MyPage.java:22)
at pageObjects.MyPage.getEditaccinfo(MyPage.java:22)
at pageObjects.MyPage.getEditaccinfo(MyPage.java:22)
at pageObjects.MyPage.getEditaccinfo(MyPage.java:22)
at pageObjects.MyPage.getEditaccinfo(MyPage.java:22)
at pageObjects.MyPage.getEditaccinfo(MyPage.java:22)
at pageObjects.MyPage.getEditaccinfo(MyPage.java:22)
at pageObjects.MyPage.getEditaccinfo(MyPage.java:22)
at pageObjects.MyPage.getEditaccinfo(MyPage.java:22)
at pageObjects.MyPage.getEditaccinfo(MyPage.java:22)
at pageObjects.MyPage.getEditaccinfo(MyPage.java:22)
at pageObjects.MyPage.getEditaccinfo(MyPage.java:22)
at pageObjects.MyPage.getEditaccinfo(MyPage.java:22)
at pageObjects.MyPage.getEditaccinfo(MyPage.java:22)
at pageObjects.MyPage.getEditaccinfo(MyPage.java:22)
at pageObjects.MyPage.getEditaccinfo(MyPage.java:22)
at pageObjects.MyPage.getEditaccinfo(MyPage.java:22)
at pageObjects.MyPage.getEditaccinfo(MyPage.java:22)
at pageObjects.MyPage.getEditaccinfo(MyPage.java:22)
at pageObjects.MyPage.getEditaccinfo(MyPage.java:22)
at pageObjects.MyPage.getEditaccinfo(MyPage.java:22)
at pageObjects.MyPage.getEditaccinfo(MyPage.java:22)
at pageObjects.MyPage.getEditaccinfo(MyPage.java:22)
at pageObjects.MyPage.getEditaccinfo(MyPage.java:22)
at pageObjects.MyPage.getEditaccinfo(MyPage.java:22)
at pageObjects.MyPage.getEditaccinfo(MyPage.java:22)
at pageObjects.MyPage.getEditaccinfo(MyPage.java:22)
at pageObjects.MyPage.getEditaccinfo(MyPage.java:22)
at pageObjects.MyPage.getEditaccinfo(MyPage.java:22)
at pageObjects.MyPage.getEditaccinfo(MyPage.java:22)
at pageObjects.MyPage.getEditaccinfo(MyPage.java:22)
at pageObjects.MyPage.getEditaccinfo(MyPage.java:22)
at pageObjects.MyPage.getEditaccinfo(MyPage.java:22)
at pageObjects.MyPage.getEditaccinfo(MyPage.java:22)
at pageObjects.MyPage.getEditaccinfo(MyPage.java:22)
at pageObjects.MyPage.getEditaccinfo(MyPage.java:22)
at pageObjects.MyPage.getEditaccinfo(MyPage.java:22)
at pageObjects.MyPage.getEditaccinfo(MyPage.java:22)
at pageObjects.MyPage.getEditaccinfo(MyPage.java:22)
at pageObjects.MyPage.getEditaccinfo(MyPage.java:22)
at pageObjects.MyPage.getEditaccinfo(MyPage.java:22)
at pageObjects.MyPage.getEditaccinfo(MyPage.java:22)
at pageObjects.MyPage.getEditaccinfo(MyPage.java:22)
at pageObjects.MyPage.getEditaccinfo(MyPage.java:22)
at pageObjects.MyPage.getEditaccinfo(MyPage.java:22)
at pageObjects.MyPage.getEditaccinfo(MyPage.java:22)
at pageObjects.MyPage.getEditaccinfo(MyPage.java:22)
at pageObjects.MyPage.getEditaccinfo(MyPage.java:22)
at pageObjects.MyPage.getEditaccinfo(MyPage.java:22)
at pageObjects.MyPage.getEditaccinfo(MyPage.java:22)
at pageObjects.MyPage.getEditaccinfo(MyPage.java:22)
at pageObjects.MyPage.getEditaccinfo(MyPage.java:22)
at pageObjects.MyPage.getEditaccinfo(MyPage.java:22)
at pageObjects.MyPage.getEditaccinfo(MyPage.java:22)
at pageObjects.MyPage.getEditaccinfo(MyPage.java:22)
at pageObjects.MyPage.getEditaccinfo(MyPage.java:22)
at pageObjects.MyPage.getEditaccinfo(MyPage.java:22)
at pageObjects.MyPage.getEditaccinfo(MyPage.java:22)
at pageObjects.MyPage.getEditaccinfo(MyPage.java:22)
at pageObjects.MyPage.getEditaccinfo(MyPage.java:22)
at pageObjects.MyPage.getEditaccinfo(MyPage.java:22)
at pageObjects.MyPage.getEditaccinfo(MyPage.java:22)
at pageObjects.MyPage.getEditaccinfo(MyPage.java:22)
at pageObjects.MyPage.getEditaccinfo(MyPage.java:22)
at pageObjects.MyPage.getEditaccinfo(MyPage.java:22)
at pageObjects.MyPage.getEditaccinfo(MyPage.java:22)
at pageObjects.MyPage.getEditaccinfo(MyPage.java:22)
at pageObjects.MyPage.getEditaccinfo(MyPage.java:22)
at pageObjects.MyPage.getEditaccinfo(MyPage.java:22)
at pageObjects.MyPage.getEditaccinfo(MyPage.java:22)
at pageObjects.MyPage.getEditaccinfo(MyPage.java:22)
at pageObjects.MyPage.getEditaccinfo(MyPage.java:22)
at pageObjects.MyPage.getEditaccinfo(MyPage.java:22)
at pageObjects.MyPage.getEditaccinfo(MyPage.java:22)
at pageObjects.MyPage.getEditaccinfo(MyPage.java:22)
at pageObjects.MyPage.getEditaccinfo(MyPage.java:22)
at pageObjects.MyPage.getEditaccinfo(MyPage.java:22)
at pageObjects.MyPage.getEditaccinfo(MyPage.java:22)
at pageObjects.MyPage.getEditaccinfo(MyPage.java:22)
at pageObjects.MyPage.getEditaccinfo(MyPage.java:22)
at pageObjects.MyPage.getEditaccinfo(MyPage.java:22)
at pageObjects.MyPage.getEditaccinfo(MyPage.java:22)
at pageObjects.MyPage.getEditaccinfo(MyPage.java:22)
at pageObjects.MyPage.getEditaccinfo(MyPage.java:22)
at pageObjects.MyPage.getEditaccinfo(MyPage.java:22)
at pageObjects.MyPage.getEditaccinfo(MyPage.java:22)
at pageObjects.MyPage.getEditaccinfo(MyPage.java:22)
at pageObjects.MyPage.getEditaccinfo(MyPage.java:22)
at pageObjects.MyPage.getEditaccinfo(MyPage.java:22)
at pageObjects.MyPage.getEditaccinfo(MyPage.java:22)
at pageObjects.MyPage.getEditaccinfo(MyPage.java:22)
at pageObjects.MyPage.getEditaccinfo(MyPage.java:22)
at pageObjects.MyPage.getEditaccinfo(MyPage.java:22)
at pageObjects.MyPage.getEditaccinfo(MyPage.java:22)
at pageObjects.MyPage.getEditaccinfo(MyPage.java:22)
at pageObjects.MyPage.getEditaccinfo(MyPage.java:22)
at pageObjects.MyPage.getEditaccinfo(MyPage.java:22)
at pageObjects.MyPage.getEditaccinfo(MyPage.java:22)
at pageObjects.MyPage.getEditaccinfo(MyPage.java:22)
at pageObjects.MyPage.getEditaccinfo(MyPage.java:22)
at pageObjects.MyPage.getEditaccinfo(MyPage.java:22)
at pageObjects.MyPage.getEditaccinfo(MyPage.java:22)
at pageObjects.MyPage.getEditaccinfo(MyPage.java:22)
at pageObjects.MyPage.getEditaccinfo(MyPage.java:22)
at pageObjects.MyPage.getEditaccinfo(MyPage.java:22)
at pageObjects.MyPage.getEditaccinfo(MyPage.java:22)
at pageObjects.MyPage.getEditaccinfo(MyPage.java:22)
at pageObjects.MyPage.getEditaccinfo(MyPage.java:22)
at pageObjects.MyPage.getEditaccinfo(MyPage.java:22)
at pageObjects.MyPage.getEditaccinfo(MyPage.java:22)
at pageObjects.MyPage.getEditaccinfo(MyPage.java:22)
at pageObjects.MyPage.getEditaccinfo(MyPage.java:22)
at pageObjects.MyPage.getEditaccinfo(MyPage.java:22)
at pageObjects.MyPage.getEditaccinfo(MyPage.java:22)
at pageObjects.MyPage.getEditaccinfo(MyPage.java:22)
at pageObjects.MyPage.getEditaccinfo(MyPage.java:22)
at pageObjects.MyPage.getEditaccinfo(MyPage.java:22)
at pageObjects.MyPage.getEditaccinfo(MyPage.java:22)
at pageObjects.MyPage.getEditaccinfo(MyPage.java:22)
at pageObjects.MyPage.getEditaccinfo(MyPage.java:22)
at pageObjects.MyPage.getEditaccinfo(MyPage.java:22)
at pageObjects.MyPage.getEditaccinfo(MyPage.java:22)
at pageObjects.MyPage.getEditaccinfo(MyPage.java:22)
at pageObjects.MyPage.getEditaccinfo(MyPage.java:22)
at pageObjects.MyPage.getEditaccinfo(MyPage.java:22)
at pageObjects.MyPage.getEditaccinfo(MyPage.java:22)
at pageObjects.MyPage.getEditaccinfo(MyPage.java:22)
at pageObjects.MyPage.getEditaccinfo(MyPage.java:22)
at pageObjects.MyPage.getEditaccinfo(MyPage.java:22)
at pageObjects.MyPage.getEditaccinfo(MyPage.java:22)
at pageObjects.MyPage.getEditaccinfo(MyPage.java:22)
at pageObjects.MyPage.getEditaccinfo(MyPage.java:22)
at pageObjects.MyPage.getEditaccinfo(MyPage.java:22)
at pageObjects.MyPage.getEditaccinfo(MyPage.java:22)
at pageObjects.MyPage.getEditaccinfo(MyPage.java:22)
at pageObjects.MyPage.getEditaccinfo(MyPage.java:22)
at pageObjects.MyPage.getEditaccinfo(MyPage.java:22)
at pageObjects.MyPage.getEditaccinfo(MyPage.java:22)
at pageObjects.MyPage.getEditaccinfo(MyPage.java:22)
at pageObjects.MyPage.getEditaccinfo(MyPage.java:22)
at pageObjects.MyPage.getEditaccinfo(MyPage.java:22)
at pageObjects.MyPage.getEditaccinfo(MyPage.java:22)
at pageObjects.MyPage.getEditaccinfo(MyPage.java:22)
at pageObjects.MyPage.getEditaccinfo(MyPage.java:22)
at pageObjects.MyPage.getEditaccinfo(MyPage.java:22)
at pageObjects.MyPage.getEditaccinfo(MyPage.java:22)
at pageObjects.MyPage.getEditaccinfo(MyPage.java:22)
at pageObjects.MyPage.getEditaccinfo(MyPage.java:22)
at pageObjects.MyPage.getEditaccinfo(MyPage.java:22)
at pageObjects.MyPage.getEditaccinfo(MyPage.java:22)
at pageObjects.MyPage.getEditaccinfo(MyPage.java:22)
at pageObjects.MyPage.getEditaccinfo(MyPage.java:22)
at pageObjects.MyPage.getEditaccinfo(MyPage.java:22)
at pageObjects.MyPage.getEditaccinfo(MyPage.java:22)
at pageObjects.MyPage.getEditaccinfo(MyPage.java:22)
at pageObjects.MyPage.getEditaccinfo(MyPage.java:22)
at pageObjects.MyPage.getEditaccinfo(MyPage.java:22)
at pageObjects.MyPage.getEditaccinfo(MyPage.java:22)
at pageObjects.MyPage.getEditaccinfo(MyPage.java:22)
at pageObjects.MyPage.getEditaccinfo(MyPage.java:22)
at pageObjects.MyPage.getEditaccinfo(MyPage.java:22)
at pageObjects.MyPage.getEditaccinfo(MyPage.java:22)
at pageObjects.MyPage.getEditaccinfo(MyPage.java:22)
at pageObjects.MyPage.getEditaccinfo(MyPage.java:22)
at pageObjects.MyPage.getEditaccinfo(MyPage.java:22)
at pageObjects.MyPage.getEditaccinfo(MyPage.java:22)
at pageObjects.MyPage.getEditaccinfo(MyPage.java:22)
at pageObjects.MyPage.getEditaccinfo(MyPage.java:22)
at pageObjects.MyPage.getEditaccinfo(MyPage.java:22)
at pageObjects.MyPage.getEditaccinfo(MyPage.java:22)
at pageObjects.MyPage.getEditaccinfo(MyPage.java:22)
at pageObjects.MyPage.getEditaccinfo(MyPage.java:22)
at pageObjects.MyPage.getEditaccinfo(MyPage.java:22)
at pageObjects.MyPage.getEditaccinfo(MyPage.java:22)
at pageObjects.MyPage.getEditaccinfo(MyPage.java:22)
at pageObjects.MyPage.getEditaccinfo(MyPage.java:22)
at pageObjects.MyPage.getEditaccinfo(MyPage.java:22)
at pageObjects.MyPage.getEditaccinfo(MyPage.java:22)
at pageObjects.MyPage.getEditaccinfo(MyPage.java:22)
at pageObjects.MyPage.getEditaccinfo(MyPage.java:22)
at pageObjects.MyPage.getEditaccinfo(MyPage.java:22)
at pageObjects.MyPage.getEditaccinfo(MyPage.java:22)
at pageObjects.MyPage.getEditaccinfo(MyPage.java:22)
at pageObjects.MyPage.getEditaccinfo(MyPage.java:22)
at pageObjects.MyPage.getEditaccinfo(MyPage.java:22)
at pageObjects.MyPage.getEditaccinfo(MyPage.java:22)
at pageObjects.MyPage.getEditaccinfo(MyPage.java:22)
at pageObjects.MyPage.getEditaccinfo(MyPage.java:22)
at pageObjects.MyPage.getEditaccinfo(MyPage.java:22)
at pageObjects.MyPage.getEditaccinfo(MyPage.java:22)
at pageObjects.MyPage.getEditaccinfo(MyPage.java:22)
at pageObjects.MyPage.getEditaccinfo(MyPage.java:22)
at pageObjects.MyPage.getEditaccinfo(MyPage.java:22)
at pageObjects.MyPage.getEditaccinfo(MyPage.java:22)
at pageObjects.MyPage.getEditaccinfo(MyPage.java:22)
at pageObjects.MyPage.getEditaccinfo(MyPage.java:22)
at pageObjects.MyPage.getEditaccinfo(MyPage.java:22)
at pageObjects.MyPage.getEditaccinfo(MyPage.java:22)
at pageObjects.MyPage.getEditaccinfo(MyPage.java:22)
at pageObjects.MyPage.getEditaccinfo(MyPage.java:22)
at pageObjects.MyPage.getEditaccinfo(MyPage.java:22)
at pageObjects.MyPage.getEditaccinfo(MyPage.java:22)
at pageObjects.MyPage.getEditaccinfo(MyPage.java:22)
at pageObjects.MyPage.getEditaccinfo(MyPage.java:22)
at pageObjects.MyPage.getEditaccinfo(MyPage.java:22)
at pageObjects.MyPage.getEditaccinfo(MyPage.java:22)
at pageObjects.MyPage.getEditaccinfo(MyPage.java:22)
at pageObjects.MyPage.getEditaccinfo(MyPage.java:22)
at pageObjects.MyPage.getEditaccinfo(MyPage.java:22)
at pageObjects.MyPage.getEditaccinfo(MyPage.java:22)
at pageObjects.MyPage.getEditaccinfo(MyPage.java:22)
at pageObjects.MyPage.getEditaccinfo(MyPage.java:22)
at pageObjects.MyPage.getEditaccinfo(MyPage.java:22)
at pageObjects.MyPage.getEditaccinfo(MyPage.java:22)
at pageObjects.MyPage.getEditaccinfo(MyPage.java:22)
at pageObjects.MyPage.getEditaccinfo(MyPage.java:22)
at pageObjects.MyPage.getEditaccinfo(MyPage.java:22)
at pageObjects.MyPage.getEditaccinfo(MyPage.java:22)
at pageObjects.MyPage.getEditaccinfo(MyPage.java:22)
at pageObjects.MyPage.getEditaccinfo(MyPage.java:22)
at pageObjects.MyPage.getEditaccinfo(MyPage.java:22)
at pageObjects.MyPage.getEditaccinfo(MyPage.java:22)
at pageObjects.MyPage.getEditaccinfo(MyPage.java:22)
at pageObjects.MyPage.getEditaccinfo(MyPage.java:22)
at pageObjects.MyPage.getEditaccinfo(MyPage.java:22)
at pageObjects.MyPage.getEditaccinfo(MyPage.java:22)
at pageObjects.MyPage.getEditaccinfo(MyPage.java:22)
at pageObjects.MyPage.getEditaccinfo(MyPage.java:22)
at pageObjects.MyPage.getEditaccinfo(MyPage.java:22)
at pageObjects.MyPage.getEditaccinfo(MyPage.java:22)
at pageObjects.MyPage.getEditaccinfo(MyPage.java:22)
at pageObjects.MyPage.getEditaccinfo(MyPage.java:22)
at pageObjects.MyPage.getEditaccinfo(MyPage.java:22)
at pageObjects.MyPage.getEditaccinfo(MyPage.java:22)
at pageObjects.MyPage.getEditaccinfo(MyPage.java:22)
at pageObjects.MyPage.getEditaccinfo(MyPage.java:22)
at pageObjects.MyPage.getEditaccinfo(MyPage.java:22)
at pageObjects.MyPage.getEditaccinfo(MyPage.java:22)
at pageObjects.MyPage.getEditaccinfo(MyPage.java:22)
at pageObjects.MyPage.getEditaccinfo(MyPage.java:22)
at pageObjects.MyPage.getEditaccinfo(MyPage.java:22)
at pageObjects.MyPage.getEditaccinfo(MyPage.java:22)
at pageObjects.MyPage.getEditaccinfo(MyPage.java:22)
at pageObjects.MyPage.getEditaccinfo(MyPage.java:22)
at pageObjects.MyPage.getEditaccinfo(MyPage.java:22)
at pageObjects.MyPage.getEditaccinfo(MyPage.java:22)
at pageObjects.MyPage.getEditaccinfo(MyPage.java:22)
at pageObjects.MyPage.getEditaccinfo(MyPage.java:22)
at pageObjects.MyPage.getEditaccinfo(MyPage.java:22)
at pageObjects.MyPage.getEditaccinfo(MyPage.java:22)
at pageObjects.MyPage.getEditaccinfo(MyPage.java:22)
at pageObjects.MyPage.getEditaccinfo(MyPage.java:22)
at pageObjects.MyPage.getEditaccinfo(MyPage.java:22)
at pageObjects.MyPage.getEditaccinfo(MyPage.java:22)
at pageObjects.MyPage.getEditaccinfo(MyPage.java:22)
at pageObjects.MyPage.getEditaccinfo(MyPage.java:22)
at pageObjects.MyPage.getEditaccinfo(MyPage.java:22)
at pageObjects.MyPage.getEditaccinfo(MyPage.java:22)
at pageObjects.MyPage.getEditaccinfo(MyPage.java:22)
at pageObjects.MyPage.getEditaccinfo(MyPage.java:22)
at pageObjects.MyPage.getEditaccinfo(MyPage.java:22)
at pageObjects.MyPage.getEditaccinfo(MyPage.java:22)
at pageObjects.MyPage.getEditaccinfo(MyPage.java:22)
at pageObjects.MyPage.getEditaccinfo(MyPage.java:22)
at pageObjects.MyPage.getEditaccinfo(MyPage.java:22)
at pageObjects.MyPage.getEditaccinfo(MyPage.java:22)
at pageObjects.MyPage.getEditaccinfo(MyPage.java:22)
at pageObjects.MyPage.getEditaccinfo(MyPage.java:22)
at pageObjects.MyPage.getEditaccinfo(MyPage.java:22)
at pageObjects.MyPage.getEditaccinfo(MyPage.java:22)
at pageObjects.MyPage.getEditaccinfo(MyPage.java:22)
at pageObjects.MyPage.getEditaccinfo(MyPage.java:22)
at pageObjects.MyPage.getEditaccinfo(MyPage.java:22)
at pageObjects.MyPage.getEditaccinfo(MyPage.java:22)
at pageObjects.MyPage.getEditaccinfo(MyPage.java:22)
at pageObjects.MyPage.getEditaccinfo(MyPage.java:22)
at pageObjects.MyPage.getEditaccinfo(MyPage.java:22)
at pageObjects.MyPage.getEditaccinfo(MyPage.java:22)
at pageObjects.MyPage.getEditaccinfo(MyPage.java:22)
at pageObjects.MyPage.getEditaccinfo(MyPage.java:22)
at pageObjects.MyPage.getEditaccinfo(MyPage.java:22)
at pageObjects.MyPage.getEditaccinfo(MyPage.java:22)
at pageObjects.MyPage.getEditaccinfo(MyPage.java:22)
at pageObjects.MyPage.getEditaccinfo(MyPage.java:22)
at pageObjects.MyPage.getEditaccinfo(MyPage.java:22)
at pageObjects.MyPage.getEditaccinfo(MyPage.java:22)
at pageObjects.MyPage.getEditaccinfo(MyPage.java:22)
at pageObjects.MyPage.getEditaccinfo(MyPage.java:22)
at pageObjects.MyPage.getEditaccinfo(MyPage.java:22)
at pageObjects.MyPage.getEditaccinfo(MyPage.java:22)
at pageObjects.MyPage.getEditaccinfo(MyPage.java:22)
at pageObjects.MyPage.getEditaccinfo(MyPage.java:22)
at pageObjects.MyPage.getEditaccinfo(MyPage.java:22)
at pageObjects.MyPage.getEditaccinfo(MyPage.java:22)
at pageObjects.MyPage.getEditaccinfo(MyPage.java:22)
at pageObjects.MyPage.getEditaccinfo(MyPage.java:22)
at pageObjects.MyPage.getEditaccinfo(MyPage.java:22)
at pageObjects.MyPage.getEditaccinfo(MyPage.java:22)
at pageObjects.MyPage.getEditaccinfo(MyPage.java:22)
at pageObjects.MyPage.getEditaccinfo(MyPage.java:22)
at pageObjects.MyPage.getEditaccinfo(MyPage.java:22)
at pageObjects.MyPage.getEditaccinfo(MyPage.java:22)
at pageObjects.MyPage.getEditaccinfo(MyPage.java:22)
at pageObjects.MyPage.getEditaccinfo(MyPage.java:22)
at pageObjects.MyPage.getEditaccinfo(MyPage.java:22)
at pageObjects.MyPage.getEditaccinfo(MyPage.java:22)
at pageObjects.MyPage.getEditaccinfo(MyPage.java:22)
at pageObjects.MyPage.getEditaccinfo(MyPage.java:22)
at pageObjects.MyPage.getEditaccinfo(MyPage.java:22)
at pageObjects.MyPage.getEditaccinfo(MyPage.java:22)
at pageObjects.MyPage.getEditaccinfo(MyPage.java:22)
at pageObjects.MyPage.getEditaccinfo(MyPage.java:22)
at pageObjects.MyPage.getEditaccinfo(MyPage.java:22)
at pageObjects.MyPage.getEditaccinfo(MyPage.java:22)
at pageObjects.MyPage.getEditaccinfo(MyPage.java:22)
at pageObjects.MyPage.getEditaccinfo(MyPage.java:22)
at pageObjects.MyPage.getEditaccinfo(MyPage.java:22)
at pageObjects.MyPage.getEditaccinfo(MyPage.java:22)
at pageObjects.MyPage.getEditaccinfo(MyPage.java:22)
at pageObjects.MyPage.getEditaccinfo(MyPage.java:22)
at pageObjects.MyPage.getEditaccinfo(MyPage.java:22)
at pageObjects.MyPage.getEditaccinfo(MyPage.java:22)
at pageObjects.MyPage.getEditaccinfo(MyPage.java:22)
at pageObjects.MyPage.getEditaccinfo(MyPage.java:22)
at pageObjects.MyPage.getEditaccinfo(MyPage.java:22)
at pageObjects.MyPage.getEditaccinfo(MyPage.java:22)
at pageObjects.MyPage.getEditaccinfo(MyPage.java:22)
at pageObjects.MyPage.getEditaccinfo(MyPage.java:22)
at pageObjects.MyPage.getEditaccinfo(MyPage.java:22)
at pageObjects.MyPage.getEditaccinfo(MyPage.java:22)
at pageObjects.MyPage.getEditaccinfo(MyPage.java:22)
at pageObjects.MyPage.getEditaccinfo(MyPage.java:22)
at pageObjects.MyPage.getEditaccinfo(MyPage.java:22)
at pageObjects.MyPage.getEditaccinfo(MyPage.java:22)
at pageObjects.MyPage.getEditaccinfo(MyPage.java:22)
at pageObjects.MyPage.getEditaccinfo(MyPage.java:22)
at pageObjects.MyPage.getEditaccinfo(MyPage.java:22)
at pageObjects.MyPage.getEditaccinfo(MyPage.java:22)
at pageObjects.MyPage.getEditaccinfo(MyPage.java:22)
at pageObjects.MyPage.getEditaccinfo(MyPage.java:22)
at pageObjects.MyPage.getEditaccinfo(MyPage.java:22)
at pageObjects.MyPage.getEditaccinfo(MyPage.java:22)
at pageObjects.MyPage.getEditaccinfo(MyPage.java:22)
at pageObjects.MyPage.getEditaccinfo(MyPage.java:22)
at pageObjects.MyPage.getEditaccinfo(MyPage.java:22)
at pageObjects.MyPage.getEditaccinfo(MyPage.java:22)
at pageObjects.MyPage.getEditaccinfo(MyPage.java:22)
at pageObjects.MyPage.getEditaccinfo(MyPage.java:22)
at pageObjects.MyPage.getEditaccinfo(MyPage.java:22)
at pageObjects.MyPage.getEditaccinfo(MyPage.java:22)
at pageObjects.MyPage.getEditaccinfo(MyPage.java:22)
at pageObjects.MyPage.getEditaccinfo(MyPage.java:22)
at pageObjects.MyPage.getEditaccinfo(MyPage.java:22)
at pageObjects.MyPage.getEditaccinfo(MyPage.java:22)
at pageObjects.MyPage.getEditaccinfo(MyPage.java:22)
at pageObjects.MyPage.getEditaccinfo(MyPage.java:22)
at pageObjects.MyPage.getEditaccinfo(MyPage.java:22)
at pageObjects.MyPage.getEditaccinfo(MyPage.java:22)
at pageObjects.MyPage.getEditaccinfo(MyPage.java:22)
at pageObjects.MyPage.getEditaccinfo(MyPage.java:22)
at pageObjects.MyPage.getEditaccinfo(MyPage.java:22)
at pageObjects.MyPage.getEditaccinfo(MyPage.java:22)
at pageObjects.MyPage.getEditaccinfo(MyPage.java:22)
at pageObjects.MyPage.getEditaccinfo(MyPage.java:22)
at pageObjects.MyPage.getEditaccinfo(MyPage.java:22)
at pageObjects.MyPage.getEditaccinfo(MyPage.java:22)
at pageObjects.MyPage.getEditaccinfo(MyPage.java:22)
at pageObjects.MyPage.getEditaccinfo(MyPage.java:22)
at pageObjects.MyPage.getEditaccinfo(MyPage.java:22)
at pageObjects.MyPage.getEditaccinfo(MyPage.java:22)
at pageObjects.MyPage.getEditaccinfo(MyPage.java:22)
at pageObjects.MyPage.getEditaccinfo(MyPage.java:22)
at pageObjects.MyPage.getEditaccinfo(MyPage.java:22)
at pageObjects.MyPage.getEditaccinfo(MyPage.java:22)
at pageObjects.MyPage.getEditaccinfo(MyPage.java:22)
at pageObjects.MyPage.getEditaccinfo(MyPage.java:22)
at pageObjects.MyPage.getEditaccinfo(MyPage.java:22)
at pageObjects.MyPage.getEditaccinfo(MyPage.java:22)
at pageObjects.MyPage.getEditaccinfo(MyPage.java:22)
at pageObjects.MyPage.getEditaccinfo(MyPage.java:22)
at pageObjects.MyPage.getEditaccinfo(MyPage.java:22)
at pageObjects.MyPage.getEditaccinfo(MyPage.java:22)
at pageObjects.MyPage.getEditaccinfo(MyPage.java:22)
at pageObjects.MyPage.getEditaccinfo(MyPage.java:22)
at pageObjects.MyPage.getEditaccinfo(MyPage.java:22)
at pageObjects.MyPage.getEditaccinfo(MyPage.java:22)
at pageObjects.MyPage.getEditaccinfo(MyPage.java:22)
at pageObjects.MyPage.getEditaccinfo(MyPage.java:22)
at pageObjects.MyPage.getEditaccinfo(MyPage.java:22)
at pageObjects.MyPage.getEditaccinfo(MyPage.java:22)
at pageObjects.MyPage.getEditaccinfo(MyPage.java:22)
at pageObjects.MyPage.getEditaccinfo(MyPage.java:22)
at pageObjects.MyPage.getEditaccinfo(MyPage.java:22)
at pageObjects.MyPage.getEditaccinfo(MyPage.java:22)
at pageObjects.MyPage.getEditaccinfo(MyPage.java:22)
at pageObjects.MyPage.getEditaccinfo(MyPage.java:22)
at pageObjects.MyPage.getEditaccinfo(MyPage.java:22)
at pageObjects.MyPage.getEditaccinfo(MyPage.java:22)
at pageObjects.MyPage.getEditaccinfo(MyPage.java:22)
at pageObjects.MyPage.getEditaccinfo(MyPage.java:22)
at pageObjects.MyPage.getEditaccinfo(MyPage.java:22)
at pageObjects.MyPage.getEditaccinfo(MyPage.java:22)
at pageObjects.MyPage.getEditaccinfo(MyPage.java:22)
at pageObjects.MyPage.getEditaccinfo(MyPage.java:22)
at pageObjects.MyPage.getEditaccinfo(MyPage.java:22)
at pageObjects.MyPage.getEditaccinfo(MyPage.java:22)
at pageObjects.MyPage.getEditaccinfo(MyPage.java:22)
at pageObjects.MyPage.getEditaccinfo(MyPage.java:22)
at pageObjects.MyPage.getEditaccinfo(MyPage.java:22)
at pageObjects.MyPage.getEditaccinfo(MyPage.java:22)
at pageObjects.MyPage.getEditaccinfo(MyPage.java:22)
at pageObjects.MyPage.getEditaccinfo(MyPage.java:22)
at pageObjects.MyPage.getEditaccinfo(MyPage.java:22)
at pageObjects.MyPage.getEditaccinfo(MyPage.java:22)
at pageObjects.MyPage.getEditaccinfo(MyPage.java:22)
at pageObjects.MyPage.getEditaccinfo(MyPage.java:22)
at pageObjects.MyPage.getEditaccinfo(MyPage.java:22)
at pageObjects.MyPage.getEditaccinfo(MyPage.java:22)
at pageObjects.MyPage.getEditaccinfo(MyPage.java:22)
at pageObjects.MyPage.getEditaccinfo(MyPage.java:22)
at pageObjects.MyPage.getEditaccinfo(MyPage.java:22)
at pageObjects.MyPage.getEditaccinfo(MyPage.java:22)
at pageObjects.MyPage.getEditaccinfo(MyPage.java:22)
at pageObjects.MyPage.getEditaccinfo(MyPage.java:22)
at pageObjects.MyPage.getEditaccinfo(MyPage.java:22)
at pageObjects.MyPage.getEditaccinfo(MyPage.java:22)
at pageObjects.MyPage.getEditaccinfo(MyPage.java:22)
at pageObjects.MyPage.getEditaccinfo(MyPage.java:22)
at pageObjects.MyPage.getEditaccinfo(MyPage.java:22)
at pageObjects.MyPage.getEditaccinfo(MyPage.java:22)
at pageObjects.MyPage.getEditaccinfo(MyPage.java:22)
at pageObjects.MyPage.getEditaccinfo(MyPage.java:22)
at pageObjects.MyPage.getEditaccinfo(MyPage.java:22)
at pageObjects.MyPage.getEditaccinfo(MyPage.java:22)
at pageObjects.MyPage.getEditaccinfo(MyPage.java:22)
at pageObjects.MyPage.getEditaccinfo(MyPage.java:22)
at pageObjects.MyPage.getEditaccinfo(MyPage.java:22)
at pageObjects.MyPage.getEditaccinfo(MyPage.java:22)
at pageObjects.MyPage.getEditaccinfo(MyPage.java:22)
at pageObjects.MyPage.getEditaccinfo(MyPage.java:22)
at pageObjects.MyPage.getEditaccinfo(MyPage.java:22)
at pageObjects.MyPage.getEditaccinfo(MyPage.java:22)
at pageObjects.MyPage.getEditaccinfo(MyPage.java:22)
at pageObjects.MyPage.getEditaccinfo(MyPage.java:22)
at pageObjects.MyPage.getEditaccinfo(MyPage.java:22)
at pageObjects.MyPage.getEditaccinfo(MyPage.java:22)
at pageObjects.MyPage.getEditaccinfo(MyPage.java:22)
at pageObjects.MyPage.getEditaccinfo(MyPage.java:22)
at pageObjects.MyPage.getEditaccinfo(MyPage.java:22)
at pageObjects.MyPage.getEditaccinfo(MyPage.java:22)
at pageObjects.MyPage.getEditaccinfo(MyPage.java:22)
at pageObjects.MyPage.getEditaccinfo(MyPage.java:22)
at pageObjects.MyPage.getEditaccinfo(MyPage.java:22)
at pageObjects.MyPage.getEditaccinfo(MyPage.java:22)
at pageObjects.MyPage.getEditaccinfo(MyPage.java:22)
at pageObjects.MyPage.getEditaccinfo(MyPage.java:22)
at pageObjects.MyPage.getEditaccinfo(MyPage.java:22)
at pageObjects.MyPage.getEditaccinfo(MyPage.java:22)
at pageObjects.MyPage.getEditaccinfo(MyPage.java:22)
at pageObjects.MyPage.getEditaccinfo(MyPage.java:22)
at pageObjects.MyPage.getEditaccinfo(MyPage.java:22)
at pageObjects.MyPage.getEditaccinfo(MyPage.java:22)
at pageObjects.MyPage.getEditaccinfo(MyPage.java:22)
at pageObjects.MyPage.getEditaccinfo(MyPage.java:22)
at pageObjects.MyPage.getEditaccinfo(MyPage.java:22)
at pageObjects.MyPage.getEditaccinfo(MyPage.java:22)
at pageObjects.MyPage.getEditaccinfo(MyPage.java:22)
at pageObjects.MyPage.getEditaccinfo(MyPage.java:22)
at pageObjects.MyPage.getEditaccinfo(MyPage.java:22)
at pageObjects.MyPage.getEditaccinfo(MyPage.java:22)
at pageObjects.MyPage.getEditaccinfo(MyPage.java:22)
at pageObjects.MyPage.getEditaccinfo(MyPage.java:22)
at pageObjects.MyPage.getEditaccinfo(MyPage.java:22)
at pageObjects.MyPage.getEditaccinfo(MyPage.java:22)
at pageObjects.MyPage.getEditaccinfo(MyPage.java:22)
at pageObjects.MyPage.getEditaccinfo(MyPage.java:22)
at pageObjects.MyPage.getEditaccinfo(MyPage.java:22)
at pageObjects.MyPage.getEditaccinfo(MyPage.java:22)
at pageObjects.MyPage.getEditaccinfo(MyPage.java:22)
at pageObjects.MyPage.getEditaccinfo(MyPage.java:22)
at pageObjects.MyPage.getEditaccinfo(MyPage.java:22)
at pageObjects.MyPage.getEditaccinfo(MyPage.java:22)
at pageObjects.MyPage.getEditaccinfo(MyPage.java:22)
at pageObjects.MyPage.getEditaccinfo(MyPage.java:22)
at pageObjects.MyPage.getEditaccinfo(MyPage.java:22)
at pageObjects.MyPage.getEditaccinfo(MyPage.java:22)
at pageObjects.MyPage.getEditaccinfo(MyPage.java:22)
at pageObjects.MyPage.getEditaccinfo(MyPage.java:22)
at pageObjects.MyPage.getEditaccinfo(MyPage.java:22)
at pageObjects.MyPage.getEditaccinfo(MyPage.java:22)
at pageObjects.MyPage.getEditaccinfo(MyPage.java:22)
at pageObjects.MyPage.getEditaccinfo(MyPage.java:22)
at pageObjects.MyPage.getEditaccinfo(MyPage.java:22)
at pageObjects.MyPage.getEditaccinfo(MyPage.java:22)
at pageObjects.MyPage.getEditaccinfo(MyPage.java:22)
at pageObjects.MyPage.getEditaccinfo(MyPage.java:22)
at pageObjects.MyPage.getEditaccinfo(MyPage.java:22)
at pageObjects.MyPage.getEditaccinfo(MyPage.java:22)
at pageObjects.MyPage.getEditaccinfo(MyPage.java:22)
at pageObjects.MyPage.getEditaccinfo(MyPage.java:22)
at pageObjects.MyPage.getEditaccinfo(MyPage.java:22)
at pageObjects.MyPage.getEditaccinfo(MyPage.java:22)
at pageObjects.MyPage.getEditaccinfo(MyPage.java:22)
at pageObjects.MyPage.getEditaccinfo(MyPage.java:22)
at pageObjects.MyPage.getEditaccinfo(MyPage.java:22)
at pageObjects.MyPage.getEditaccinfo(MyPage.java:22)
at pageObjects.MyPage.getEditaccinfo(MyPage.java:22)
at pageObjects.MyPage.getEditaccinfo(MyPage.java:22)
at pageObjects.MyPage.getEditaccinfo(MyPage.java:22)
at pageObjects.MyPage.getEditaccinfo(MyPage.java:22)
at pageObjects.MyPage.getEditaccinfo(MyPage.java:22)
at pageObjects.MyPage.getEditaccinfo(MyPage.java:22)
at pageObjects.MyPage.getEditaccinfo(MyPage.java:22)
at pageObjects.MyPage.getEditaccinfo(MyPage.java:22)
at pageObjects.MyPage.getEditaccinfo(MyPage.java:22)
at pageObjects.MyPage.getEditaccinfo(MyPage.java:22)
at pageObjects.MyPage.getEditaccinfo(MyPage.java:22)
at pageObjects.MyPage.getEditaccinfo(MyPage.java:22)
at pageObjects.MyPage.getEditaccinfo(MyPage.java:22)
at pageObjects.MyPage.getEditaccinfo(MyPage.java:22)
at pageObjects.MyPage.getEditaccinfo(MyPage.java:22)
at pageObjects.MyPage.getEditaccinfo(MyPage.java:22)
at pageObjects.MyPage.getEditaccinfo(MyPage.java:22)
at pageObjects.MyPage.getEditaccinfo(MyPage.java:22)
at pageObjects.MyPage.getEditaccinfo(MyPage.java:22)
at pageObjects.MyPage.getEditaccinfo(MyPage.java:22)
at pageObjects.MyPage.getEditaccinfo(MyPage.java:22)
at pageObjects.MyPage.getEditaccinfo(MyPage.java:22)
at pageObjects.MyPage.getEditaccinfo(MyPage.java:22)
at pageObjects.MyPage.getEditaccinfo(MyPage.java:22)
at pageObjects.MyPage.getEditaccinfo(MyPage.java:22)
at pageObjects.MyPage.getEditaccinfo(MyPage.java:22)
at pageObjects.MyPage.getEditaccinfo(MyPage.java:22)
at pageObjects.MyPage.getEditaccinfo(MyPage.java:22)
at pageObjects.MyPage.getEditaccinfo(MyPage.java:22)
at pageObjects.MyPage.getEditaccinfo(MyPage.java:22)
at pageObjects.MyPage.getEditaccinfo(MyPage.java:22)
at pageObjects.MyPage.getEditaccinfo(MyPage.java:22)
at pageObjects.MyPage.getEditaccinfo(MyPage.java:22)
at pageObjects.MyPage.getEditaccinfo(MyPage.java:22)
at pageObjects.MyPage.getEditaccinfo(MyPage.java:22)
at pageObjects.MyPage.getEditaccinfo(MyPage.java:22)
at pageObjects.MyPage.getEditaccinfo(MyPage.java:22)
at pageObjects.MyPage.getEditaccinfo(MyPage.java:22)
at pageObjects.MyPage.getEditaccinfo(MyPage.java:22)
at pageObjects.MyPage.getEditaccinfo(MyPage.java:22)
at pageObjects.MyPage.getEditaccinfo(MyPage.java:22)
at pageObjects.MyPage.getEditaccinfo(MyPage.java:22)
at pageObjects.MyPage.getEditaccinfo(MyPage.java:22)
at pageObjects.MyPage.getEditaccinfo(MyPage.java:22)
at pageObjects.MyPage.getEditaccinfo(MyPage.java:22)
at pageObjects.MyPage.getEditaccinfo(MyPage.java:22)
at pageObjects.MyPage.getEditaccinfo(MyPage.java:22)
at pageObjects.MyPage.getEditaccinfo(MyPage.java:22)
at pageObjects.MyPage.getEditaccinfo(MyPage.java:22)
at pageObjects.MyPage.getEditaccinfo(MyPage.java:22)
at pageObjects.MyPage.getEditaccinfo(MyPage.java:22)
at pageObjects.MyPage.getEditaccinfo(MyPage.java:22)
at pageObjects.MyPage.getEditaccinfo(MyPage.java:22)
at pageObjects.MyPage.getEditaccinfo(MyPage.java:22)
at pageObjects.MyPage.getEditaccinfo(MyPage.java:22)
at pageObjects.MyPage.getEditaccinfo(MyPage.java:22)
at pageObjects.MyPage.getEditaccinfo(MyPage.java:22)
at pageObjects.MyPage.getEditaccinfo(MyPage.java:22)
at pageObjects.MyPage.getEditaccinfo(MyPage.java:22)
at pageObjects.MyPage.getEditaccinfo(MyPage.java:22)
at pageObjects.MyPage.getEditaccinfo(MyPage.java:22)
at pageObjects.MyPage.getEditaccinfo(MyPage.java:22)
at pageObjects.MyPage.getEditaccinfo(MyPage.java:22)
at pageObjects.MyPage.getEditaccinfo(MyPage.java:22)
at pageObjects.MyPage.getEditaccinfo(MyPage.java:22)
at pageObjects.MyPage.getEditaccinfo(MyPage.java:22)
at pageObjects.MyPage.getEditaccinfo(MyPage.java:22)
at pageObjects.MyPage.getEditaccinfo(MyPage.java:22)
at pageObjects.MyPage.getEditaccinfo(MyPage.java:22)
at pageObjects.MyPage.getEditaccinfo(MyPage.java:22)
at pageObjects.MyPage.getEditaccinfo(MyPage.java:22)
at pageObjects.MyPage.getEditaccinfo(MyPage.java:22)
at pageObjects.MyPage.getEditaccinfo(MyPage.java:22)
at pageObjects.MyPage.getEditaccinfo(MyPage.java:22)
at pageObjects.MyPage.getEditaccinfo(MyPage.java:22)
at pageObjects.MyPage.getEditaccinfo(MyPage.java:22)
at pageObjects.MyPage.getEditaccinfo(MyPage.java:22)
at pageObjects.MyPage.getEditaccinfo(MyPage.java:22)
at pageObjects.MyPage.getEditaccinfo(MyPage.java:22)
at pageObjects.MyPage.getEditaccinfo(MyPage.java:22)
at pageObjects.MyPage.getEditaccinfo(MyPage.java:22)
at pageObjects.MyPage.getEditaccinfo(MyPage.java:22)
at pageObjects.MyPage.getEditaccinfo(MyPage.java:22)
at pageObjects.MyPage.getEditaccinfo(MyPage.java:22)
at pageObjects.MyPage.getEditaccinfo(MyPage.java:22)
at pageObjects.MyPage.getEditaccinfo(MyPage.java:22)
at pageObjects.MyPage.getEditaccinfo(MyPage.java:22)
at pageObjects.MyPage.getEditaccinfo(MyPage.java:22)
at pageObjects.MyPage.getEditaccinfo(MyPage.java:22)
at pageObjects.MyPage.getEditaccinfo(MyPage.java:22)
at pageObjects.MyPage.getEditaccinfo(MyPage.java:22)
at pageObjects.MyPage.getEditaccinfo(MyPage.java:22)
at pageObjects.MyPage.getEditaccinfo(MyPage.java:22)
at pageObjects.MyPage.getEditaccinfo(MyPage.java:22)
at pageObjects.MyPage.getEditaccinfo(MyPage.java:22)
at pageObjects.MyPage.getEditaccinfo(MyPage.java:22)
at pageObjects.MyPage.getEditaccinfo(MyPage.java:22)
at pageObjects.MyPage.getEditaccinfo(MyPage.java:22)
at pageObjects.MyPage.getEditaccinfo(MyPage.java:22)
at pageObjects.MyPage.getEditaccinfo(MyPage.java:22)
at pageObjects.MyPage.getEditaccinfo(MyPage.java:22)
at pageObjects.MyPage.getEditaccinfo(MyPage.java:22)
at pageObjects.MyPage.getEditaccinfo(MyPage.java:22)
at pageObjects.MyPage.getEditaccinfo(MyPage.java:22)
at pageObjects.MyPage.getEditaccinfo(MyPage.java:22)
at pageObjects.MyPage.getEditaccinfo(MyPage.java:22)
at pageObjects.MyPage.getEditaccinfo(MyPage.java:22)
at pageObjects.MyPage.getEditaccinfo(MyPage.java:22)
at pageObjects.MyPage.getEditaccinfo(MyPage.java:22)
at pageObjects.MyPage.getEditaccinfo(MyPage.java:22)
at pageObjects.MyPage.getEditaccinfo(MyPage.java:22)
at pageObjects.MyPage.getEditaccinfo(MyPage.java:22)
at pageObjects.MyPage.getEditaccinfo(MyPage.java:22)
at pageObjects.MyPage.getEditaccinfo(MyPage.java:22)
at pageObjects.MyPage.getEditaccinfo(MyPage.java:22)
at pageObjects.MyPage.getEditaccinfo(MyPage.java:22)
at pageObjects.MyPage.getEditaccinfo(MyPage.java:22)
at pageObjects.MyPage.getEditaccinfo(MyPage.java:22)
at pageObjects.MyPage.getEditaccinfo(MyPage.java:22)
at pageObjects.MyPage.getEditaccinfo(MyPage.java:22)
at pageObjects.MyPage.getEditaccinfo(MyPage.java:22)
at pageObjects.MyPage.getEditaccinfo(MyPage.java:22)
at pageObjects.MyPage.getEditaccinfo(MyPage.java:22)
at pageObjects.MyPage.getEditaccinfo(MyPage.java:22)
at pageObjects.MyPage.getEditaccinfo(MyPage.java:22)
at pageObjects.MyPage.getEditaccinfo(MyPage.java:22)
at pageObjects.MyPage.getEditaccinfo(MyPage.java:22)
at pageObjects.MyPage.getEditaccinfo(MyPage.java:22)
at pageObjects.MyPage.getEditaccinfo(MyPage.java:22)
at pageObjects.MyPage.getEditaccinfo(MyPage.java:22)
at pageObjects.MyPage.getEditaccinfo(MyPage.java:22)
at pageObjects.MyPage.getEditaccinfo(MyPage.java:22)
at pageObjects.MyPage.getEditaccinfo(MyPage.java:22)
at pageObjects.MyPage.getEditaccinfo(MyPage.java:22)
at pageObjects.MyPage.getEditaccinfo(MyPage.java:22)
at pageObjects.MyPage.getEditaccinfo(MyPage.java:22)
at pageObjects.MyPage.getEditaccinfo(MyPage.java:22)
at pageObjects.MyPage.getEditaccinfo(MyPage.java:22)
at pageObjects.MyPage.getEditaccinfo(MyPage.java:22)
at pageObjects.MyPage.getEditaccinfo(MyPage.java:22)
at pageObjects.MyPage.getEditaccinfo(MyPage.java:22)
at pageObjects.MyPage.getEditaccinfo(MyPage.java:22)
at pageObjects.MyPage.getEditaccinfo(MyPage.java:22)
at pageObjects.MyPage.getEditaccinfo(MyPage.java:22)
at pageObjects.MyPage.getEditaccinfo(MyPage.java:22)
at pageObjects.MyPage.getEditaccinfo(MyPage.java:22)
at pageObjects.MyPage.getEditaccinfo(MyPage.java:22)
at pageObjects.MyPage.getEditaccinfo(MyPage.java:22)
at pageObjects.MyPage.getEditaccinfo(MyPage.java:22)
at pageObjects.MyPage.getEditaccinfo(MyPage.java:22)
at pageObjects.MyPage.getEditaccinfo(MyPage.java:22)
at pageObjects.MyPage.getEditaccinfo(MyPage.java:22)
at pageObjects.MyPage.getEditaccinfo(MyPage.java:22)
at pageObjects.MyPage.getEditaccinfo(MyPage.java:22)
at pageObjects.MyPage.getEditaccinfo(MyPage.java:22)
at pageObjects.MyPage.getEditaccinfo(MyPage.java:22)
at pageObjects.MyPage.getEditaccinfo(MyPage.java:22)
at pageObjects.MyPage.getEditaccinfo(MyPage.java:22)
at pageObjects.MyPage.getEditaccinfo(MyPage.java:22)
at pageObjects.MyPage.getEditaccinfo(MyPage.java:22)
at pageObjects.MyPage.getEditaccinfo(MyPage.java:22)
at pageObjects.MyPage.getEditaccinfo(MyPage.java:22)
at pageObjects.MyPage.getEditaccinfo(MyPage.java:22)
at pageObjects.MyPage.getEditaccinfo(MyPage.java:22)
at pageObjects.MyPage.getEditaccinfo(MyPage.java:22)
at pageObjects.MyPage.getEditaccinfo(MyPage.java:22)
at pageObjects.MyPage.getEditaccinfo(MyPage.java:22)
at pageObjects.MyPage.getEditaccinfo(MyPage.java:22)
at pageObjects.MyPage.getEditaccinfo(MyPage.java:22)
at pageObjects.MyPage.getEditaccinfo(MyPage.java:22)
at pageObjects.MyPage.getEditaccinfo(MyPage.java:22)
at pageObjects.MyPage.getEditaccinfo(MyPage.java:22)
at pageObjects.MyPage.getEditaccinfo(MyPage.java:22)
at pageObjects.MyPage.getEditaccinfo(MyPage.java:22)
at pageObjects.MyPage.getEditaccinfo(MyPage.java:22)
at pageObjects.MyPage.getEditaccinfo(MyPage.java:22)
at pageObjects.MyPage.getEditaccinfo(MyPage.java:22)
at pageObjects.MyPage.getEditaccinfo(MyPage.java:22)
at pageObjects.MyPage.getEditaccinfo(MyPage.java:22)
at pageObjects.MyPage.getEditaccinfo(MyPage.java:22)
at pageObjects.MyPage.getEditaccinfo(MyPage.java:22)
at pageObjects.MyPage.getEditaccinfo(MyPage.java:22)
at pageObjects.MyPage.getEditaccinfo(MyPage.java:22)
at pageObjects.MyPage.getEditaccinfo(MyPage.java:22)
at pageObjects.MyPage.getEditaccinfo(MyPage.java:22)
at pageObjects.MyPage.getEditaccinfo(MyPage.java:22)
at pageObjects.MyPage.getEditaccinfo(MyPage.java:22)
at pageObjects.MyPage.getEditaccinfo(MyPage.java:22)
at pageObjects.MyPage.getEditaccinfo(MyPage.java:22)
at pageObjects.MyPage.getEditaccinfo(MyPage.java:22)
at pageObjects.MyPage.getEditaccinfo(MyPage.java:22)
at pageObjects.MyPage.getEditaccinfo(MyPage.java:22)
at pageObjects.MyPage.getEditaccinfo(MyPage.java:22)
at pageObjects.MyPage.getEditaccinfo(MyPage.java:22)
]]>
    </error>
  </testcase> <!-- login -->
  <system-out/>
  <testcase classname="Tests.LoginTest" name="login" time="18.388">
    <error type="java.lang.StackOverflowError">
      <![CDATA[java.lang.StackOverflowError
at pageObjects.MyPage.getEditaccinfo(MyPage.java:22)
at pageObjects.MyPage.getEditaccinfo(MyPage.java:22)
at pageObjects.MyPage.getEditaccinfo(MyPage.java:22)
at pageObjects.MyPage.getEditaccinfo(MyPage.java:22)
at pageObjects.MyPage.getEditaccinfo(MyPage.java:22)
at pageObjects.MyPage.getEditaccinfo(MyPage.java:22)
at pageObjects.MyPage.getEditaccinfo(MyPage.java:22)
at pageObjects.MyPage.getEditaccinfo(MyPage.java:22)
at pageObjects.MyPage.getEditaccinfo(MyPage.java:22)
at pageObjects.MyPage.getEditaccinfo(MyPage.java:22)
at pageObjects.MyPage.getEditaccinfo(MyPage.java:22)
at pageObjects.MyPage.getEditaccinfo(MyPage.java:22)
at pageObjects.MyPage.getEditaccinfo(MyPage.java:22)
at pageObjects.MyPage.getEditaccinfo(MyPage.java:22)
at pageObjects.MyPage.getEditaccinfo(MyPage.java:22)
at pageObjects.MyPage.getEditaccinfo(MyPage.java:22)
at pageObjects.MyPage.getEditaccinfo(MyPage.java:22)
at pageObjects.MyPage.getEditaccinfo(MyPage.java:22)
at pageObjects.MyPage.getEditaccinfo(MyPage.java:22)
at pageObjects.MyPage.getEditaccinfo(MyPage.java:22)
at pageObjects.MyPage.getEditaccinfo(MyPage.java:22)
at pageObjects.MyPage.getEditaccinfo(MyPage.java:22)
at pageObjects.MyPage.getEditaccinfo(MyPage.java:22)
at pageObjects.MyPage.getEditaccinfo(MyPage.java:22)
at pageObjects.MyPage.getEditaccinfo(MyPage.java:22)
at pageObjects.MyPage.getEditaccinfo(MyPage.java:22)
at pageObjects.MyPage.getEditaccinfo(MyPage.java:22)
at pageObjects.MyPage.getEditaccinfo(MyPage.java:22)
at pageObjects.MyPage.getEditaccinfo(MyPage.java:22)
at pageObjects.MyPage.getEditaccinfo(MyPage.java:22)
at pageObjects.MyPage.getEditaccinfo(MyPage.java:22)
at pageObjects.MyPage.getEditaccinfo(MyPage.java:22)
at pageObjects.MyPage.getEditaccinfo(MyPage.java:22)
at pageObjects.MyPage.getEditaccinfo(MyPage.java:22)
at pageObjects.MyPage.getEditaccinfo(MyPage.java:22)
at pageObjects.MyPage.getEditaccinfo(MyPage.java:22)
at pageObjects.MyPage.getEditaccinfo(MyPage.java:22)
at pageObjects.MyPage.getEditaccinfo(MyPage.java:22)
at pageObjects.MyPage.getEditaccinfo(MyPage.java:22)
at pageObjects.MyPage.getEditaccinfo(MyPage.java:22)
at pageObjects.MyPage.getEditaccinfo(MyPage.java:22)
at pageObjects.MyPage.getEditaccinfo(MyPage.java:22)
at pageObjects.MyPage.getEditaccinfo(MyPage.java:22)
at pageObjects.MyPage.getEditaccinfo(MyPage.java:22)
at pageObjects.MyPage.getEditaccinfo(MyPage.java:22)
at pageObjects.MyPage.getEditaccinfo(MyPage.java:22)
at pageObjects.MyPage.getEditaccinfo(MyPage.java:22)
at pageObjects.MyPage.getEditaccinfo(MyPage.java:22)
at pageObjects.MyPage.getEditaccinfo(MyPage.java:22)
at pageObjects.MyPage.getEditaccinfo(MyPage.java:22)
at pageObjects.MyPage.getEditaccinfo(MyPage.java:22)
at pageObjects.MyPage.getEditaccinfo(MyPage.java:22)
at pageObjects.MyPage.getEditaccinfo(MyPage.java:22)
at pageObjects.MyPage.getEditaccinfo(MyPage.java:22)
at pageObjects.MyPage.getEditaccinfo(MyPage.java:22)
at pageObjects.MyPage.getEditaccinfo(MyPage.java:22)
at pageObjects.MyPage.getEditaccinfo(MyPage.java:22)
at pageObjects.MyPage.getEditaccinfo(MyPage.java:22)
at pageObjects.MyPage.getEditaccinfo(MyPage.java:22)
at pageObjects.MyPage.getEditaccinfo(MyPage.java:22)
at pageObjects.MyPage.getEditaccinfo(MyPage.java:22)
at pageObjects.MyPage.getEditaccinfo(MyPage.java:22)
at pageObjects.MyPage.getEditaccinfo(MyPage.java:22)
at pageObjects.MyPage.getEditaccinfo(MyPage.java:22)
at pageObjects.MyPage.getEditaccinfo(MyPage.java:22)
at pageObjects.MyPage.getEditaccinfo(MyPage.java:22)
at pageObjects.MyPage.getEditaccinfo(MyPage.java:22)
at pageObjects.MyPage.getEditaccinfo(MyPage.java:22)
at pageObjects.MyPage.getEditaccinfo(MyPage.java:22)
at pageObjects.MyPage.getEditaccinfo(MyPage.java:22)
at pageObjects.MyPage.getEditaccinfo(MyPage.java:22)
at pageObjects.MyPage.getEditaccinfo(MyPage.java:22)
at pageObjects.MyPage.getEditaccinfo(MyPage.java:22)
at pageObjects.MyPage.getEditaccinfo(MyPage.java:22)
at pageObjects.MyPage.getEditaccinfo(MyPage.java:22)
at pageObjects.MyPage.getEditaccinfo(MyPage.java:22)
at pageObjects.MyPage.getEditaccinfo(MyPage.java:22)
at pageObjects.MyPage.getEditaccinfo(MyPage.java:22)
at pageObjects.MyPage.getEditaccinfo(MyPage.java:22)
at pageObjects.MyPage.getEditaccinfo(MyPage.java:22)
at pageObjects.MyPage.getEditaccinfo(MyPage.java:22)
at pageObjects.MyPage.getEditaccinfo(MyPage.java:22)
at pageObjects.MyPage.getEditaccinfo(MyPage.java:22)
at pageObjects.MyPage.getEditaccinfo(MyPage.java:22)
at pageObjects.MyPage.getEditaccinfo(MyPage.java:22)
at pageObjects.MyPage.getEditaccinfo(MyPage.java:22)
at pageObjects.MyPage.getEditaccinfo(MyPage.java:22)
at pageObjects.MyPage.getEditaccinfo(MyPage.java:22)
at pageObjects.MyPage.getEditaccinfo(MyPage.java:22)
at pageObjects.MyPage.getEditaccinfo(MyPage.java:22)
at pageObjects.MyPage.getEditaccinfo(MyPage.java:22)
at pageObjects.MyPage.getEditaccinfo(MyPage.java:22)
at pageObjects.MyPage.getEditaccinfo(MyPage.java:22)
at pageObjects.MyPage.getEditaccinfo(MyPage.java:22)
at pageObjects.MyPage.getEditaccinfo(MyPage.java:22)
at pageObjects.MyPage.getEditaccinfo(MyPage.java:22)
at pageObjects.MyPage.getEditaccinfo(MyPage.java:22)
at pageObjects.MyPage.getEditaccinfo(MyPage.java:22)
at pageObjects.MyPage.getEditaccinfo(MyPage.java:22)
at pageObjects.MyPage.getEditaccinfo(MyPage.java:22)
at pageObjects.MyPage.getEditaccinfo(MyPage.java:22)
at pageObjects.MyPage.getEditaccinfo(MyPage.java:22)
at pageObjects.MyPage.getEditaccinfo(MyPage.java:22)
at pageObjects.MyPage.getEditaccinfo(MyPage.java:22)
at pageObjects.MyPage.getEditaccinfo(MyPage.java:22)
at pageObjects.MyPage.getEditaccinfo(MyPage.java:22)
at pageObjects.MyPage.getEditaccinfo(MyPage.java:22)
at pageObjects.MyPage.getEditaccinfo(MyPage.java:22)
at pageObjects.MyPage.getEditaccinfo(MyPage.java:22)
at pageObjects.MyPage.getEditaccinfo(MyPage.java:22)
at pageObjects.MyPage.getEditaccinfo(MyPage.java:22)
at pageObjects.MyPage.getEditaccinfo(MyPage.java:22)
at pageObjects.MyPage.getEditaccinfo(MyPage.java:22)
at pageObjects.MyPage.getEditaccinfo(MyPage.java:22)
at pageObjects.MyPage.getEditaccinfo(MyPage.java:22)
at pageObjects.MyPage.getEditaccinfo(MyPage.java:22)
at pageObjects.MyPage.getEditaccinfo(MyPage.java:22)
at pageObjects.MyPage.getEditaccinfo(MyPage.java:22)
at pageObjects.MyPage.getEditaccinfo(MyPage.java:22)
at pageObjects.MyPage.getEditaccinfo(MyPage.java:22)
at pageObjects.MyPage.getEditaccinfo(MyPage.java:22)
at pageObjects.MyPage.getEditaccinfo(MyPage.java:22)
at pageObjects.MyPage.getEditaccinfo(MyPage.java:22)
at pageObjects.MyPage.getEditaccinfo(MyPage.java:22)
at pageObjects.MyPage.getEditaccinfo(MyPage.java:22)
at pageObjects.MyPage.getEditaccinfo(MyPage.java:22)
at pageObjects.MyPage.getEditaccinfo(MyPage.java:22)
at pageObjects.MyPage.getEditaccinfo(MyPage.java:22)
at pageObjects.MyPage.getEditaccinfo(MyPage.java:22)
at pageObjects.MyPage.getEditaccinfo(MyPage.java:22)
at pageObjects.MyPage.getEditaccinfo(MyPage.java:22)
at pageObjects.MyPage.getEditaccinfo(MyPage.java:22)
at pageObjects.MyPage.getEditaccinfo(MyPage.java:22)
at pageObjects.MyPage.getEditaccinfo(MyPage.java:22)
at pageObjects.MyPage.getEditaccinfo(MyPage.java:22)
at pageObjects.MyPage.getEditaccinfo(MyPage.java:22)
at pageObjects.MyPage.getEditaccinfo(MyPage.java:22)
at pageObjects.MyPage.getEditaccinfo(MyPage.java:22)
at pageObjects.MyPage.getEditaccinfo(MyPage.java:22)
at pageObjects.MyPage.getEditaccinfo(MyPage.java:22)
at pageObjects.MyPage.getEditaccinfo(MyPage.java:22)
at pageObjects.MyPage.getEditaccinfo(MyPage.java:22)
at pageObjects.MyPage.getEditaccinfo(MyPage.java:22)
at pageObjects.MyPage.getEditaccinfo(MyPage.java:22)
at pageObjects.MyPage.getEditaccinfo(MyPage.java:22)
at pageObjects.MyPage.getEditaccinfo(MyPage.java:22)
at pageObjects.MyPage.getEditaccinfo(MyPage.java:22)
at pageObjects.MyPage.getEditaccinfo(MyPage.java:22)
at pageObjects.MyPage.getEditaccinfo(MyPage.java:22)
at pageObjects.MyPage.getEditaccinfo(MyPage.java:22)
at pageObjects.MyPage.getEditaccinfo(MyPage.java:22)
at pageObjects.MyPage.getEditaccinfo(MyPage.java:22)
at pageObjects.MyPage.getEditaccinfo(MyPage.java:22)
at pageObjects.MyPage.getEditaccinfo(MyPage.java:22)
at pageObjects.MyPage.getEditaccinfo(MyPage.java:22)
at pageObjects.MyPage.getEditaccinfo(MyPage.java:22)
at pageObjects.MyPage.getEditaccinfo(MyPage.java:22)
at pageObjects.MyPage.getEditaccinfo(MyPage.java:22)
at pageObjects.MyPage.getEditaccinfo(MyPage.java:22)
at pageObjects.MyPage.getEditaccinfo(MyPage.java:22)
at pageObjects.MyPage.getEditaccinfo(MyPage.java:22)
at pageObjects.MyPage.getEditaccinfo(MyPage.java:22)
at pageObjects.MyPage.getEditaccinfo(MyPage.java:22)
at pageObjects.MyPage.getEditaccinfo(MyPage.java:22)
at pageObjects.MyPage.getEditaccinfo(MyPage.java:22)
at pageObjects.MyPage.getEditaccinfo(MyPage.java:22)
at pageObjects.MyPage.getEditaccinfo(MyPage.java:22)
at pageObjects.MyPage.getEditaccinfo(MyPage.java:22)
at pageObjects.MyPage.getEditaccinfo(MyPage.java:22)
at pageObjects.MyPage.getEditaccinfo(MyPage.java:22)
at pageObjects.MyPage.getEditaccinfo(MyPage.java:22)
at pageObjects.MyPage.getEditaccinfo(MyPage.java:22)
at pageObjects.MyPage.getEditaccinfo(MyPage.java:22)
at pageObjects.MyPage.getEditaccinfo(MyPage.java:22)
at pageObjects.MyPage.getEditaccinfo(MyPage.java:22)
at pageObjects.MyPage.getEditaccinfo(MyPage.java:22)
at pageObjects.MyPage.getEditaccinfo(MyPage.java:22)
at pageObjects.MyPage.getEditaccinfo(MyPage.java:22)
at pageObjects.MyPage.getEditaccinfo(MyPage.java:22)
at pageObjects.MyPage.getEditaccinfo(MyPage.java:22)
at pageObjects.MyPage.getEditaccinfo(MyPage.java:22)
at pageObjects.MyPage.getEditaccinfo(MyPage.java:22)
at pageObjects.MyPage.getEditaccinfo(MyPage.java:22)
at pageObjects.MyPage.getEditaccinfo(MyPage.java:22)
at pageObjects.MyPage.getEditaccinfo(MyPage.java:22)
at pageObjects.MyPage.getEditaccinfo(MyPage.java:22)
at pageObjects.MyPage.getEditaccinfo(MyPage.java:22)
at pageObjects.MyPage.getEditaccinfo(MyPage.java:22)
at pageObjects.MyPage.getEditaccinfo(MyPage.java:22)
at pageObjects.MyPage.getEditaccinfo(MyPage.java:22)
at pageObjects.MyPage.getEditaccinfo(MyPage.java:22)
at pageObjects.MyPage.getEditaccinfo(MyPage.java:22)
at pageObjects.MyPage.getEditaccinfo(MyPage.java:22)
at pageObjects.MyPage.getEditaccinfo(MyPage.java:22)
at pageObjects.MyPage.getEditaccinfo(MyPage.java:22)
at pageObjects.MyPage.getEditaccinfo(MyPage.java:22)
at pageObjects.MyPage.getEditaccinfo(MyPage.java:22)
at pageObjects.MyPage.getEditaccinfo(MyPage.java:22)
at pageObjects.MyPage.getEditaccinfo(MyPage.java:22)
at pageObjects.MyPage.getEditaccinfo(MyPage.java:22)
at pageObjects.MyPage.getEditaccinfo(MyPage.java:22)
at pageObjects.MyPage.getEditaccinfo(MyPage.java:22)
at pageObjects.MyPage.getEditaccinfo(MyPage.java:22)
at pageObjects.MyPage.getEditaccinfo(MyPage.java:22)
at pageObjects.MyPage.getEditaccinfo(MyPage.java:22)
at pageObjects.MyPage.getEditaccinfo(MyPage.java:22)
at pageObjects.MyPage.getEditaccinfo(MyPage.java:22)
at pageObjects.MyPage.getEditaccinfo(MyPage.java:22)
at pageObjects.MyPage.getEditaccinfo(MyPage.java:22)
at pageObjects.MyPage.getEditaccinfo(MyPage.java:22)
at pageObjects.MyPage.getEditaccinfo(MyPage.java:22)
at pageObjects.MyPage.getEditaccinfo(MyPage.java:22)
at pageObjects.MyPage.getEditaccinfo(MyPage.java:22)
at pageObjects.MyPage.getEditaccinfo(MyPage.java:22)
at pageObjects.MyPage.getEditaccinfo(MyPage.java:22)
at pageObjects.MyPage.getEditaccinfo(MyPage.java:22)
at pageObjects.MyPage.getEditaccinfo(MyPage.java:22)
at pageObjects.MyPage.getEditaccinfo(MyPage.java:22)
at pageObjects.MyPage.getEditaccinfo(MyPage.java:22)
at pageObjects.MyPage.getEditaccinfo(MyPage.java:22)
at pageObjects.MyPage.getEditaccinfo(MyPage.java:22)
at pageObjects.MyPage.getEditaccinfo(MyPage.java:22)
at pageObjects.MyPage.getEditaccinfo(MyPage.java:22)
at pageObjects.MyPage.getEditaccinfo(MyPage.java:22)
at pageObjects.MyPage.getEditaccinfo(MyPage.java:22)
at pageObjects.MyPage.getEditaccinfo(MyPage.java:22)
at pageObjects.MyPage.getEditaccinfo(MyPage.java:22)
at pageObjects.MyPage.getEditaccinfo(MyPage.java:22)
at pageObjects.MyPage.getEditaccinfo(MyPage.java:22)
at pageObjects.MyPage.getEditaccinfo(MyPage.java:22)
at pageObjects.MyPage.getEditaccinfo(MyPage.java:22)
at pageObjects.MyPage.getEditaccinfo(MyPage.java:22)
at pageObjects.MyPage.getEditaccinfo(MyPage.java:22)
at pageObjects.MyPage.getEditaccinfo(MyPage.java:22)
at pageObjects.MyPage.getEditaccinfo(MyPage.java:22)
at pageObjects.MyPage.getEditaccinfo(MyPage.java:22)
at pageObjects.MyPage.getEditaccinfo(MyPage.java:22)
at pageObjects.MyPage.getEditaccinfo(MyPage.java:22)
at pageObjects.MyPage.getEditaccinfo(MyPage.java:22)
at pageObjects.MyPage.getEditaccinfo(MyPage.java:22)
at pageObjects.MyPage.getEditaccinfo(MyPage.java:22)
at pageObjects.MyPage.getEditaccinfo(MyPage.java:22)
at pageObjects.MyPage.getEditaccinfo(MyPage.java:22)
at pageObjects.MyPage.getEditaccinfo(MyPage.java:22)
at pageObjects.MyPage.getEditaccinfo(MyPage.java:22)
at pageObjects.MyPage.getEditaccinfo(MyPage.java:22)
at pageObjects.MyPage.getEditaccinfo(MyPage.java:22)
at pageObjects.MyPage.getEditaccinfo(MyPage.java:22)
at pageObjects.MyPage.getEditaccinfo(MyPage.java:22)
at pageObjects.MyPage.getEditaccinfo(MyPage.java:22)
at pageObjects.MyPage.getEditaccinfo(MyPage.java:22)
at pageObjects.MyPage.getEditaccinfo(MyPage.java:22)
at pageObjects.MyPage.getEditaccinfo(MyPage.java:22)
at pageObjects.MyPage.getEditaccinfo(MyPage.java:22)
at pageObjects.MyPage.getEditaccinfo(MyPage.java:22)
at pageObjects.MyPage.getEditaccinfo(MyPage.java:22)
at pageObjects.MyPage.getEditaccinfo(MyPage.java:22)
at pageObjects.MyPage.getEditaccinfo(MyPage.java:22)
at pageObjects.MyPage.getEditaccinfo(MyPage.java:22)
at pageObjects.MyPage.getEditaccinfo(MyPage.java:22)
at pageObjects.MyPage.getEditaccinfo(MyPage.java:22)
at pageObjects.MyPage.getEditaccinfo(MyPage.java:22)
at pageObjects.MyPage.getEditaccinfo(MyPage.java:22)
at pageObjects.MyPage.getEditaccinfo(MyPage.java:22)
at pageObjects.MyPage.getEditaccinfo(MyPage.java:22)
at pageObjects.MyPage.getEditaccinfo(MyPage.java:22)
at pageObjects.MyPage.getEditaccinfo(MyPage.java:22)
at pageObjects.MyPage.getEditaccinfo(MyPage.java:22)
at pageObjects.MyPage.getEditaccinfo(MyPage.java:22)
at pageObjects.MyPage.getEditaccinfo(MyPage.java:22)
at pageObjects.MyPage.getEditaccinfo(MyPage.java:22)
at pageObjects.MyPage.getEditaccinfo(MyPage.java:22)
at pageObjects.MyPage.getEditaccinfo(MyPage.java:22)
at pageObjects.MyPage.getEditaccinfo(MyPage.java:22)
at pageObjects.MyPage.getEditaccinfo(MyPage.java:22)
at pageObjects.MyPage.getEditaccinfo(MyPage.java:22)
at pageObjects.MyPage.getEditaccinfo(MyPage.java:22)
at pageObjects.MyPage.getEditaccinfo(MyPage.java:22)
at pageObjects.MyPage.getEditaccinfo(MyPage.java:22)
at pageObjects.MyPage.getEditaccinfo(MyPage.java:22)
at pageObjects.MyPage.getEditaccinfo(MyPage.java:22)
at pageObjects.MyPage.getEditaccinfo(MyPage.java:22)
at pageObjects.MyPage.getEditaccinfo(MyPage.java:22)
at pageObjects.MyPage.getEditaccinfo(MyPage.java:22)
at pageObjects.MyPage.getEditaccinfo(MyPage.java:22)
at pageObjects.MyPage.getEditaccinfo(MyPage.java:22)
at pageObjects.MyPage.getEditaccinfo(MyPage.java:22)
at pageObjects.MyPage.getEditaccinfo(MyPage.java:22)
at pageObjects.MyPage.getEditaccinfo(MyPage.java:22)
at pageObjects.MyPage.getEditaccinfo(MyPage.java:22)
at pageObjects.MyPage.getEditaccinfo(MyPage.java:22)
at pageObjects.MyPage.getEditaccinfo(MyPage.java:22)
at pageObjects.MyPage.getEditaccinfo(MyPage.java:22)
at pageObjects.MyPage.getEditaccinfo(MyPage.java:22)
at pageObjects.MyPage.getEditaccinfo(MyPage.java:22)
at pageObjects.MyPage.getEditaccinfo(MyPage.java:22)
at pageObjects.MyPage.getEditaccinfo(MyPage.java:22)
at pageObjects.MyPage.getEditaccinfo(MyPage.java:22)
at pageObjects.MyPage.getEditaccinfo(MyPage.java:22)
at pageObjects.MyPage.getEditaccinfo(MyPage.java:22)
at pageObjects.MyPage.getEditaccinfo(MyPage.java:22)
at pageObjects.MyPage.getEditaccinfo(MyPage.java:22)
at pageObjects.MyPage.getEditaccinfo(MyPage.java:22)
at pageObjects.MyPage.getEditaccinfo(MyPage.java:22)
at pageObjects.MyPage.getEditaccinfo(MyPage.java:22)
at pageObjects.MyPage.getEditaccinfo(MyPage.java:22)
at pageObjects.MyPage.getEditaccinfo(MyPage.java:22)
at pageObjects.MyPage.getEditaccinfo(MyPage.java:22)
at pageObjects.MyPage.getEditaccinfo(MyPage.java:22)
at pageObjects.MyPage.getEditaccinfo(MyPage.java:22)
at pageObjects.MyPage.getEditaccinfo(MyPage.java:22)
at pageObjects.MyPage.getEditaccinfo(MyPage.java:22)
at pageObjects.MyPage.getEditaccinfo(MyPage.java:22)
at pageObjects.MyPage.getEditaccinfo(MyPage.java:22)
at pageObjects.MyPage.getEditaccinfo(MyPage.java:22)
at pageObjects.MyPage.getEditaccinfo(MyPage.java:22)
at pageObjects.MyPage.getEditaccinfo(MyPage.java:22)
at pageObjects.MyPage.getEditaccinfo(MyPage.java:22)
at pageObjects.MyPage.getEditaccinfo(MyPage.java:22)
at pageObjects.MyPage.getEditaccinfo(MyPage.java:22)
at pageObjects.MyPage.getEditaccinfo(MyPage.java:22)
at pageObjects.MyPage.getEditaccinfo(MyPage.java:22)
at pageObjects.MyPage.getEditaccinfo(MyPage.java:22)
at pageObjects.MyPage.getEditaccinfo(MyPage.java:22)
at pageObjects.MyPage.getEditaccinfo(MyPage.java:22)
at pageObjects.MyPage.getEditaccinfo(MyPage.java:22)
at pageObjects.MyPage.getEditaccinfo(MyPage.java:22)
at pageObjects.MyPage.getEditaccinfo(MyPage.java:22)
at pageObjects.MyPage.getEditaccinfo(MyPage.java:22)
at pageObjects.MyPage.getEditaccinfo(MyPage.java:22)
at pageObjects.MyPage.getEditaccinfo(MyPage.java:22)
at pageObjects.MyPage.getEditaccinfo(MyPage.java:22)
at pageObjects.MyPage.getEditaccinfo(MyPage.java:22)
at pageObjects.MyPage.getEditaccinfo(MyPage.java:22)
at pageObjects.MyPage.getEditaccinfo(MyPage.java:22)
at pageObjects.MyPage.getEditaccinfo(MyPage.java:22)
at pageObjects.MyPage.getEditaccinfo(MyPage.java:22)
at pageObjects.MyPage.getEditaccinfo(MyPage.java:22)
at pageObjects.MyPage.getEditaccinfo(MyPage.java:22)
at pageObjects.MyPage.getEditaccinfo(MyPage.java:22)
at pageObjects.MyPage.getEditaccinfo(MyPage.java:22)
at pageObjects.MyPage.getEditaccinfo(MyPage.java:22)
at pageObjects.MyPage.getEditaccinfo(MyPage.java:22)
at pageObjects.MyPage.getEditaccinfo(MyPage.java:22)
at pageObjects.MyPage.getEditaccinfo(MyPage.java:22)
at pageObjects.MyPage.getEditaccinfo(MyPage.java:22)
at pageObjects.MyPage.getEditaccinfo(MyPage.java:22)
at pageObjects.MyPage.getEditaccinfo(MyPage.java:22)
at pageObjects.MyPage.getEditaccinfo(MyPage.java:22)
at pageObjects.MyPage.getEditaccinfo(MyPage.java:22)
at pageObjects.MyPage.getEditaccinfo(MyPage.java:22)
at pageObjects.MyPage.getEditaccinfo(MyPage.java:22)
at pageObjects.MyPage.getEditaccinfo(MyPage.java:22)
at pageObjects.MyPage.getEditaccinfo(MyPage.java:22)
at pageObjects.MyPage.getEditaccinfo(MyPage.java:22)
at pageObjects.MyPage.getEditaccinfo(MyPage.java:22)
at pageObjects.MyPage.getEditaccinfo(MyPage.java:22)
at pageObjects.MyPage.getEditaccinfo(MyPage.java:22)
at pageObjects.MyPage.getEditaccinfo(MyPage.java:22)
at pageObjects.MyPage.getEditaccinfo(MyPage.java:22)
at pageObjects.MyPage.getEditaccinfo(MyPage.java:22)
at pageObjects.MyPage.getEditaccinfo(MyPage.java:22)
at pageObjects.MyPage.getEditaccinfo(MyPage.java:22)
at pageObjects.MyPage.getEditaccinfo(MyPage.java:22)
at pageObjects.MyPage.getEditaccinfo(MyPage.java:22)
at pageObjects.MyPage.getEditaccinfo(MyPage.java:22)
at pageObjects.MyPage.getEditaccinfo(MyPage.java:22)
at pageObjects.MyPage.getEditaccinfo(MyPage.java:22)
at pageObjects.MyPage.getEditaccinfo(MyPage.java:22)
at pageObjects.MyPage.getEditaccinfo(MyPage.java:22)
at pageObjects.MyPage.getEditaccinfo(MyPage.java:22)
at pageObjects.MyPage.getEditaccinfo(MyPage.java:22)
at pageObjects.MyPage.getEditaccinfo(MyPage.java:22)
at pageObjects.MyPage.getEditaccinfo(MyPage.java:22)
at pageObjects.MyPage.getEditaccinfo(MyPage.java:22)
at pageObjects.MyPage.getEditaccinfo(MyPage.java:22)
at pageObjects.MyPage.getEditaccinfo(MyPage.java:22)
at pageObjects.MyPage.getEditaccinfo(MyPage.java:22)
at pageObjects.MyPage.getEditaccinfo(MyPage.java:22)
at pageObjects.MyPage.getEditaccinfo(MyPage.java:22)
at pageObjects.MyPage.getEditaccinfo(MyPage.java:22)
at pageObjects.MyPage.getEditaccinfo(MyPage.java:22)
at pageObjects.MyPage.getEditaccinfo(MyPage.java:22)
at pageObjects.MyPage.getEditaccinfo(MyPage.java:22)
at pageObjects.MyPage.getEditaccinfo(MyPage.java:22)
at pageObjects.MyPage.getEditaccinfo(MyPage.java:22)
at pageObjects.MyPage.getEditaccinfo(MyPage.java:22)
at pageObjects.MyPage.getEditaccinfo(MyPage.java:22)
at pageObjects.MyPage.getEditaccinfo(MyPage.java:22)
at pageObjects.MyPage.getEditaccinfo(MyPage.java:22)
at pageObjects.MyPage.getEditaccinfo(MyPage.java:22)
at pageObjects.MyPage.getEditaccinfo(MyPage.java:22)
at pageObjects.MyPage.getEditaccinfo(MyPage.java:22)
at pageObjects.MyPage.getEditaccinfo(MyPage.java:22)
at pageObjects.MyPage.getEditaccinfo(MyPage.java:22)
at pageObjects.MyPage.getEditaccinfo(MyPage.java:22)
at pageObjects.MyPage.getEditaccinfo(MyPage.java:22)
at pageObjects.MyPage.getEditaccinfo(MyPage.java:22)
at pageObjects.MyPage.getEditaccinfo(MyPage.java:22)
at pageObjects.MyPage.getEditaccinfo(MyPage.java:22)
at pageObjects.MyPage.getEditaccinfo(MyPage.java:22)
at pageObjects.MyPage.getEditaccinfo(MyPage.java:22)
at pageObjects.MyPage.getEditaccinfo(MyPage.java:22)
at pageObjects.MyPage.getEditaccinfo(MyPage.java:22)
at pageObjects.MyPage.getEditaccinfo(MyPage.java:22)
at pageObjects.MyPage.getEditaccinfo(MyPage.java:22)
at pageObjects.MyPage.getEditaccinfo(MyPage.java:22)
at pageObjects.MyPage.getEditaccinfo(MyPage.java:22)
at pageObjects.MyPage.getEditaccinfo(MyPage.java:22)
at pageObjects.MyPage.getEditaccinfo(MyPage.java:22)
at pageObjects.MyPage.getEditaccinfo(MyPage.java:22)
at pageObjects.MyPage.getEditaccinfo(MyPage.java:22)
at pageObjects.MyPage.getEditaccinfo(MyPage.java:22)
at pageObjects.MyPage.getEditaccinfo(MyPage.java:22)
at pageObjects.MyPage.getEditaccinfo(MyPage.java:22)
at pageObjects.MyPage.getEditaccinfo(MyPage.java:22)
at pageObjects.MyPage.getEditaccinfo(MyPage.java:22)
at pageObjects.MyPage.getEditaccinfo(MyPage.java:22)
at pageObjects.MyPage.getEditaccinfo(MyPage.java:22)
at pageObjects.MyPage.getEditaccinfo(MyPage.java:22)
at pageObjects.MyPage.getEditaccinfo(MyPage.java:22)
at pageObjects.MyPage.getEditaccinfo(MyPage.java:22)
at pageObjects.MyPage.getEditaccinfo(MyPage.java:22)
at pageObjects.MyPage.getEditaccinfo(MyPage.java:22)
at pageObjects.MyPage.getEditaccinfo(MyPage.java:22)
at pageObjects.MyPage.getEditaccinfo(MyPage.java:22)
at pageObjects.MyPage.getEditaccinfo(MyPage.java:22)
at pageObjects.MyPage.getEditaccinfo(MyPage.java:22)
at pageObjects.MyPage.getEditaccinfo(MyPage.java:22)
at pageObjects.MyPage.getEditaccinfo(MyPage.java:22)
at pageObjects.MyPage.getEditaccinfo(MyPage.java:22)
at pageObjects.MyPage.getEditaccinfo(MyPage.java:22)
at pageObjects.MyPage.getEditaccinfo(MyPage.java:22)
at pageObjects.MyPage.getEditaccinfo(MyPage.java:22)
at pageObjects.MyPage.getEditaccinfo(MyPage.java:22)
at pageObjects.MyPage.getEditaccinfo(MyPage.java:22)
at pageObjects.MyPage.getEditaccinfo(MyPage.java:22)
at pageObjects.MyPage.getEditaccinfo(MyPage.java:22)
at pageObjects.MyPage.getEditaccinfo(MyPage.java:22)
at pageObjects.MyPage.getEditaccinfo(MyPage.java:22)
at pageObjects.MyPage.getEditaccinfo(MyPage.java:22)
at pageObjects.MyPage.getEditaccinfo(MyPage.java:22)
at pageObjects.MyPage.getEditaccinfo(MyPage.java:22)
at pageObjects.MyPage.getEditaccinfo(MyPage.java:22)
at pageObjects.MyPage.getEditaccinfo(MyPage.java:22)
at pageObjects.MyPage.getEditaccinfo(MyPage.java:22)
at pageObjects.MyPage.getEditaccinfo(MyPage.java:22)
at pageObjects.MyPage.getEditaccinfo(MyPage.java:22)
at pageObjects.MyPage.getEditaccinfo(MyPage.java:22)
at pageObjects.MyPage.getEditaccinfo(MyPage.java:22)
at pageObjects.MyPage.getEditaccinfo(MyPage.java:22)
at pageObjects.MyPage.getEditaccinfo(MyPage.java:22)
at pageObjects.MyPage.getEditaccinfo(MyPage.java:22)
at pageObjects.MyPage.getEditaccinfo(MyPage.java:22)
at pageObjects.MyPage.getEditaccinfo(MyPage.java:22)
at pageObjects.MyPage.getEditaccinfo(MyPage.java:22)
at pageObjects.MyPage.getEditaccinfo(MyPage.java:22)
at pageObjects.MyPage.getEditaccinfo(MyPage.java:22)
at pageObjects.MyPage.getEditaccinfo(MyPage.java:22)
at pageObjects.MyPage.getEditaccinfo(MyPage.java:22)
at pageObjects.MyPage.getEditaccinfo(MyPage.java:22)
at pageObjects.MyPage.getEditaccinfo(MyPage.java:22)
at pageObjects.MyPage.getEditaccinfo(MyPage.java:22)
at pageObjects.MyPage.getEditaccinfo(MyPage.java:22)
at pageObjects.MyPage.getEditaccinfo(MyPage.java:22)
at pageObjects.MyPage.getEditaccinfo(MyPage.java:22)
at pageObjects.MyPage.getEditaccinfo(MyPage.java:22)
at pageObjects.MyPage.getEditaccinfo(MyPage.java:22)
at pageObjects.MyPage.getEditaccinfo(MyPage.java:22)
at pageObjects.MyPage.getEditaccinfo(MyPage.java:22)
at pageObjects.MyPage.getEditaccinfo(MyPage.java:22)
at pageObjects.MyPage.getEditaccinfo(MyPage.java:22)
at pageObjects.MyPage.getEditaccinfo(MyPage.java:22)
at pageObjects.MyPage.getEditaccinfo(MyPage.java:22)
at pageObjects.MyPage.getEditaccinfo(MyPage.java:22)
at pageObjects.MyPage.getEditaccinfo(MyPage.java:22)
at pageObjects.MyPage.getEditaccinfo(MyPage.java:22)
at pageObjects.MyPage.getEditaccinfo(MyPage.java:22)
at pageObjects.MyPage.getEditaccinfo(MyPage.java:22)
at pageObjects.MyPage.getEditaccinfo(MyPage.java:22)
at pageObjects.MyPage.getEditaccinfo(MyPage.java:22)
at pageObjects.MyPage.getEditaccinfo(MyPage.java:22)
at pageObjects.MyPage.getEditaccinfo(MyPage.java:22)
at pageObjects.MyPage.getEditaccinfo(MyPage.java:22)
at pageObjects.MyPage.getEditaccinfo(MyPage.java:22)
at pageObjects.MyPage.getEditaccinfo(MyPage.java:22)
at pageObjects.MyPage.getEditaccinfo(MyPage.java:22)
at pageObjects.MyPage.getEditaccinfo(MyPage.java:22)
at pageObjects.MyPage.getEditaccinfo(MyPage.java:22)
at pageObjects.MyPage.getEditaccinfo(MyPage.java:22)
at pageObjects.MyPage.getEditaccinfo(MyPage.java:22)
at pageObjects.MyPage.getEditaccinfo(MyPage.java:22)
at pageObjects.MyPage.getEditaccinfo(MyPage.java:22)
at pageObjects.MyPage.getEditaccinfo(MyPage.java:22)
at pageObjects.MyPage.getEditaccinfo(MyPage.java:22)
at pageObjects.MyPage.getEditaccinfo(MyPage.java:22)
at pageObjects.MyPage.getEditaccinfo(MyPage.java:22)
at pageObjects.MyPage.getEditaccinfo(MyPage.java:22)
at pageObjects.MyPage.getEditaccinfo(MyPage.java:22)
at pageObjects.MyPage.getEditaccinfo(MyPage.java:22)
at pageObjects.MyPage.getEditaccinfo(MyPage.java:22)
at pageObjects.MyPage.getEditaccinfo(MyPage.java:22)
at pageObjects.MyPage.getEditaccinfo(MyPage.java:22)
at pageObjects.MyPage.getEditaccinfo(MyPage.java:22)
at pageObjects.MyPage.getEditaccinfo(MyPage.java:22)
at pageObjects.MyPage.getEditaccinfo(MyPage.java:22)
at pageObjects.MyPage.getEditaccinfo(MyPage.java:22)
at pageObjects.MyPage.getEditaccinfo(MyPage.java:22)
at pageObjects.MyPage.getEditaccinfo(MyPage.java:22)
at pageObjects.MyPage.getEditaccinfo(MyPage.java:22)
at pageObjects.MyPage.getEditaccinfo(MyPage.java:22)
at pageObjects.MyPage.getEditaccinfo(MyPage.java:22)
at pageObjects.MyPage.getEditaccinfo(MyPage.java:22)
at pageObjects.MyPage.getEditaccinfo(MyPage.java:22)
at pageObjects.MyPage.getEditaccinfo(MyPage.java:22)
at pageObjects.MyPage.getEditaccinfo(MyPage.java:22)
at pageObjects.MyPage.getEditaccinfo(MyPage.java:22)
at pageObjects.MyPage.getEditaccinfo(MyPage.java:22)
at pageObjects.MyPage.getEditaccinfo(MyPage.java:22)
at pageObjects.MyPage.getEditaccinfo(MyPage.java:22)
at pageObjects.MyPage.getEditaccinfo(MyPage.java:22)
at pageObjects.MyPage.getEditaccinfo(MyPage.java:22)
at pageObjects.MyPage.getEditaccinfo(MyPage.java:22)
at pageObjects.MyPage.getEditaccinfo(MyPage.java:22)
at pageObjects.MyPage.getEditaccinfo(MyPage.java:22)
at pageObjects.MyPage.getEditaccinfo(MyPage.java:22)
at pageObjects.MyPage.getEditaccinfo(MyPage.java:22)
at pageObjects.MyPage.getEditaccinfo(MyPage.java:22)
at pageObjects.MyPage.getEditaccinfo(MyPage.java:22)
at pageObjects.MyPage.getEditaccinfo(MyPage.java:22)
at pageObjects.MyPage.getEditaccinfo(MyPage.java:22)
at pageObjects.MyPage.getEditaccinfo(MyPage.java:22)
at pageObjects.MyPage.getEditaccinfo(MyPage.java:22)
at pageObjects.MyPage.getEditaccinfo(MyPage.java:22)
at pageObjects.MyPage.getEditaccinfo(MyPage.java:22)
at pageObjects.MyPage.getEditaccinfo(MyPage.java:22)
at pageObjects.MyPage.getEditaccinfo(MyPage.java:22)
at pageObjects.MyPage.getEditaccinfo(MyPage.java:22)
at pageObjects.MyPage.getEditaccinfo(MyPage.java:22)
at pageObjects.MyPage.getEditaccinfo(MyPage.java:22)
at pageObjects.MyPage.getEditaccinfo(MyPage.java:22)
at pageObjects.MyPage.getEditaccinfo(MyPage.java:22)
at pageObjects.MyPage.getEditaccinfo(MyPage.java:22)
at pageObjects.MyPage.getEditaccinfo(MyPage.java:22)
at pageObjects.MyPage.getEditaccinfo(MyPage.java:22)
at pageObjects.MyPage.getEditaccinfo(MyPage.java:22)
at pageObjects.MyPage.getEditaccinfo(MyPage.java:22)
at pageObjects.MyPage.getEditaccinfo(MyPage.java:22)
at pageObjects.MyPage.getEditaccinfo(MyPage.java:22)
at pageObjects.MyPage.getEditaccinfo(MyPage.java:22)
at pageObjects.MyPage.getEditaccinfo(MyPage.java:22)
at pageObjects.MyPage.getEditaccinfo(MyPage.java:22)
at pageObjects.MyPage.getEditaccinfo(MyPage.java:22)
at pageObjects.MyPage.getEditaccinfo(MyPage.java:22)
at pageObjects.MyPage.getEditaccinfo(MyPage.java:22)
at pageObjects.MyPage.getEditaccinfo(MyPage.java:22)
at pageObjects.MyPage.getEditaccinfo(MyPage.java:22)
at pageObjects.MyPage.getEditaccinfo(MyPage.java:22)
at pageObjects.MyPage.getEditaccinfo(MyPage.java:22)
at pageObjects.MyPage.getEditaccinfo(MyPage.java:22)
at pageObjects.MyPage.getEditaccinfo(MyPage.java:22)
at pageObjects.MyPage.getEditaccinfo(MyPage.java:22)
at pageObjects.MyPage.getEditaccinfo(MyPage.java:22)
at pageObjects.MyPage.getEditaccinfo(MyPage.java:22)
at pageObjects.MyPage.getEditaccinfo(MyPage.java:22)
at pageObjects.MyPage.getEditaccinfo(MyPage.java:22)
at pageObjects.MyPage.getEditaccinfo(MyPage.java:22)
at pageObjects.MyPage.getEditaccinfo(MyPage.java:22)
at pageObjects.MyPage.getEditaccinfo(MyPage.java:22)
at pageObjects.MyPage.getEditaccinfo(MyPage.java:22)
at pageObjects.MyPage.getEditaccinfo(MyPage.java:22)
at pageObjects.MyPage.getEditaccinfo(MyPage.java:22)
at pageObjects.MyPage.getEditaccinfo(MyPage.java:22)
at pageObjects.MyPage.getEditaccinfo(MyPage.java:22)
at pageObjects.MyPage.getEditaccinfo(MyPage.java:22)
at pageObjects.MyPage.getEditaccinfo(MyPage.java:22)
at pageObjects.MyPage.getEditaccinfo(MyPage.java:22)
at pageObjects.MyPage.getEditaccinfo(MyPage.java:22)
at pageObjects.MyPage.getEditaccinfo(MyPage.java:22)
at pageObjects.MyPage.getEditaccinfo(MyPage.java:22)
at pageObjects.MyPage.getEditaccinfo(MyPage.java:22)
at pageObjects.MyPage.getEditaccinfo(MyPage.java:22)
at pageObjects.MyPage.getEditaccinfo(MyPage.java:22)
at pageObjects.MyPage.getEditaccinfo(MyPage.java:22)
at pageObjects.MyPage.getEditaccinfo(MyPage.java:22)
at pageObjects.MyPage.getEditaccinfo(MyPage.java:22)
at pageObjects.MyPage.getEditaccinfo(MyPage.java:22)
at pageObjects.MyPage.getEditaccinfo(MyPage.java:22)
at pageObjects.MyPage.getEditaccinfo(MyPage.java:22)
at pageObjects.MyPage.getEditaccinfo(MyPage.java:22)
at pageObjects.MyPage.getEditaccinfo(MyPage.java:22)
at pageObjects.MyPage.getEditaccinfo(MyPage.java:22)
at pageObjects.MyPage.getEditaccinfo(MyPage.java:22)
at pageObjects.MyPage.getEditaccinfo(MyPage.java:22)
at pageObjects.MyPage.getEditaccinfo(MyPage.java:22)
at pageObjects.MyPage.getEditaccinfo(MyPage.java:22)
at pageObjects.MyPage.getEditaccinfo(MyPage.java:22)
at pageObjects.MyPage.getEditaccinfo(MyPage.java:22)
at pageObjects.MyPage.getEditaccinfo(MyPage.java:22)
at pageObjects.MyPage.getEditaccinfo(MyPage.java:22)
at pageObjects.MyPage.getEditaccinfo(MyPage.java:22)
at pageObjects.MyPage.getEditaccinfo(MyPage.java:22)
at pageObjects.MyPage.getEditaccinfo(MyPage.java:22)
at pageObjects.MyPage.getEditaccinfo(MyPage.java:22)
at pageObjects.MyPage.getEditaccinfo(MyPage.java:22)
at pageObjects.MyPage.getEditaccinfo(MyPage.java:22)
at pageObjects.MyPage.getEditaccinfo(MyPage.java:22)
at pageObjects.MyPage.getEditaccinfo(MyPage.java:22)
at pageObjects.MyPage.getEditaccinfo(MyPage.java:22)
at pageObjects.MyPage.getEditaccinfo(MyPage.java:22)
at pageObjects.MyPage.getEditaccinfo(MyPage.java:22)
at pageObjects.MyPage.getEditaccinfo(MyPage.java:22)
at pageObjects.MyPage.getEditaccinfo(MyPage.java:22)
at pageObjects.MyPage.getEditaccinfo(MyPage.java:22)
at pageObjects.MyPage.getEditaccinfo(MyPage.java:22)
at pageObjects.MyPage.getEditaccinfo(MyPage.java:22)
at pageObjects.MyPage.getEditaccinfo(MyPage.java:22)
at pageObjects.MyPage.getEditaccinfo(MyPage.java:22)
at pageObjects.MyPage.getEditaccinfo(MyPage.java:22)
at pageObjects.MyPage.getEditaccinfo(MyPage.java:22)
at pageObjects.MyPage.getEditaccinfo(MyPage.java:22)
at pageObjects.MyPage.getEditaccinfo(MyPage.java:22)
at pageObjects.MyPage.getEditaccinfo(MyPage.java:22)
at pageObjects.MyPage.getEditaccinfo(MyPage.java:22)
at pageObjects.MyPage.getEditaccinfo(MyPage.java:22)
at pageObjects.MyPage.getEditaccinfo(MyPage.java:22)
at pageObjects.MyPage.getEditaccinfo(MyPage.java:22)
at pageObjects.MyPage.getEditaccinfo(MyPage.java:22)
at pageObjects.MyPage.getEditaccinfo(MyPage.java:22)
at pageObjects.MyPage.getEditaccinfo(MyPage.java:22)
at pageObjects.MyPage.getEditaccinfo(MyPage.java:22)
at pageObjects.MyPage.getEditaccinfo(MyPage.java:22)
at pageObjects.MyPage.getEditaccinfo(MyPage.java:22)
at pageObjects.MyPage.getEditaccinfo(MyPage.java:22)
at pageObjects.MyPage.getEditaccinfo(MyPage.java:22)
at pageObjects.MyPage.getEditaccinfo(MyPage.java:22)
at pageObjects.MyPage.getEditaccinfo(MyPage.java:22)
at pageObjects.MyPage.getEditaccinfo(MyPage.java:22)
at pageObjects.MyPage.getEditaccinfo(MyPage.java:22)
at pageObjects.MyPage.getEditaccinfo(MyPage.java:22)
at pageObjects.MyPage.getEditaccinfo(MyPage.java:22)
at pageObjects.MyPage.getEditaccinfo(MyPage.java:22)
at pageObjects.MyPage.getEditaccinfo(MyPage.java:22)
at pageObjects.MyPage.getEditaccinfo(MyPage.java:22)
at pageObjects.MyPage.getEditaccinfo(MyPage.java:22)
at pageObjects.MyPage.getEditaccinfo(MyPage.java:22)
at pageObjects.MyPage.getEditaccinfo(MyPage.java:22)
at pageObjects.MyPage.getEditaccinfo(MyPage.java:22)
at pageObjects.MyPage.getEditaccinfo(MyPage.java:22)
at pageObjects.MyPage.getEditaccinfo(MyPage.java:22)
at pageObjects.MyPage.getEditaccinfo(MyPage.java:22)
at pageObjects.MyPage.getEditaccinfo(MyPage.java:22)
at pageObjects.MyPage.getEditaccinfo(MyPage.java:22)
at pageObjects.MyPage.getEditaccinfo(MyPage.java:22)
at pageObjects.MyPage.getEditaccinfo(MyPage.java:22)
at pageObjects.MyPage.getEditaccinfo(MyPage.java:22)
at pageObjects.MyPage.getEditaccinfo(MyPage.java:22)
at pageObjects.MyPage.getEditaccinfo(MyPage.java:22)
at pageObjects.MyPage.getEditaccinfo(MyPage.java:22)
at pageObjects.MyPage.getEditaccinfo(MyPage.java:22)
at pageObjects.MyPage.getEditaccinfo(MyPage.java:22)
at pageObjects.MyPage.getEditaccinfo(MyPage.java:22)
at pageObjects.MyPage.getEditaccinfo(MyPage.java:22)
at pageObjects.MyPage.getEditaccinfo(MyPage.java:22)
at pageObjects.MyPage.getEditaccinfo(MyPage.java:22)
at pageObjects.MyPage.getEditaccinfo(MyPage.java:22)
at pageObjects.MyPage.getEditaccinfo(MyPage.java:22)
at pageObjects.MyPage.getEditaccinfo(MyPage.java:22)
at pageObjects.MyPage.getEditaccinfo(MyPage.java:22)
at pageObjects.MyPage.getEditaccinfo(MyPage.java:22)
at pageObjects.MyPage.getEditaccinfo(MyPage.java:22)
at pageObjects.MyPage.getEditaccinfo(MyPage.java:22)
at pageObjects.MyPage.getEditaccinfo(MyPage.java:22)
at pageObjects.MyPage.getEditaccinfo(MyPage.java:22)
at pageObjects.MyPage.getEditaccinfo(MyPage.java:22)
at pageObjects.MyPage.getEditaccinfo(MyPage.java:22)
at pageObjects.MyPage.getEditaccinfo(MyPage.java:22)
at pageObjects.MyPage.getEditaccinfo(MyPage.java:22)
at pageObjects.MyPage.getEditaccinfo(MyPage.java:22)
at pageObjects.MyPage.getEditaccinfo(MyPage.java:22)
at pageObjects.MyPage.getEditaccinfo(MyPage.java:22)
at pageObjects.MyPage.getEditaccinfo(MyPage.java:22)
at pageObjects.MyPage.getEditaccinfo(MyPage.java:22)
at pageObjects.MyPage.getEditaccinfo(MyPage.java:22)
at pageObjects.MyPage.getEditaccinfo(MyPage.java:22)
at pageObjects.MyPage.getEditaccinfo(MyPage.java:22)
at pageObjects.MyPage.getEditaccinfo(MyPage.java:22)
at pageObjects.MyPage.getEditaccinfo(MyPage.java:22)
at pageObjects.MyPage.getEditaccinfo(MyPage.java:22)
at pageObjects.MyPage.getEditaccinfo(MyPage.java:22)
at pageObjects.MyPage.getEditaccinfo(MyPage.java:22)
at pageObjects.MyPage.getEditaccinfo(MyPage.java:22)
at pageObjects.MyPage.getEditaccinfo(MyPage.java:22)
at pageObjects.MyPage.getEditaccinfo(MyPage.java:22)
at pageObjects.MyPage.getEditaccinfo(MyPage.java:22)
at pageObjects.MyPage.getEditaccinfo(MyPage.java:22)
at pageObjects.MyPage.getEditaccinfo(MyPage.java:22)
at pageObjects.MyPage.getEditaccinfo(MyPage.java:22)
at pageObjects.MyPage.getEditaccinfo(MyPage.java:22)
at pageObjects.MyPage.getEditaccinfo(MyPage.java:22)
at pageObjects.MyPage.getEditaccinfo(MyPage.java:22)
at pageObjects.MyPage.getEditaccinfo(MyPage.java:22)
at pageObjects.MyPage.getEditaccinfo(MyPage.java:22)
at pageObjects.MyPage.getEditaccinfo(MyPage.java:22)
at pageObjects.MyPage.getEditaccinfo(MyPage.java:22)
at pageObjects.MyPage.getEditaccinfo(MyPage.java:22)
at pageObjects.MyPage.getEditaccinfo(MyPage.java:22)
at pageObjects.MyPage.getEditaccinfo(MyPage.java:22)
at pageObjects.MyPage.getEditaccinfo(MyPage.java:22)
at pageObjects.MyPage.getEditaccinfo(MyPage.java:22)
at pageObjects.MyPage.getEditaccinfo(MyPage.java:22)
at pageObjects.MyPage.getEditaccinfo(MyPage.java:22)
at pageObjects.MyPage.getEditaccinfo(MyPage.java:22)
at pageObjects.MyPage.getEditaccinfo(MyPage.java:22)
at pageObjects.MyPage.getEditaccinfo(MyPage.java:22)
at pageObjects.MyPage.getEditaccinfo(MyPage.java:22)
at pageObjects.MyPage.getEditaccinfo(MyPage.java:22)
at pageObjects.MyPage.getEditaccinfo(MyPage.java:22)
at pageObjects.MyPage.getEditaccinfo(MyPage.java:22)
at pageObjects.MyPage.getEditaccinfo(MyPage.java:22)
at pageObjects.MyPage.getEditaccinfo(MyPage.java:22)
at pageObjects.MyPage.getEditaccinfo(MyPage.java:22)
at pageObjects.MyPage.getEditaccinfo(MyPage.java:22)
at pageObjects.MyPage.getEditaccinfo(MyPage.java:22)
at pageObjects.MyPage.getEditaccinfo(MyPage.java:22)
at pageObjects.MyPage.getEditaccinfo(MyPage.java:22)
at pageObjects.MyPage.getEditaccinfo(MyPage.java:22)
at pageObjects.MyPage.getEditaccinfo(MyPage.java:22)
at pageObjects.MyPage.getEditaccinfo(MyPage.java:22)
at pageObjects.MyPage.getEditaccinfo(MyPage.java:22)
at pageObjects.MyPage.getEditaccinfo(MyPage.java:22)
at pageObjects.MyPage.getEditaccinfo(MyPage.java:22)
at pageObjects.MyPage.getEditaccinfo(MyPage.java:22)
at pageObjects.MyPage.getEditaccinfo(MyPage.java:22)
at pageObjects.MyPage.getEditaccinfo(MyPage.java:22)
at pageObjects.MyPage.getEditaccinfo(MyPage.java:22)
at pageObjects.MyPage.getEditaccinfo(MyPage.java:22)
at pageObjects.MyPage.getEditaccinfo(MyPage.java:22)
at pageObjects.MyPage.getEditaccinfo(MyPage.java:22)
at pageObjects.MyPage.getEditaccinfo(MyPage.java:22)
at pageObjects.MyPage.getEditaccinfo(MyPage.java:22)
at pageObjects.MyPage.getEditaccinfo(MyPage.java:22)
at pageObjects.MyPage.getEditaccinfo(MyPage.java:22)
at pageObjects.MyPage.getEditaccinfo(MyPage.java:22)
at pageObjects.MyPage.getEditaccinfo(MyPage.java:22)
at pageObjects.MyPage.getEditaccinfo(MyPage.java:22)
at pageObjects.MyPage.getEditaccinfo(MyPage.java:22)
at pageObjects.MyPage.getEditaccinfo(MyPage.java:22)
at pageObjects.MyPage.getEditaccinfo(MyPage.java:22)
at pageObjects.MyPage.getEditaccinfo(MyPage.java:22)
at pageObjects.MyPage.getEditaccinfo(MyPage.java:22)
at pageObjects.MyPage.getEditaccinfo(MyPage.java:22)
at pageObjects.MyPage.getEditaccinfo(MyPage.java:22)
at pageObjects.MyPage.getEditaccinfo(MyPage.java:22)
at pageObjects.MyPage.getEditaccinfo(MyPage.java:22)
at pageObjects.MyPage.getEditaccinfo(MyPage.java:22)
at pageObjects.MyPage.getEditaccinfo(MyPage.java:22)
at pageObjects.MyPage.getEditaccinfo(MyPage.java:22)
at pageObjects.MyPage.getEditaccinfo(MyPage.java:22)
at pageObjects.MyPage.getEditaccinfo(MyPage.java:22)
at pageObjects.MyPage.getEditaccinfo(MyPage.java:22)
at pageObjects.MyPage.getEditaccinfo(MyPage.java:22)
at pageObjects.MyPage.getEditaccinfo(MyPage.java:22)
at pageObjects.MyPage.getEditaccinfo(MyPage.java:22)
at pageObjects.MyPage.getEditaccinfo(MyPage.java:22)
at pageObjects.MyPage.getEditaccinfo(MyPage.java:22)
at pageObjects.MyPage.getEditaccinfo(MyPage.java:22)
at pageObjects.MyPage.getEditaccinfo(MyPage.java:22)
at pageObjects.MyPage.getEditaccinfo(MyPage.java:22)
at pageObjects.MyPage.getEditaccinfo(MyPage.java:22)
at pageObjects.MyPage.getEditaccinfo(MyPage.java:22)
at pageObjects.MyPage.getEditaccinfo(MyPage.java:22)
at pageObjects.MyPage.getEditaccinfo(MyPage.java:22)
at pageObjects.MyPage.getEditaccinfo(MyPage.java:22)
at pageObjects.MyPage.getEditaccinfo(MyPage.java:22)
at pageObjects.MyPage.getEditaccinfo(MyPage.java:22)
at pageObjects.MyPage.getEditaccinfo(MyPage.java:22)
at pageObjects.MyPage.getEditaccinfo(MyPage.java:22)
at pageObjects.MyPage.getEditaccinfo(MyPage.java:22)
at pageObjects.MyPage.getEditaccinfo(MyPage.java:22)
at pageObjects.MyPage.getEditaccinfo(MyPage.java:22)
at pageObjects.MyPage.getEditaccinfo(MyPage.java:22)
at pageObjects.MyPage.getEditaccinfo(MyPage.java:22)
at pageObjects.MyPage.getEditaccinfo(MyPage.java:22)
at pageObjects.MyPage.getEditaccinfo(MyPage.java:22)
at pageObjects.MyPage.getEditaccinfo(MyPage.java:22)
at pageObjects.MyPage.getEditaccinfo(MyPage.java:22)
at pageObjects.MyPage.getEditaccinfo(MyPage.java:22)
at pageObjects.MyPage.getEditaccinfo(MyPage.java:22)
at pageObjects.MyPage.getEditaccinfo(MyPage.java:22)
at pageObjects.MyPage.getEditaccinfo(MyPage.java:22)
at pageObjects.MyPage.getEditaccinfo(MyPage.java:22)
at pageObjects.MyPage.getEditaccinfo(MyPage.java:22)
at pageObjects.MyPage.getEditaccinfo(MyPage.java:22)
at pageObjects.MyPage.getEditaccinfo(MyPage.java:22)
at pageObjects.MyPage.getEditaccinfo(MyPage.java:22)
at pageObjects.MyPage.getEditaccinfo(MyPage.java:22)
at pageObjects.MyPage.getEditaccinfo(MyPage.java:22)
at pageObjects.MyPage.getEditaccinfo(MyPage.java:22)
at pageObjects.MyPage.getEditaccinfo(MyPage.java:22)
at pageObjects.MyPage.getEditaccinfo(MyPage.java:22)
at pageObjects.MyPage.getEditaccinfo(MyPage.java:22)
at pageObjects.MyPage.getEditaccinfo(MyPage.java:22)
at pageObjects.MyPage.getEditaccinfo(MyPage.java:22)
at pageObjects.MyPage.getEditaccinfo(MyPage.java:22)
at pageObjects.MyPage.getEditaccinfo(MyPage.java:22)
at pageObjects.MyPage.getEditaccinfo(MyPage.java:22)
at pageObjects.MyPage.getEditaccinfo(MyPage.java:22)
at pageObjects.MyPage.getEditaccinfo(MyPage.java:22)
at pageObjects.MyPage.getEditaccinfo(MyPage.java:22)
at pageObjects.MyPage.getEditaccinfo(MyPage.java:22)
at pageObjects.MyPage.getEditaccinfo(MyPage.java:22)
at pageObjects.MyPage.getEditaccinfo(MyPage.java:22)
at pageObjects.MyPage.getEditaccinfo(MyPage.java:22)
at pageObjects.MyPage.getEditaccinfo(MyPage.java:22)
at pageObjects.MyPage.getEditaccinfo(MyPage.java:22)
at pageObjects.MyPage.getEditaccinfo(MyPage.java:22)
at pageObjects.MyPage.getEditaccinfo(MyPage.java:22)
at pageObjects.MyPage.getEditaccinfo(MyPage.java:22)
at pageObjects.MyPage.getEditaccinfo(MyPage.java:22)
at pageObjects.MyPage.getEditaccinfo(MyPage.java:22)
at pageObjects.MyPage.getEditaccinfo(MyPage.java:22)
at pageObjects.MyPage.getEditaccinfo(MyPage.java:22)
at pageObjects.MyPage.getEditaccinfo(MyPage.java:22)
at pageObjects.MyPage.getEditaccinfo(MyPage.java:22)
at pageObjects.MyPage.getEditaccinfo(MyPage.java:22)
at pageObjects.MyPage.getEditaccinfo(MyPage.java:22)
at pageObjects.MyPage.getEditaccinfo(MyPage.java:22)
at pageObjects.MyPage.getEditaccinfo(MyPage.java:22)
at pageObjects.MyPage.getEditaccinfo(MyPage.java:22)
at pageObjects.MyPage.getEditaccinfo(MyPage.java:22)
at pageObjects.MyPage.getEditaccinfo(MyPage.java:22)
at pageObjects.MyPage.getEditaccinfo(MyPage.java:22)
at pageObjects.MyPage.getEditaccinfo(MyPage.java:22)
at pageObjects.MyPage.getEditaccinfo(MyPage.java:22)
at pageObjects.MyPage.getEditaccinfo(MyPage.java:22)
at pageObjects.MyPage.getEditaccinfo(MyPage.java:22)
at pageObjects.MyPage.getEditaccinfo(MyPage.java:22)
at pageObjects.MyPage.getEditaccinfo(MyPage.java:22)
at pageObjects.MyPage.getEditaccinfo(MyPage.java:22)
at pageObjects.MyPage.getEditaccinfo(MyPage.java:22)
at pageObjects.MyPage.getEditaccinfo(MyPage.java:22)
at pageObjects.MyPage.getEditaccinfo(MyPage.java:22)
at pageObjects.MyPage.getEditaccinfo(MyPage.java:22)
at pageObjects.MyPage.getEditaccinfo(MyPage.java:22)
at pageObjects.MyPage.getEditaccinfo(MyPage.java:22)
at pageObjects.MyPage.getEditaccinfo(MyPage.java:22)
at pageObjects.MyPage.getEditaccinfo(MyPage.java:22)
at pageObjects.MyPage.getEditaccinfo(MyPage.java:22)
at pageObjects.MyPage.getEditaccinfo(MyPage.java:22)
at pageObjects.MyPage.getEditaccinfo(MyPage.java:22)
at pageObjects.MyPage.getEditaccinfo(MyPage.java:22)
at pageObjects.MyPage.getEditaccinfo(MyPage.java:22)
at pageObjects.MyPage.getEditaccinfo(MyPage.java:22)
at pageObjects.MyPage.getEditaccinfo(MyPage.java:22)
at pageObjects.MyPage.getEditaccinfo(MyPage.java:22)
at pageObjects.MyPage.getEditaccinfo(MyPage.java:22)
at pageObjects.MyPage.getEditaccinfo(MyPage.java:22)
at pageObjects.MyPage.getEditaccinfo(MyPage.java:22)
at pageObjects.MyPage.getEditaccinfo(MyPage.java:22)
at pageObjects.MyPage.getEditaccinfo(MyPage.java:22)
at pageObjects.MyPage.getEditaccinfo(MyPage.java:22)
at pageObjects.MyPage.getEditaccinfo(MyPage.java:22)
at pageObjects.MyPage.getEditaccinfo(MyPage.java:22)
at pageObjects.MyPage.getEditaccinfo(MyPage.java:22)
at pageObjects.MyPage.getEditaccinfo(MyPage.java:22)
at pageObjects.MyPage.getEditaccinfo(MyPage.java:22)
at pageObjects.MyPage.getEditaccinfo(MyPage.java:22)
at pageObjects.MyPage.getEditaccinfo(MyPage.java:22)
at pageObjects.MyPage.getEditaccinfo(MyPage.java:22)
at pageObjects.MyPage.getEditaccinfo(MyPage.java:22)
at pageObjects.MyPage.getEditaccinfo(MyPage.java:22)
at pageObjects.MyPage.getEditaccinfo(MyPage.java:22)
at pageObjects.MyPage.getEditaccinfo(MyPage.java:22)
at pageObjects.MyPage.getEditaccinfo(MyPage.java:22)
at pageObjects.MyPage.getEditaccinfo(MyPage.java:22)
at pageObjects.MyPage.getEditaccinfo(MyPage.java:22)
at pageObjects.MyPage.getEditaccinfo(MyPage.java:22)
at pageObjects.MyPage.getEditaccinfo(MyPage.java:22)
at pageObjects.MyPage.getEditaccinfo(MyPage.java:22)
at pageObjects.MyPage.getEditaccinfo(MyPage.java:22)
at pageObjects.MyPage.getEditaccinfo(MyPage.java:22)
at pageObjects.MyPage.getEditaccinfo(MyPage.java:22)
at pageObjects.MyPage.getEditaccinfo(MyPage.java:22)
at pageObjects.MyPage.getEditaccinfo(MyPage.java:22)
at pageObjects.MyPage.getEditaccinfo(MyPage.java:22)
at pageObjects.MyPage.getEditaccinfo(MyPage.java:22)
at pageObjects.MyPage.getEditaccinfo(MyPage.java:22)
at pageObjects.MyPage.getEditaccinfo(MyPage.java:22)
at pageObjects.MyPage.getEditaccinfo(MyPage.java:22)
at pageObjects.MyPage.getEditaccinfo(MyPage.java:22)
at pageObjects.MyPage.getEditaccinfo(MyPage.java:22)
at pageObjects.MyPage.getEditaccinfo(MyPage.java:22)
at pageObjects.MyPage.getEditaccinfo(MyPage.java:22)
at pageObjects.MyPage.getEditaccinfo(MyPage.java:22)
at pageObjects.MyPage.getEditaccinfo(MyPage.java:22)
at pageObjects.MyPage.getEditaccinfo(MyPage.java:22)
at pageObjects.MyPage.getEditaccinfo(MyPage.java:22)
at pageObjects.MyPage.getEditaccinfo(MyPage.java:22)
at pageObjects.MyPage.getEditaccinfo(MyPage.java:22)
at pageObjects.MyPage.getEditaccinfo(MyPage.java:22)
at pageObjects.MyPage.getEditaccinfo(MyPage.java:22)
at pageObjects.MyPage.getEditaccinfo(MyPage.java:22)
at pageObjects.MyPage.getEditaccinfo(MyPage.java:22)
at pageObjects.MyPage.getEditaccinfo(MyPage.java:22)
at pageObjects.MyPage.getEditaccinfo(MyPage.java:22)
at pageObjects.MyPage.getEditaccinfo(MyPage.java:22)
at pageObjects.MyPage.getEditaccinfo(MyPage.java:22)
at pageObjects.MyPage.getEditaccinfo(MyPage.java:22)
at pageObjects.MyPage.getEditaccinfo(MyPage.java:22)
at pageObjects.MyPage.getEditaccinfo(MyPage.java:22)
at pageObjects.MyPage.getEditaccinfo(MyPage.java:22)
at pageObjects.MyPage.getEditaccinfo(MyPage.java:22)
at pageObjects.MyPage.getEditaccinfo(MyPage.java:22)
at pageObjects.MyPage.getEditaccinfo(MyPage.java:22)
at pageObjects.MyPage.getEditaccinfo(MyPage.java:22)
at pageObjects.MyPage.getEditaccinfo(MyPage.java:22)
at pageObjects.MyPage.getEditaccinfo(MyPage.java:22)
at pageObjects.MyPage.getEditaccinfo(MyPage.java:22)
at pageObjects.MyPage.getEditaccinfo(MyPage.java:22)
at pageObjects.MyPage.getEditaccinfo(MyPage.java:22)
at pageObjects.MyPage.getEditaccinfo(MyPage.java:22)
at pageObjects.MyPage.getEditaccinfo(MyPage.java:22)
at pageObjects.MyPage.getEditaccinfo(MyPage.java:22)
at pageObjects.MyPage.getEditaccinfo(MyPage.java:22)
at pageObjects.MyPage.getEditaccinfo(MyPage.java:22)
at pageObjects.MyPage.getEditaccinfo(MyPage.java:22)
at pageObjects.MyPage.getEditaccinfo(MyPage.java:22)
at pageObjects.MyPage.getEditaccinfo(MyPage.java:22)
at pageObjects.MyPage.getEditaccinfo(MyPage.java:22)
at pageObjects.MyPage.getEditaccinfo(MyPage.java:22)
at pageObjects.MyPage.getEditaccinfo(MyPage.java:22)
at pageObjects.MyPage.getEditaccinfo(MyPage.java:22)
at pageObjects.MyPage.getEditaccinfo(MyPage.java:22)
at pageObjects.MyPage.getEditaccinfo(MyPage.java:22)
at pageObjects.MyPage.getEditaccinfo(MyPage.java:22)
at pageObjects.MyPage.getEditaccinfo(MyPage.java:22)
at pageObjects.MyPage.getEditaccinfo(MyPage.java:22)
at pageObjects.MyPage.getEditaccinfo(MyPage.java:22)
at pageObjects.MyPage.getEditaccinfo(MyPage.java:22)
at pageObjects.MyPage.getEditaccinfo(MyPage.java:22)
at pageObjects.MyPage.getEditaccinfo(MyPage.java:22)
at pageObjects.MyPage.getEditaccinfo(MyPage.java:22)
at pageObjects.MyPage.getEditaccinfo(MyPage.java:22)
at pageObjects.MyPage.getEditaccinfo(MyPage.java:22)
at pageObjects.MyPage.getEditaccinfo(MyPage.java:22)
at pageObjects.MyPage.getEditaccinfo(MyPage.java:22)
at pageObjects.MyPage.getEditaccinfo(MyPage.java:22)
at pageObjects.MyPage.getEditaccinfo(MyPage.java:22)
at pageObjects.MyPage.getEditaccinfo(MyPage.java:22)
at pageObjects.MyPage.getEditaccinfo(MyPage.java:22)
at pageObjects.MyPage.getEditaccinfo(MyPage.java:22)
at pageObjects.MyPage.getEditaccinfo(MyPage.java:22)
at pageObjects.MyPage.getEditaccinfo(MyPage.java:22)
at pageObjects.MyPage.getEditaccinfo(MyPage.java:22)
at pageObjects.MyPage.getEditaccinfo(MyPage.java:22)
at pageObjects.MyPage.getEditaccinfo(MyPage.java:22)
at pageObjects.MyPage.getEditaccinfo(MyPage.java:22)
at pageObjects.MyPage.getEditaccinfo(MyPage.java:22)
at pageObjects.MyPage.getEditaccinfo(MyPage.java:22)
at pageObjects.MyPage.getEditaccinfo(MyPage.java:22)
at pageObjects.MyPage.getEditaccinfo(MyPage.java:22)
at pageObjects.MyPage.getEditaccinfo(MyPage.java:22)
at pageObjects.MyPage.getEditaccinfo(MyPage.java:22)
at pageObjects.MyPage.getEditaccinfo(MyPage.java:22)
at pageObjects.MyPage.getEditaccinfo(MyPage.java:22)
at pageObjects.MyPage.getEditaccinfo(MyPage.java:22)
at pageObjects.MyPage.getEditaccinfo(MyPage.java:22)
at pageObjects.MyPage.getEditaccinfo(MyPage.java:22)
at pageObjects.MyPage.getEditaccinfo(MyPage.java:22)
at pageObjects.MyPage.getEditaccinfo(MyPage.java:22)
at pageObjects.MyPage.getEditaccinfo(MyPage.java:22)
at pageObjects.MyPage.getEditaccinfo(MyPage.java:22)
at pageObjects.MyPage.getEditaccinfo(MyPage.java:22)
at pageObjects.MyPage.getEditaccinfo(MyPage.java:22)
at pageObjects.MyPage.getEditaccinfo(MyPage.java:22)
at pageObjects.MyPage.getEditaccinfo(MyPage.java:22)
at pageObjects.MyPage.getEditaccinfo(MyPage.java:22)
at pageObjects.MyPage.getEditaccinfo(MyPage.java:22)
at pageObjects.MyPage.getEditaccinfo(MyPage.java:22)
at pageObjects.MyPage.getEditaccinfo(MyPage.java:22)
at pageObjects.MyPage.getEditaccinfo(MyPage.java:22)
at pageObjects.MyPage.getEditaccinfo(MyPage.java:22)
at pageObjects.MyPage.getEditaccinfo(MyPage.java:22)
at pageObjects.MyPage.getEditaccinfo(MyPage.java:22)
at pageObjects.MyPage.getEditaccinfo(MyPage.java:22)
at pageObjects.MyPage.getEditaccinfo(MyPage.java:22)
at pageObjects.MyPage.getEditaccinfo(MyPage.java:22)
at pageObjects.MyPage.getEditaccinfo(MyPage.java:22)
at pageObjects.MyPage.getEditaccinfo(MyPage.java:22)
at pageObjects.MyPage.getEditaccinfo(MyPage.java:22)
at pageObjects.MyPage.getEditaccinfo(MyPage.java:22)
at pageObjects.MyPage.getEditaccinfo(MyPage.java:22)
at pageObjects.MyPage.getEditaccinfo(MyPage.java:22)
at pageObjects.MyPage.getEditaccinfo(MyPage.java:22)
at pageObjects.MyPage.getEditaccinfo(MyPage.java:22)
at pageObjects.MyPage.getEditaccinfo(MyPage.java:22)
at pageObjects.MyPage.getEditaccinfo(MyPage.java:22)
at pageObjects.MyPage.getEditaccinfo(MyPage.java:22)
at pageObjects.MyPage.getEditaccinfo(MyPage.java:22)
at pageObjects.MyPage.getEditaccinfo(MyPage.java:22)
at pageObjects.MyPage.getEditaccinfo(MyPage.java:22)
at pageObjects.MyPage.getEditaccinfo(MyPage.java:22)
at pageObjects.MyPage.getEditaccinfo(MyPage.java:22)
at pageObjects.MyPage.getEditaccinfo(MyPage.java:22)
at pageObjects.MyPage.getEditaccinfo(MyPage.java:22)
at pageObjects.MyPage.getEditaccinfo(MyPage.java:22)
at pageObjects.MyPage.getEditaccinfo(MyPage.java:22)
at pageObjects.MyPage.getEditaccinfo(MyPage.java:22)
at pageObjects.MyPage.getEditaccinfo(MyPage.java:22)
at pageObjects.MyPage.getEditaccinfo(MyPage.java:22)
at pageObjects.MyPage.getEditaccinfo(MyPage.java:22)
at pageObjects.MyPage.getEditaccinfo(MyPage.java:22)
at pageObjects.MyPage.getEditaccinfo(MyPage.java:22)
at pageObjects.MyPage.getEditaccinfo(MyPage.java:22)
at pageObjects.MyPage.getEditaccinfo(MyPage.java:22)
at pageObjects.MyPage.getEditaccinfo(MyPage.java:22)
at pageObjects.MyPage.getEditaccinfo(MyPage.java:22)
at pageObjects.MyPage.getEditaccinfo(MyPage.java:22)
at pageObjects.MyPage.getEditaccinfo(MyPage.java:22)
at pageObjects.MyPage.getEditaccinfo(MyPage.java:22)
at pageObjects.MyPage.getEditaccinfo(MyPage.java:22)
at pageObjects.MyPage.getEditaccinfo(MyPage.java:22)
at pageObjects.MyPage.getEditaccinfo(MyPage.java:22)
]]>
    </error>
  </testcase> <!-- login -->
  <system-out/>
</testsuite> <!-- Tests.LoginTest -->
